{"C:\\Users\\RominaSaez\\OneDrive - 3it Ingenieria y Desarrollo Ltda\\Escritorio\\chatbot-screening\\backend\\src\\config\\database.js": {"path":"C:\\Users\\RominaSaez\\OneDrive - 3it Ingenieria y Desarrollo Ltda\\Escritorio\\chatbot-screening\\backend\\src\\config\\database.js","statementMap":{"0":{"start":{"line":6,"column":14},"end":{"line":6,"column":39}},"1":{"start":{"line":9,"column":11},"end":{"line":9,"column":15}},"2":{"start":{"line":14,"column":19},"end":{"line":25,"column":1}},"3":{"start":{"line":32,"column":16},"end":{"line":51,"column":1}},"4":{"start":{"line":33,"column":2},"end":{"line":50,"column":3}},"5":{"start":{"line":34,"column":4},"end":{"line":44,"column":5}},"6":{"start":{"line":35,"column":6},"end":{"line":35,"column":62}},"7":{"start":{"line":36,"column":6},"end":{"line":36,"column":42}},"8":{"start":{"line":39,"column":25},"end":{"line":39,"column":51}},"9":{"start":{"line":40,"column":6},"end":{"line":40,"column":68}},"10":{"start":{"line":41,"column":6},"end":{"line":41,"column":62}},"11":{"start":{"line":42,"column":6},"end":{"line":42,"column":49}},"12":{"start":{"line":43,"column":6},"end":{"line":43,"column":27}},"13":{"start":{"line":46,"column":4},"end":{"line":46,"column":16}},"14":{"start":{"line":48,"column":4},"end":{"line":48,"column":76}},"15":{"start":{"line":49,"column":4},"end":{"line":49,"column":16}},"16":{"start":{"line":57,"column":18},"end":{"line":68,"column":1}},"17":{"start":{"line":58,"column":2},"end":{"line":67,"column":3}},"18":{"start":{"line":59,"column":4},"end":{"line":63,"column":5}},"19":{"start":{"line":60,"column":6},"end":{"line":60,"column":23}},"20":{"start":{"line":61,"column":6},"end":{"line":61,"column":18}},"21":{"start":{"line":62,"column":6},"end":{"line":62,"column":64}},"22":{"start":{"line":65,"column":4},"end":{"line":65,"column":77}},"23":{"start":{"line":66,"column":4},"end":{"line":66,"column":16}},"24":{"start":{"line":74,"column":24},"end":{"line":85,"column":1}},"25":{"start":{"line":75,"column":2},"end":{"line":84,"column":3}},"26":{"start":{"line":76,"column":25},"end":{"line":76,"column":40}},"27":{"start":{"line":77,"column":23},"end":{"line":77,"column":57}},"28":{"start":{"line":78,"column":4},"end":{"line":78,"column":28}},"29":{"start":{"line":79,"column":4},"end":{"line":79,"column":25}},"30":{"start":{"line":80,"column":4},"end":{"line":80,"column":16}},"31":{"start":{"line":82,"column":4},"end":{"line":82,"column":70}},"32":{"start":{"line":83,"column":4},"end":{"line":83,"column":17}},"33":{"start":{"line":87,"column":0},"end":{"line":91,"column":2}}},"fnMap":{"0":{"name":"(anonymous_0)","decl":{"start":{"line":32,"column":16},"end":{"line":32,"column":17}},"loc":{"start":{"line":32,"column":28},"end":{"line":51,"column":1}},"line":32},"1":{"name":"(anonymous_1)","decl":{"start":{"line":57,"column":18},"end":{"line":57,"column":19}},"loc":{"start":{"line":57,"column":30},"end":{"line":68,"column":1}},"line":57},"2":{"name":"(anonymous_2)","decl":{"start":{"line":74,"column":24},"end":{"line":74,"column":25}},"loc":{"start":{"line":74,"column":36},"end":{"line":85,"column":1}},"line":74}},"branchMap":{"0":{"loc":{"start":{"line":15,"column":8},"end":{"line":15,"column":42}},"type":"binary-expr","locations":[{"start":{"line":15,"column":8},"end":{"line":15,"column":27}},{"start":{"line":15,"column":31},"end":{"line":15,"column":42}}],"line":15},"1":{"loc":{"start":{"line":16,"column":8},"end":{"line":16,"column":37}},"type":"binary-expr","locations":[{"start":{"line":16,"column":8},"end":{"line":16,"column":27}},{"start":{"line":16,"column":31},"end":{"line":16,"column":37}}],"line":16},"2":{"loc":{"start":{"line":17,"column":12},"end":{"line":17,"column":41}},"type":"binary-expr","locations":[{"start":{"line":17,"column":12},"end":{"line":17,"column":35}},{"start":{"line":17,"column":39},"end":{"line":17,"column":41}}],"line":17},"3":{"loc":{"start":{"line":18,"column":12},"end":{"line":18,"column":54}},"type":"binary-expr","locations":[{"start":{"line":18,"column":12},"end":{"line":18,"column":31}},{"start":{"line":18,"column":35},"end":{"line":18,"column":54}}],"line":18},"4":{"loc":{"start":{"line":34,"column":4},"end":{"line":44,"column":5}},"type":"if","locations":[{"start":{"line":34,"column":4},"end":{"line":44,"column":5}},{"start":{},"end":{}}],"line":34},"5":{"loc":{"start":{"line":59,"column":4},"end":{"line":63,"column":5}},"type":"if","locations":[{"start":{"line":59,"column":4},"end":{"line":63,"column":5}},{"start":{},"end":{}}],"line":59}},"s":{"0":0,"1":0,"2":0,"3":0,"4":0,"5":0,"6":0,"7":0,"8":0,"9":0,"10":0,"11":0,"12":0,"13":0,"14":0,"15":0,"16":0,"17":0,"18":0,"19":0,"20":0,"21":0,"22":0,"23":0,"24":0,"25":0,"26":0,"27":0,"28":0,"29":0,"30":0,"31":0,"32":0,"33":0},"f":{"0":0,"1":0,"2":0},"b":{"0":[0,0],"1":[0,0],"2":[0,0],"3":[0,0],"4":[0,0],"5":[0,0]}}
,"C:\\Users\\RominaSaez\\OneDrive - 3it Ingenieria y Desarrollo Ltda\\Escritorio\\chatbot-screening\\backend\\src\\config\\testConnection.js": {"path":"C:\\Users\\RominaSaez\\OneDrive - 3it Ingenieria y Desarrollo Ltda\\Escritorio\\chatbot-screening\\backend\\src\\config\\testConnection.js","statementMap":{"0":{"start":{"line":7,"column":0},"end":{"line":7,"column":27}},"1":{"start":{"line":9,"column":48},"end":{"line":9,"column":69}},"2":{"start":{"line":14,"column":31},"end":{"line":93,"column":1}},"3":{"start":{"line":15,"column":2},"end":{"line":15,"column":81}},"4":{"start":{"line":16,"column":2},"end":{"line":16,"column":78}},"5":{"start":{"line":17,"column":2},"end":{"line":17,"column":81}},"6":{"start":{"line":19,"column":2},"end":{"line":19,"column":35}},"7":{"start":{"line":20,"column":2},"end":{"line":20,"column":49}},"8":{"start":{"line":21,"column":2},"end":{"line":21,"column":52}},"9":{"start":{"line":22,"column":2},"end":{"line":22,"column":58}},"10":{"start":{"line":23,"column":2},"end":{"line":23,"column":73}},"11":{"start":{"line":25,"column":2},"end":{"line":92,"column":3}},"12":{"start":{"line":27,"column":4},"end":{"line":27,"column":55}},"13":{"start":{"line":28,"column":17},"end":{"line":28,"column":32}},"14":{"start":{"line":31,"column":24},"end":{"line":31,"column":47}},"15":{"start":{"line":33,"column":4},"end":{"line":69,"column":5}},"16":{"start":{"line":34,"column":6},"end":{"line":34,"column":85}},"17":{"start":{"line":35,"column":6},"end":{"line":35,"column":81}},"18":{"start":{"line":36,"column":6},"end":{"line":36,"column":85}},"19":{"start":{"line":39,"column":25},"end":{"line":39,"column":51}},"20":{"start":{"line":40,"column":21},"end":{"line":40,"column":74}},"21":{"start":{"line":41,"column":6},"end":{"line":41,"column":61}},"22":{"start":{"line":44,"column":26},"end":{"line":47,"column":7}},"23":{"start":{"line":49,"column":6},"end":{"line":61,"column":7}},"24":{"start":{"line":50,"column":8},"end":{"line":50,"column":75}},"25":{"start":{"line":53,"column":25},"end":{"line":56,"column":9}},"26":{"start":{"line":57,"column":8},"end":{"line":57,"column":63}},"27":{"start":{"line":59,"column":8},"end":{"line":59,"column":76}},"28":{"start":{"line":60,"column":8},"end":{"line":60,"column":59}},"29":{"start":{"line":63,"column":6},"end":{"line":63,"column":27}},"30":{"start":{"line":66,"column":6},"end":{"line":66,"column":85}},"31":{"start":{"line":67,"column":6},"end":{"line":67,"column":81}},"32":{"start":{"line":68,"column":6},"end":{"line":68,"column":85}},"33":{"start":{"line":72,"column":4},"end":{"line":72,"column":83}},"34":{"start":{"line":73,"column":4},"end":{"line":73,"column":79}},"35":{"start":{"line":74,"column":4},"end":{"line":74,"column":83}},"36":{"start":{"line":76,"column":4},"end":{"line":76,"column":44}},"37":{"start":{"line":77,"column":4},"end":{"line":77,"column":50}},"38":{"start":{"line":78,"column":4},"end":{"line":78,"column":55}},"39":{"start":{"line":80,"column":4},"end":{"line":80,"column":45}},"40":{"start":{"line":81,"column":4},"end":{"line":81,"column":62}},"41":{"start":{"line":82,"column":4},"end":{"line":82,"column":68}},"42":{"start":{"line":83,"column":4},"end":{"line":83,"column":66}},"43":{"start":{"line":84,"column":4},"end":{"line":84,"column":65}},"44":{"start":{"line":85,"column":4},"end":{"line":85,"column":72}},"45":{"start":{"line":89,"column":4},"end":{"line":89,"column":22}},"46":{"start":{"line":90,"column":4},"end":{"line":90,"column":42}},"47":{"start":{"line":91,"column":4},"end":{"line":91,"column":20}},"48":{"start":{"line":96,"column":0},"end":{"line":96,"column":25}}},"fnMap":{"0":{"name":"(anonymous_0)","decl":{"start":{"line":14,"column":31},"end":{"line":14,"column":32}},"loc":{"start":{"line":14,"column":43},"end":{"line":93,"column":1}},"line":14}},"branchMap":{"0":{"loc":{"start":{"line":23,"column":28},"end":{"line":23,"column":67}},"type":"binary-expr","locations":[{"start":{"line":23,"column":28},"end":{"line":23,"column":47}},{"start":{"line":23,"column":51},"end":{"line":23,"column":67}}],"line":23},"1":{"loc":{"start":{"line":33,"column":4},"end":{"line":69,"column":5}},"type":"if","locations":[{"start":{"line":33,"column":4},"end":{"line":69,"column":5}},{"start":{"line":65,"column":11},"end":{"line":69,"column":5}}],"line":33},"2":{"loc":{"start":{"line":49,"column":6},"end":{"line":61,"column":7}},"type":"if","locations":[{"start":{"line":49,"column":6},"end":{"line":61,"column":7}},{"start":{"line":58,"column":13},"end":{"line":61,"column":7}}],"line":49},"3":{"loc":{"start":{"line":78,"column":32},"end":{"line":78,"column":51}},"type":"binary-expr","locations":[{"start":{"line":78,"column":32},"end":{"line":78,"column":42}},{"start":{"line":78,"column":46},"end":{"line":78,"column":51}}],"line":78}},"s":{"0":0,"1":0,"2":0,"3":0,"4":0,"5":0,"6":0,"7":0,"8":0,"9":0,"10":0,"11":0,"12":0,"13":0,"14":0,"15":0,"16":0,"17":0,"18":0,"19":0,"20":0,"21":0,"22":0,"23":0,"24":0,"25":0,"26":0,"27":0,"28":0,"29":0,"30":0,"31":0,"32":0,"33":0,"34":0,"35":0,"36":0,"37":0,"38":0,"39":0,"40":0,"41":0,"42":0,"43":0,"44":0,"45":0,"46":0,"47":0,"48":0},"f":{"0":0},"b":{"0":[0,0],"1":[0,0],"2":[0,0],"3":[0,0]}}
,"C:\\Users\\RominaSaez\\OneDrive - 3it Ingenieria y Desarrollo Ltda\\Escritorio\\chatbot-screening\\backend\\src\\modules\\chatbot\\controllers\\configController.js": {"path":"C:\\Users\\RominaSaez\\OneDrive - 3it Ingenieria y Desarrollo Ltda\\Escritorio\\chatbot-screening\\backend\\src\\modules\\chatbot\\controllers\\configController.js","statementMap":{"0":{"start":{"line":6,"column":25},"end":{"line":6,"column":68}},"1":{"start":{"line":7,"column":28},"end":{"line":7,"column":74}},"2":{"start":{"line":17,"column":21},"end":{"line":37,"column":1}},"3":{"start":{"line":18,"column":2},"end":{"line":36,"column":3}},"4":{"start":{"line":20,"column":24},"end":{"line":20,"column":53}},"5":{"start":{"line":21,"column":21},"end":{"line":21,"column":69}},"6":{"start":{"line":24,"column":4},"end":{"line":27,"column":5}},"7":{"start":{"line":25,"column":24},"end":{"line":25,"column":85}},"8":{"start":{"line":26,"column":6},"end":{"line":26,"column":36}},"9":{"start":{"line":29,"column":4},"end":{"line":33,"column":7}},"10":{"start":{"line":35,"column":4},"end":{"line":35,"column":16}},"11":{"start":{"line":43,"column":21},"end":{"line":66,"column":1}},"12":{"start":{"line":44,"column":2},"end":{"line":65,"column":3}},"13":{"start":{"line":45,"column":19},"end":{"line":45,"column":29}},"14":{"start":{"line":46,"column":20},"end":{"line":46,"column":59}},"15":{"start":{"line":48,"column":4},"end":{"line":53,"column":5}},"16":{"start":{"line":49,"column":6},"end":{"line":52,"column":9}},"17":{"start":{"line":56,"column":22},"end":{"line":56,"column":75}},"18":{"start":{"line":57,"column":4},"end":{"line":57,"column":34}},"19":{"start":{"line":59,"column":4},"end":{"line":62,"column":7}},"20":{"start":{"line":64,"column":4},"end":{"line":64,"column":16}},"21":{"start":{"line":72,"column":14},"end":{"line":133,"column":1}},"22":{"start":{"line":73,"column":2},"end":{"line":132,"column":3}},"23":{"start":{"line":74,"column":4},"end":{"line":74,"column":48}},"24":{"start":{"line":75,"column":4},"end":{"line":75,"column":72}},"25":{"start":{"line":77,"column":18},"end":{"line":77,"column":26}},"26":{"start":{"line":80,"column":4},"end":{"line":85,"column":5}},"27":{"start":{"line":81,"column":6},"end":{"line":84,"column":9}},"28":{"start":{"line":88,"column":19},"end":{"line":88,"column":72}},"29":{"start":{"line":89,"column":4},"end":{"line":94,"column":5}},"30":{"start":{"line":90,"column":6},"end":{"line":93,"column":9}},"31":{"start":{"line":97,"column":22},"end":{"line":97,"column":43}},"32":{"start":{"line":98,"column":4},"end":{"line":98,"column":61}},"33":{"start":{"line":99,"column":4},"end":{"line":99,"column":75}},"34":{"start":{"line":100,"column":4},"end":{"line":100,"column":27}},"35":{"start":{"line":103,"column":20},"end":{"line":103,"column":55}},"36":{"start":{"line":104,"column":4},"end":{"line":104,"column":53}},"37":{"start":{"line":107,"column":4},"end":{"line":119,"column":5}},"38":{"start":{"line":108,"column":6},"end":{"line":108,"column":68}},"39":{"start":{"line":109,"column":6},"end":{"line":116,"column":7}},"40":{"start":{"line":109,"column":19},"end":{"line":109,"column":20}},"41":{"start":{"line":110,"column":25},"end":{"line":110,"column":37}},"42":{"start":{"line":111,"column":8},"end":{"line":111,"column":37}},"43":{"start":{"line":112,"column":8},"end":{"line":112,"column":31}},"44":{"start":{"line":113,"column":8},"end":{"line":113,"column":76}},"45":{"start":{"line":114,"column":27},"end":{"line":114,"column":68}},"46":{"start":{"line":115,"column":8},"end":{"line":115,"column":63}},"47":{"start":{"line":118,"column":6},"end":{"line":118,"column":54}},"48":{"start":{"line":122,"column":20},"end":{"line":122,"column":64}},"49":{"start":{"line":123,"column":4},"end":{"line":123,"column":83}},"50":{"start":{"line":125,"column":4},"end":{"line":129,"column":7}},"51":{"start":{"line":131,"column":4},"end":{"line":131,"column":16}},"52":{"start":{"line":139,"column":19},"end":{"line":203,"column":1}},"53":{"start":{"line":140,"column":2},"end":{"line":202,"column":3}},"54":{"start":{"line":141,"column":19},"end":{"line":141,"column":29}},"55":{"start":{"line":142,"column":18},"end":{"line":142,"column":26}},"56":{"start":{"line":145,"column":20},"end":{"line":145,"column":59}},"57":{"start":{"line":146,"column":4},"end":{"line":151,"column":5}},"58":{"start":{"line":147,"column":6},"end":{"line":150,"column":9}},"59":{"start":{"line":154,"column":4},"end":{"line":162,"column":5}},"60":{"start":{"line":155,"column":21},"end":{"line":155,"column":74}},"61":{"start":{"line":156,"column":6},"end":{"line":161,"column":7}},"62":{"start":{"line":157,"column":8},"end":{"line":160,"column":11}},"63":{"start":{"line":165,"column":22},"end":{"line":165,"column":43}},"64":{"start":{"line":166,"column":4},"end":{"line":166,"column":27}},"65":{"start":{"line":169,"column":4},"end":{"line":169,"column":49}},"66":{"start":{"line":172,"column":4},"end":{"line":189,"column":5}},"67":{"start":{"line":174,"column":34},"end":{"line":174,"column":87}},"68":{"start":{"line":177,"column":6},"end":{"line":179,"column":7}},"69":{"start":{"line":178,"column":8},"end":{"line":178,"column":56}},"70":{"start":{"line":182,"column":6},"end":{"line":188,"column":7}},"71":{"start":{"line":182,"column":19},"end":{"line":182,"column":20}},"72":{"start":{"line":183,"column":25},"end":{"line":183,"column":37}},"73":{"start":{"line":184,"column":8},"end":{"line":184,"column":32}},"74":{"start":{"line":185,"column":8},"end":{"line":185,"column":31}},"75":{"start":{"line":186,"column":8},"end":{"line":186,"column":27}},"76":{"start":{"line":187,"column":8},"end":{"line":187,"column":50}},"77":{"start":{"line":192,"column":31},"end":{"line":192,"column":70}},"78":{"start":{"line":193,"column":4},"end":{"line":193,"column":89}},"79":{"start":{"line":195,"column":4},"end":{"line":199,"column":7}},"80":{"start":{"line":201,"column":4},"end":{"line":201,"column":16}},"81":{"start":{"line":209,"column":17},"end":{"line":241,"column":1}},"82":{"start":{"line":210,"column":2},"end":{"line":240,"column":3}},"83":{"start":{"line":211,"column":19},"end":{"line":211,"column":29}},"84":{"start":{"line":212,"column":27},"end":{"line":212,"column":36}},"85":{"start":{"line":215,"column":20},"end":{"line":215,"column":59}},"86":{"start":{"line":216,"column":4},"end":{"line":221,"column":5}},"87":{"start":{"line":217,"column":6},"end":{"line":220,"column":9}},"88":{"start":{"line":223,"column":4},"end":{"line":237,"column":5}},"89":{"start":{"line":225,"column":6},"end":{"line":225,"column":42}},"90":{"start":{"line":226,"column":6},"end":{"line":229,"column":9}},"91":{"start":{"line":232,"column":6},"end":{"line":232,"column":44}},"92":{"start":{"line":233,"column":6},"end":{"line":236,"column":9}},"93":{"start":{"line":239,"column":4},"end":{"line":239,"column":16}},"94":{"start":{"line":251,"column":25},"end":{"line":275,"column":1}},"95":{"start":{"line":252,"column":2},"end":{"line":274,"column":3}},"96":{"start":{"line":253,"column":19},"end":{"line":253,"column":29}},"97":{"start":{"line":254,"column":24},"end":{"line":254,"column":52}},"98":{"start":{"line":257,"column":20},"end":{"line":257,"column":59}},"99":{"start":{"line":258,"column":4},"end":{"line":263,"column":5}},"100":{"start":{"line":259,"column":6},"end":{"line":262,"column":9}},"101":{"start":{"line":265,"column":22},"end":{"line":265,"column":81}},"102":{"start":{"line":267,"column":4},"end":{"line":271,"column":7}},"103":{"start":{"line":273,"column":4},"end":{"line":273,"column":16}},"104":{"start":{"line":281,"column":29},"end":{"line":301,"column":1}},"105":{"start":{"line":282,"column":2},"end":{"line":300,"column":3}},"106":{"start":{"line":283,"column":27},"end":{"line":283,"column":37}},"107":{"start":{"line":285,"column":21},"end":{"line":285,"column":71}},"108":{"start":{"line":287,"column":4},"end":{"line":292,"column":5}},"109":{"start":{"line":288,"column":6},"end":{"line":291,"column":9}},"110":{"start":{"line":294,"column":4},"end":{"line":297,"column":7}},"111":{"start":{"line":299,"column":4},"end":{"line":299,"column":16}},"112":{"start":{"line":307,"column":22},"end":{"line":349,"column":1}},"113":{"start":{"line":308,"column":2},"end":{"line":348,"column":3}},"114":{"start":{"line":309,"column":19},"end":{"line":309,"column":29}},"115":{"start":{"line":310,"column":18},"end":{"line":310,"column":26}},"116":{"start":{"line":313,"column":20},"end":{"line":313,"column":59}},"117":{"start":{"line":314,"column":4},"end":{"line":319,"column":5}},"118":{"start":{"line":315,"column":6},"end":{"line":318,"column":9}},"119":{"start":{"line":322,"column":4},"end":{"line":327,"column":5}},"120":{"start":{"line":323,"column":6},"end":{"line":326,"column":9}},"121":{"start":{"line":330,"column":4},"end":{"line":330,"column":25}},"122":{"start":{"line":333,"column":4},"end":{"line":336,"column":5}},"123":{"start":{"line":334,"column":29},"end":{"line":334,"column":65}},"124":{"start":{"line":335,"column":6},"end":{"line":335,"column":35}},"125":{"start":{"line":338,"column":28},"end":{"line":338,"column":66}},"126":{"start":{"line":339,"column":21},"end":{"line":339,"column":76}},"127":{"start":{"line":341,"column":4},"end":{"line":345,"column":7}},"128":{"start":{"line":347,"column":4},"end":{"line":347,"column":16}},"129":{"start":{"line":355,"column":27},"end":{"line":380,"column":1}},"130":{"start":{"line":356,"column":2},"end":{"line":379,"column":3}},"131":{"start":{"line":357,"column":27},"end":{"line":357,"column":37}},"132":{"start":{"line":358,"column":18},"end":{"line":358,"column":26}},"133":{"start":{"line":361,"column":21},"end":{"line":361,"column":71}},"134":{"start":{"line":362,"column":4},"end":{"line":367,"column":5}},"135":{"start":{"line":363,"column":6},"end":{"line":366,"column":9}},"136":{"start":{"line":369,"column":4},"end":{"line":369,"column":60}},"137":{"start":{"line":370,"column":32},"end":{"line":370,"column":82}},"138":{"start":{"line":372,"column":4},"end":{"line":376,"column":7}},"139":{"start":{"line":378,"column":4},"end":{"line":378,"column":16}},"140":{"start":{"line":386,"column":25},"end":{"line":408,"column":1}},"141":{"start":{"line":387,"column":2},"end":{"line":407,"column":3}},"142":{"start":{"line":388,"column":27},"end":{"line":388,"column":37}},"143":{"start":{"line":391,"column":21},"end":{"line":391,"column":71}},"144":{"start":{"line":392,"column":4},"end":{"line":397,"column":5}},"145":{"start":{"line":393,"column":6},"end":{"line":396,"column":9}},"146":{"start":{"line":399,"column":4},"end":{"line":399,"column":51}},"147":{"start":{"line":401,"column":4},"end":{"line":404,"column":7}},"148":{"start":{"line":406,"column":4},"end":{"line":406,"column":16}},"149":{"start":{"line":414,"column":27},"end":{"line":435,"column":1}},"150":{"start":{"line":415,"column":2},"end":{"line":434,"column":3}},"151":{"start":{"line":416,"column":19},"end":{"line":416,"column":29}},"152":{"start":{"line":417,"column":22},"end":{"line":417,"column":30}},"153":{"start":{"line":419,"column":4},"end":{"line":424,"column":5}},"154":{"start":{"line":420,"column":6},"end":{"line":423,"column":9}},"155":{"start":{"line":426,"column":4},"end":{"line":426,"column":51}},"156":{"start":{"line":428,"column":4},"end":{"line":431,"column":7}},"157":{"start":{"line":433,"column":4},"end":{"line":433,"column":16}},"158":{"start":{"line":437,"column":0},"end":{"line":452,"column":2}}},"fnMap":{"0":{"name":"(anonymous_0)","decl":{"start":{"line":17,"column":21},"end":{"line":17,"column":22}},"loc":{"start":{"line":17,"column":47},"end":{"line":37,"column":1}},"line":17},"1":{"name":"(anonymous_1)","decl":{"start":{"line":43,"column":21},"end":{"line":43,"column":22}},"loc":{"start":{"line":43,"column":47},"end":{"line":66,"column":1}},"line":43},"2":{"name":"(anonymous_2)","decl":{"start":{"line":72,"column":14},"end":{"line":72,"column":15}},"loc":{"start":{"line":72,"column":40},"end":{"line":133,"column":1}},"line":72},"3":{"name":"(anonymous_3)","decl":{"start":{"line":139,"column":19},"end":{"line":139,"column":20}},"loc":{"start":{"line":139,"column":45},"end":{"line":203,"column":1}},"line":139},"4":{"name":"(anonymous_4)","decl":{"start":{"line":209,"column":17},"end":{"line":209,"column":18}},"loc":{"start":{"line":209,"column":43},"end":{"line":241,"column":1}},"line":209},"5":{"name":"(anonymous_5)","decl":{"start":{"line":251,"column":25},"end":{"line":251,"column":26}},"loc":{"start":{"line":251,"column":51},"end":{"line":275,"column":1}},"line":251},"6":{"name":"(anonymous_6)","decl":{"start":{"line":281,"column":29},"end":{"line":281,"column":30}},"loc":{"start":{"line":281,"column":55},"end":{"line":301,"column":1}},"line":281},"7":{"name":"(anonymous_7)","decl":{"start":{"line":307,"column":22},"end":{"line":307,"column":23}},"loc":{"start":{"line":307,"column":48},"end":{"line":349,"column":1}},"line":307},"8":{"name":"(anonymous_8)","decl":{"start":{"line":355,"column":27},"end":{"line":355,"column":28}},"loc":{"start":{"line":355,"column":53},"end":{"line":380,"column":1}},"line":355},"9":{"name":"(anonymous_9)","decl":{"start":{"line":386,"column":25},"end":{"line":386,"column":26}},"loc":{"start":{"line":386,"column":51},"end":{"line":408,"column":1}},"line":386},"10":{"name":"(anonymous_10)","decl":{"start":{"line":414,"column":27},"end":{"line":414,"column":28}},"loc":{"start":{"line":414,"column":53},"end":{"line":435,"column":1}},"line":414}},"branchMap":{"0":{"loc":{"start":{"line":48,"column":4},"end":{"line":53,"column":5}},"type":"if","locations":[{"start":{"line":48,"column":4},"end":{"line":53,"column":5}},{"start":{},"end":{}}],"line":48},"1":{"loc":{"start":{"line":80,"column":4},"end":{"line":85,"column":5}},"type":"if","locations":[{"start":{"line":80,"column":4},"end":{"line":85,"column":5}},{"start":{},"end":{}}],"line":80},"2":{"loc":{"start":{"line":89,"column":4},"end":{"line":94,"column":5}},"type":"if","locations":[{"start":{"line":89,"column":4},"end":{"line":94,"column":5}},{"start":{},"end":{}}],"line":89},"3":{"loc":{"start":{"line":97,"column":22},"end":{"line":97,"column":43}},"type":"binary-expr","locations":[{"start":{"line":97,"column":22},"end":{"line":97,"column":37}},{"start":{"line":97,"column":41},"end":{"line":97,"column":43}}],"line":97},"4":{"loc":{"start":{"line":107,"column":4},"end":{"line":119,"column":5}},"type":"if","locations":[{"start":{"line":107,"column":4},"end":{"line":119,"column":5}},{"start":{"line":117,"column":11},"end":{"line":119,"column":5}}],"line":107},"5":{"loc":{"start":{"line":146,"column":4},"end":{"line":151,"column":5}},"type":"if","locations":[{"start":{"line":146,"column":4},"end":{"line":151,"column":5}},{"start":{},"end":{}}],"line":146},"6":{"loc":{"start":{"line":154,"column":4},"end":{"line":162,"column":5}},"type":"if","locations":[{"start":{"line":154,"column":4},"end":{"line":162,"column":5}},{"start":{},"end":{}}],"line":154},"7":{"loc":{"start":{"line":154,"column":8},"end":{"line":154,"column":55}},"type":"binary-expr","locations":[{"start":{"line":154,"column":8},"end":{"line":154,"column":20}},{"start":{"line":154,"column":24},"end":{"line":154,"column":55}}],"line":154},"8":{"loc":{"start":{"line":156,"column":6},"end":{"line":161,"column":7}},"type":"if","locations":[{"start":{"line":156,"column":6},"end":{"line":161,"column":7}},{"start":{},"end":{}}],"line":156},"9":{"loc":{"start":{"line":165,"column":22},"end":{"line":165,"column":43}},"type":"binary-expr","locations":[{"start":{"line":165,"column":22},"end":{"line":165,"column":37}},{"start":{"line":165,"column":41},"end":{"line":165,"column":43}}],"line":165},"10":{"loc":{"start":{"line":172,"column":4},"end":{"line":189,"column":5}},"type":"if","locations":[{"start":{"line":172,"column":4},"end":{"line":189,"column":5}},{"start":{},"end":{}}],"line":172},"11":{"loc":{"start":{"line":216,"column":4},"end":{"line":221,"column":5}},"type":"if","locations":[{"start":{"line":216,"column":4},"end":{"line":221,"column":5}},{"start":{},"end":{}}],"line":216},"12":{"loc":{"start":{"line":223,"column":4},"end":{"line":237,"column":5}},"type":"if","locations":[{"start":{"line":223,"column":4},"end":{"line":237,"column":5}},{"start":{"line":230,"column":11},"end":{"line":237,"column":5}}],"line":223},"13":{"loc":{"start":{"line":258,"column":4},"end":{"line":263,"column":5}},"type":"if","locations":[{"start":{"line":258,"column":4},"end":{"line":263,"column":5}},{"start":{},"end":{}}],"line":258},"14":{"loc":{"start":{"line":287,"column":4},"end":{"line":292,"column":5}},"type":"if","locations":[{"start":{"line":287,"column":4},"end":{"line":292,"column":5}},{"start":{},"end":{}}],"line":287},"15":{"loc":{"start":{"line":314,"column":4},"end":{"line":319,"column":5}},"type":"if","locations":[{"start":{"line":314,"column":4},"end":{"line":319,"column":5}},{"start":{},"end":{}}],"line":314},"16":{"loc":{"start":{"line":322,"column":4},"end":{"line":327,"column":5}},"type":"if","locations":[{"start":{"line":322,"column":4},"end":{"line":327,"column":5}},{"start":{},"end":{}}],"line":322},"17":{"loc":{"start":{"line":333,"column":4},"end":{"line":336,"column":5}},"type":"if","locations":[{"start":{"line":333,"column":4},"end":{"line":336,"column":5}},{"start":{},"end":{}}],"line":333},"18":{"loc":{"start":{"line":333,"column":8},"end":{"line":333,"column":41}},"type":"binary-expr","locations":[{"start":{"line":333,"column":8},"end":{"line":333,"column":20}},{"start":{"line":333,"column":24},"end":{"line":333,"column":41}}],"line":333},"19":{"loc":{"start":{"line":362,"column":4},"end":{"line":367,"column":5}},"type":"if","locations":[{"start":{"line":362,"column":4},"end":{"line":367,"column":5}},{"start":{},"end":{}}],"line":362},"20":{"loc":{"start":{"line":392,"column":4},"end":{"line":397,"column":5}},"type":"if","locations":[{"start":{"line":392,"column":4},"end":{"line":397,"column":5}},{"start":{},"end":{}}],"line":392},"21":{"loc":{"start":{"line":419,"column":4},"end":{"line":424,"column":5}},"type":"if","locations":[{"start":{"line":419,"column":4},"end":{"line":424,"column":5}},{"start":{},"end":{}}],"line":419},"22":{"loc":{"start":{"line":419,"column":8},"end":{"line":419,"column":51}},"type":"binary-expr","locations":[{"start":{"line":419,"column":8},"end":{"line":419,"column":29}},{"start":{"line":419,"column":33},"end":{"line":419,"column":51}}],"line":419}},"s":{"0":0,"1":0,"2":0,"3":0,"4":0,"5":0,"6":0,"7":0,"8":0,"9":0,"10":0,"11":0,"12":0,"13":0,"14":0,"15":0,"16":0,"17":0,"18":0,"19":0,"20":0,"21":0,"22":0,"23":0,"24":0,"25":0,"26":0,"27":0,"28":0,"29":0,"30":0,"31":0,"32":0,"33":0,"34":0,"35":0,"36":0,"37":0,"38":0,"39":0,"40":0,"41":0,"42":0,"43":0,"44":0,"45":0,"46":0,"47":0,"48":0,"49":0,"50":0,"51":0,"52":0,"53":0,"54":0,"55":0,"56":0,"57":0,"58":0,"59":0,"60":0,"61":0,"62":0,"63":0,"64":0,"65":0,"66":0,"67":0,"68":0,"69":0,"70":0,"71":0,"72":0,"73":0,"74":0,"75":0,"76":0,"77":0,"78":0,"79":0,"80":0,"81":0,"82":0,"83":0,"84":0,"85":0,"86":0,"87":0,"88":0,"89":0,"90":0,"91":0,"92":0,"93":0,"94":0,"95":0,"96":0,"97":0,"98":0,"99":0,"100":0,"101":0,"102":0,"103":0,"104":0,"105":0,"106":0,"107":0,"108":0,"109":0,"110":0,"111":0,"112":0,"113":0,"114":0,"115":0,"116":0,"117":0,"118":0,"119":0,"120":0,"121":0,"122":0,"123":0,"124":0,"125":0,"126":0,"127":0,"128":0,"129":0,"130":0,"131":0,"132":0,"133":0,"134":0,"135":0,"136":0,"137":0,"138":0,"139":0,"140":0,"141":0,"142":0,"143":0,"144":0,"145":0,"146":0,"147":0,"148":0,"149":0,"150":0,"151":0,"152":0,"153":0,"154":0,"155":0,"156":0,"157":0,"158":0},"f":{"0":0,"1":0,"2":0,"3":0,"4":0,"5":0,"6":0,"7":0,"8":0,"9":0,"10":0},"b":{"0":[0,0],"1":[0,0],"2":[0,0],"3":[0,0],"4":[0,0],"5":[0,0],"6":[0,0],"7":[0,0],"8":[0,0],"9":[0,0],"10":[0,0],"11":[0,0],"12":[0,0],"13":[0,0],"14":[0,0],"15":[0,0],"16":[0,0],"17":[0,0],"18":[0,0],"19":[0,0],"20":[0,0],"21":[0,0],"22":[0,0]}}
,"C:\\Users\\RominaSaez\\OneDrive - 3it Ingenieria y Desarrollo Ltda\\Escritorio\\chatbot-screening\\backend\\src\\modules\\chatbot\\controllers\\evaluacionController.js": {"path":"C:\\Users\\RominaSaez\\OneDrive - 3it Ingenieria y Desarrollo Ltda\\Escritorio\\chatbot-screening\\backend\\src\\modules\\chatbot\\controllers\\evaluacionController.js","statementMap":{"0":{"start":{"line":6,"column":26},"end":{"line":6,"column":77}},"1":{"start":{"line":7,"column":31},"end":{"line":7,"column":80}},"2":{"start":{"line":9,"column":29},"end":{"line":263,"column":1}},"3":{"start":{"line":15,"column":4},"end":{"line":28,"column":5}},"4":{"start":{"line":16,"column":27},"end":{"line":16,"column":37}},"5":{"start":{"line":18,"column":27},"end":{"line":18,"column":82}},"6":{"start":{"line":20,"column":6},"end":{"line":24,"column":9}},"7":{"start":{"line":27,"column":6},"end":{"line":27,"column":18}},"8":{"start":{"line":36,"column":4},"end":{"line":55,"column":5}},"9":{"start":{"line":37,"column":39},"end":{"line":37,"column":49}},"10":{"start":{"line":39,"column":25},"end":{"line":39,"column":94}},"11":{"start":{"line":41,"column":6},"end":{"line":46,"column":7}},"12":{"start":{"line":42,"column":8},"end":{"line":45,"column":11}},"13":{"start":{"line":48,"column":6},"end":{"line":51,"column":9}},"14":{"start":{"line":54,"column":6},"end":{"line":54,"column":18}},"15":{"start":{"line":63,"column":4},"end":{"line":75,"column":5}},"16":{"start":{"line":64,"column":27},"end":{"line":64,"column":37}},"17":{"start":{"line":66,"column":22},"end":{"line":66,"column":77}},"18":{"start":{"line":68,"column":6},"end":{"line":71,"column":9}},"19":{"start":{"line":74,"column":6},"end":{"line":74,"column":18}},"20":{"start":{"line":83,"column":4},"end":{"line":98,"column":5}},"21":{"start":{"line":84,"column":27},"end":{"line":84,"column":37}},"22":{"start":{"line":85,"column":25},"end":{"line":85,"column":34}},"23":{"start":{"line":87,"column":31},"end":{"line":87,"column":63}},"24":{"start":{"line":89,"column":24},"end":{"line":89,"column":95}},"25":{"start":{"line":91,"column":6},"end":{"line":94,"column":9}},"26":{"start":{"line":97,"column":6},"end":{"line":97,"column":18}},"27":{"start":{"line":106,"column":4},"end":{"line":133,"column":5}},"28":{"start":{"line":107,"column":27},"end":{"line":107,"column":37}},"29":{"start":{"line":110,"column":27},"end":{"line":110,"column":87}},"30":{"start":{"line":113,"column":24},"end":{"line":113,"column":86}},"31":{"start":{"line":116,"column":22},"end":{"line":116,"column":77}},"32":{"start":{"line":119,"column":38},"end":{"line":119,"column":105}},"33":{"start":{"line":121,"column":6},"end":{"line":129,"column":9}},"34":{"start":{"line":132,"column":6},"end":{"line":132,"column":18}},"35":{"start":{"line":141,"column":4},"end":{"line":190,"column":5}},"36":{"start":{"line":142,"column":31},"end":{"line":142,"column":41}},"37":{"start":{"line":143,"column":52},"end":{"line":143,"column":60}},"38":{"start":{"line":146,"column":6},"end":{"line":151,"column":7}},"39":{"start":{"line":147,"column":8},"end":{"line":150,"column":11}},"40":{"start":{"line":153,"column":6},"end":{"line":158,"column":7}},"41":{"start":{"line":154,"column":8},"end":{"line":157,"column":11}},"42":{"start":{"line":160,"column":6},"end":{"line":165,"column":7}},"43":{"start":{"line":161,"column":8},"end":{"line":164,"column":11}},"44":{"start":{"line":168,"column":23},"end":{"line":172,"column":7}},"45":{"start":{"line":175,"column":24},"end":{"line":180,"column":8}},"46":{"start":{"line":182,"column":6},"end":{"line":186,"column":9}},"47":{"start":{"line":189,"column":6},"end":{"line":189,"column":18}},"48":{"start":{"line":198,"column":4},"end":{"line":210,"column":5}},"49":{"start":{"line":199,"column":27},"end":{"line":199,"column":37}},"50":{"start":{"line":201,"column":25},"end":{"line":201,"column":78}},"51":{"start":{"line":203,"column":6},"end":{"line":206,"column":9}},"52":{"start":{"line":209,"column":6},"end":{"line":209,"column":18}},"53":{"start":{"line":218,"column":4},"end":{"line":237,"column":5}},"54":{"start":{"line":219,"column":28},"end":{"line":219,"column":38}},"55":{"start":{"line":221,"column":25},"end":{"line":221,"column":82}},"56":{"start":{"line":223,"column":6},"end":{"line":228,"column":7}},"57":{"start":{"line":224,"column":8},"end":{"line":227,"column":11}},"58":{"start":{"line":230,"column":6},"end":{"line":233,"column":9}},"59":{"start":{"line":236,"column":6},"end":{"line":236,"column":18}},"60":{"start":{"line":245,"column":4},"end":{"line":261,"column":5}},"61":{"start":{"line":246,"column":27},"end":{"line":246,"column":36}},"62":{"start":{"line":251,"column":27},"end":{"line":251,"column":83}},"63":{"start":{"line":253,"column":6},"end":{"line":257,"column":9}},"64":{"start":{"line":260,"column":6},"end":{"line":260,"column":18}},"65":{"start":{"line":265,"column":0},"end":{"line":265,"column":38}}},"fnMap":{"0":{"name":"(anonymous_0)","decl":{"start":{"line":14,"column":23},"end":{"line":14,"column":24}},"loc":{"start":{"line":14,"column":49},"end":{"line":29,"column":3}},"line":14},"1":{"name":"(anonymous_1)","decl":{"start":{"line":35,"column":29},"end":{"line":35,"column":30}},"loc":{"start":{"line":35,"column":55},"end":{"line":56,"column":3}},"line":35},"2":{"name":"(anonymous_2)","decl":{"start":{"line":62,"column":19},"end":{"line":62,"column":20}},"loc":{"start":{"line":62,"column":45},"end":{"line":76,"column":3}},"line":62},"3":{"name":"(anonymous_3)","decl":{"start":{"line":82,"column":23},"end":{"line":82,"column":24}},"loc":{"start":{"line":82,"column":49},"end":{"line":99,"column":3}},"line":82},"4":{"name":"(anonymous_4)","decl":{"start":{"line":105,"column":23},"end":{"line":105,"column":24}},"loc":{"start":{"line":105,"column":49},"end":{"line":134,"column":3}},"line":105},"5":{"name":"(anonymous_5)","decl":{"start":{"line":140,"column":30},"end":{"line":140,"column":31}},"loc":{"start":{"line":140,"column":56},"end":{"line":191,"column":3}},"line":140},"6":{"name":"(anonymous_6)","decl":{"start":{"line":197,"column":23},"end":{"line":197,"column":24}},"loc":{"start":{"line":197,"column":49},"end":{"line":211,"column":3}},"line":197},"7":{"name":"(anonymous_7)","decl":{"start":{"line":217,"column":31},"end":{"line":217,"column":32}},"loc":{"start":{"line":217,"column":57},"end":{"line":238,"column":3}},"line":217},"8":{"name":"(anonymous_8)","decl":{"start":{"line":244,"column":21},"end":{"line":244,"column":22}},"loc":{"start":{"line":244,"column":47},"end":{"line":262,"column":3}},"line":244}},"branchMap":{"0":{"loc":{"start":{"line":41,"column":6},"end":{"line":46,"column":7}},"type":"if","locations":[{"start":{"line":41,"column":6},"end":{"line":46,"column":7}},{"start":{},"end":{}}],"line":41},"1":{"loc":{"start":{"line":87,"column":31},"end":{"line":87,"column":63}},"type":"cond-expr","locations":[{"start":{"line":87,"column":40},"end":{"line":87,"column":58}},{"start":{"line":87,"column":61},"end":{"line":87,"column":63}}],"line":87},"2":{"loc":{"start":{"line":146,"column":6},"end":{"line":151,"column":7}},"type":"if","locations":[{"start":{"line":146,"column":6},"end":{"line":151,"column":7}},{"start":{},"end":{}}],"line":146},"3":{"loc":{"start":{"line":146,"column":10},"end":{"line":146,"column":49}},"type":"binary-expr","locations":[{"start":{"line":146,"column":10},"end":{"line":146,"column":30}},{"start":{"line":146,"column":34},"end":{"line":146,"column":49}}],"line":146},"4":{"loc":{"start":{"line":153,"column":6},"end":{"line":158,"column":7}},"type":"if","locations":[{"start":{"line":153,"column":6},"end":{"line":158,"column":7}},{"start":{},"end":{}}],"line":153},"5":{"loc":{"start":{"line":153,"column":10},"end":{"line":153,"column":51}},"type":"binary-expr","locations":[{"start":{"line":153,"column":10},"end":{"line":153,"column":31}},{"start":{"line":153,"column":35},"end":{"line":153,"column":51}}],"line":153},"6":{"loc":{"start":{"line":160,"column":6},"end":{"line":165,"column":7}},"type":"if","locations":[{"start":{"line":160,"column":6},"end":{"line":165,"column":7}},{"start":{},"end":{}}],"line":160},"7":{"loc":{"start":{"line":160,"column":10},"end":{"line":160,"column":38}},"type":"binary-expr","locations":[{"start":{"line":160,"column":10},"end":{"line":160,"column":21}},{"start":{"line":160,"column":25},"end":{"line":160,"column":38}}],"line":160},"8":{"loc":{"start":{"line":169,"column":19},"end":{"line":169,"column":41}},"type":"binary-expr","locations":[{"start":{"line":169,"column":19},"end":{"line":169,"column":28}},{"start":{"line":169,"column":32},"end":{"line":169,"column":41}}],"line":169},"9":{"loc":{"start":{"line":176,"column":16},"end":{"line":176,"column":30}},"type":"cond-expr","locations":[{"start":{"line":176,"column":25},"end":{"line":176,"column":26}},{"start":{"line":176,"column":29},"end":{"line":176,"column":30}}],"line":176},"10":{"loc":{"start":{"line":178,"column":15},"end":{"line":178,"column":54}},"type":"binary-expr","locations":[{"start":{"line":178,"column":15},"end":{"line":178,"column":20}},{"start":{"line":178,"column":24},"end":{"line":178,"column":54}}],"line":178},"11":{"loc":{"start":{"line":223,"column":6},"end":{"line":228,"column":7}},"type":"if","locations":[{"start":{"line":223,"column":6},"end":{"line":228,"column":7}},{"start":{},"end":{}}],"line":223}},"s":{"0":0,"1":0,"2":0,"3":0,"4":0,"5":0,"6":0,"7":0,"8":0,"9":0,"10":0,"11":0,"12":0,"13":0,"14":0,"15":0,"16":0,"17":0,"18":0,"19":0,"20":0,"21":0,"22":0,"23":0,"24":0,"25":0,"26":0,"27":0,"28":0,"29":0,"30":0,"31":0,"32":0,"33":0,"34":0,"35":0,"36":0,"37":0,"38":0,"39":0,"40":0,"41":0,"42":0,"43":0,"44":0,"45":0,"46":0,"47":0,"48":0,"49":0,"50":0,"51":0,"52":0,"53":0,"54":0,"55":0,"56":0,"57":0,"58":0,"59":0,"60":0,"61":0,"62":0,"63":0,"64":0,"65":0},"f":{"0":0,"1":0,"2":0,"3":0,"4":0,"5":0,"6":0,"7":0,"8":0},"b":{"0":[0,0],"1":[0,0],"2":[0,0],"3":[0,0],"4":[0,0],"5":[0,0],"6":[0,0],"7":[0,0],"8":[0,0],"9":[0,0],"10":[0,0],"11":[0,0]}}
,"C:\\Users\\RominaSaez\\OneDrive - 3it Ingenieria y Desarrollo Ltda\\Escritorio\\chatbot-screening\\backend\\src\\modules\\chatbot\\controllers\\invitacionController.js": {"path":"C:\\Users\\RominaSaez\\OneDrive - 3it Ingenieria y Desarrollo Ltda\\Escritorio\\chatbot-screening\\backend\\src\\modules\\chatbot\\controllers\\invitacionController.js","statementMap":{"0":{"start":{"line":6,"column":25},"end":{"line":6,"column":68}},"1":{"start":{"line":7,"column":27},"end":{"line":7,"column":72}},"2":{"start":{"line":8,"column":21},"end":{"line":8,"column":62}},"3":{"start":{"line":21,"column":27},"end":{"line":150,"column":1}},"4":{"start":{"line":22,"column":2},"end":{"line":149,"column":3}},"5":{"start":{"line":23,"column":19},"end":{"line":23,"column":29}},"6":{"start":{"line":24,"column":33},"end":{"line":24,"column":41}},"7":{"start":{"line":27,"column":4},"end":{"line":29,"column":5}},"8":{"start":{"line":28,"column":6},"end":{"line":28,"column":52}},"9":{"start":{"line":28,"column":40},"end":{"line":28,"column":49}},"10":{"start":{"line":32,"column":4},"end":{"line":37,"column":5}},"11":{"start":{"line":33,"column":6},"end":{"line":36,"column":9}},"12":{"start":{"line":40,"column":23},"end":{"line":40,"column":51}},"13":{"start":{"line":41,"column":32},"end":{"line":41,"column":93}},"14":{"start":{"line":41,"column":55},"end":{"line":41,"column":92}},"15":{"start":{"line":42,"column":4},"end":{"line":48,"column":5}},"16":{"start":{"line":43,"column":6},"end":{"line":47,"column":9}},"17":{"start":{"line":51,"column":20},"end":{"line":51,"column":59}},"18":{"start":{"line":52,"column":4},"end":{"line":57,"column":5}},"19":{"start":{"line":53,"column":6},"end":{"line":56,"column":9}},"20":{"start":{"line":60,"column":4},"end":{"line":65,"column":5}},"21":{"start":{"line":61,"column":6},"end":{"line":64,"column":9}},"22":{"start":{"line":68,"column":4},"end":{"line":73,"column":5}},"23":{"start":{"line":69,"column":6},"end":{"line":72,"column":9}},"24":{"start":{"line":75,"column":23},"end":{"line":75,"column":25}},"25":{"start":{"line":76,"column":20},"end":{"line":76,"column":22}},"26":{"start":{"line":79,"column":4},"end":{"line":130,"column":5}},"27":{"start":{"line":80,"column":6},"end":{"line":129,"column":7}},"28":{"start":{"line":82,"column":22},"end":{"line":82,"column":71}},"29":{"start":{"line":85,"column":32},"end":{"line":85,"column":42}},"30":{"start":{"line":86,"column":8},"end":{"line":86,"column":83}},"31":{"start":{"line":89,"column":27},"end":{"line":97,"column":9}},"32":{"start":{"line":99,"column":25},"end":{"line":99,"column":67}},"33":{"start":{"line":102,"column":24},"end":{"line":102,"column":75}},"34":{"start":{"line":103,"column":27},"end":{"line":103,"column":53}},"35":{"start":{"line":106,"column":32},"end":{"line":109,"column":9}},"36":{"start":{"line":112,"column":26},"end":{"line":112,"column":99}},"37":{"start":{"line":114,"column":8},"end":{"line":120,"column":11}},"38":{"start":{"line":123,"column":8},"end":{"line":123,"column":81}},"39":{"start":{"line":124,"column":8},"end":{"line":128,"column":11}},"40":{"start":{"line":133,"column":21},"end":{"line":139,"column":5}},"41":{"start":{"line":141,"column":4},"end":{"line":143,"column":5}},"42":{"start":{"line":142,"column":6},"end":{"line":142,"column":33}},"43":{"start":{"line":145,"column":4},"end":{"line":145,"column":23}},"44":{"start":{"line":148,"column":4},"end":{"line":148,"column":16}},"45":{"start":{"line":156,"column":22},"end":{"line":174,"column":1}},"46":{"start":{"line":157,"column":2},"end":{"line":173,"column":3}},"47":{"start":{"line":159,"column":4},"end":{"line":164,"column":5}},"48":{"start":{"line":160,"column":6},"end":{"line":163,"column":9}},"49":{"start":{"line":167,"column":22},"end":{"line":167,"column":65}},"50":{"start":{"line":169,"column":4},"end":{"line":169,"column":24}},"51":{"start":{"line":172,"column":4},"end":{"line":172,"column":16}},"52":{"start":{"line":176,"column":0},"end":{"line":179,"column":2}}},"fnMap":{"0":{"name":"(anonymous_0)","decl":{"start":{"line":21,"column":27},"end":{"line":21,"column":28}},"loc":{"start":{"line":21,"column":53},"end":{"line":150,"column":1}},"line":21},"1":{"name":"(anonymous_1)","decl":{"start":{"line":28,"column":30},"end":{"line":28,"column":31}},"loc":{"start":{"line":28,"column":40},"end":{"line":28,"column":49}},"line":28},"2":{"name":"(anonymous_2)","decl":{"start":{"line":41,"column":50},"end":{"line":41,"column":51}},"loc":{"start":{"line":41,"column":55},"end":{"line":41,"column":92}},"line":41},"3":{"name":"(anonymous_3)","decl":{"start":{"line":156,"column":22},"end":{"line":156,"column":23}},"loc":{"start":{"line":156,"column":48},"end":{"line":174,"column":1}},"line":156}},"branchMap":{"0":{"loc":{"start":{"line":27,"column":4},"end":{"line":29,"column":5}},"type":"if","locations":[{"start":{"line":27,"column":4},"end":{"line":29,"column":5}},{"start":{},"end":{}}],"line":27},"1":{"loc":{"start":{"line":27,"column":8},"end":{"line":27,"column":39}},"type":"binary-expr","locations":[{"start":{"line":27,"column":8},"end":{"line":27,"column":14}},{"start":{"line":27,"column":18},"end":{"line":27,"column":39}}],"line":27},"2":{"loc":{"start":{"line":32,"column":4},"end":{"line":37,"column":5}},"type":"if","locations":[{"start":{"line":32,"column":4},"end":{"line":37,"column":5}},{"start":{},"end":{}}],"line":32},"3":{"loc":{"start":{"line":32,"column":8},"end":{"line":32,"column":76}},"type":"binary-expr","locations":[{"start":{"line":32,"column":8},"end":{"line":32,"column":19}},{"start":{"line":32,"column":23},"end":{"line":32,"column":49}},{"start":{"line":32,"column":53},"end":{"line":32,"column":76}}],"line":32},"4":{"loc":{"start":{"line":41,"column":55},"end":{"line":41,"column":92}},"type":"binary-expr","locations":[{"start":{"line":41,"column":55},"end":{"line":41,"column":63}},{"start":{"line":41,"column":67},"end":{"line":41,"column":92}}],"line":41},"5":{"loc":{"start":{"line":42,"column":4},"end":{"line":48,"column":5}},"type":"if","locations":[{"start":{"line":42,"column":4},"end":{"line":48,"column":5}},{"start":{},"end":{}}],"line":42},"6":{"loc":{"start":{"line":52,"column":4},"end":{"line":57,"column":5}},"type":"if","locations":[{"start":{"line":52,"column":4},"end":{"line":57,"column":5}},{"start":{},"end":{}}],"line":52},"7":{"loc":{"start":{"line":60,"column":4},"end":{"line":65,"column":5}},"type":"if","locations":[{"start":{"line":60,"column":4},"end":{"line":65,"column":5}},{"start":{},"end":{}}],"line":60},"8":{"loc":{"start":{"line":68,"column":4},"end":{"line":73,"column":5}},"type":"if","locations":[{"start":{"line":68,"column":4},"end":{"line":73,"column":5}},{"start":{},"end":{}}],"line":68},"9":{"loc":{"start":{"line":68,"column":8},"end":{"line":68,"column":58}},"type":"binary-expr","locations":[{"start":{"line":68,"column":8},"end":{"line":68,"column":31}},{"start":{"line":68,"column":35},"end":{"line":68,"column":58}}],"line":68},"10":{"loc":{"start":{"line":93,"column":28},"end":{"line":93,"column":52}},"type":"binary-expr","locations":[{"start":{"line":93,"column":28},"end":{"line":93,"column":44}},{"start":{"line":93,"column":48},"end":{"line":93,"column":52}}],"line":93},"11":{"loc":{"start":{"line":94,"column":30},"end":{"line":94,"column":56}},"type":"binary-expr","locations":[{"start":{"line":94,"column":30},"end":{"line":94,"column":48}},{"start":{"line":94,"column":52},"end":{"line":94,"column":56}}],"line":94},"12":{"loc":{"start":{"line":102,"column":24},"end":{"line":102,"column":75}},"type":"binary-expr","locations":[{"start":{"line":102,"column":24},"end":{"line":102,"column":48}},{"start":{"line":102,"column":52},"end":{"line":102,"column":75}}],"line":102},"13":{"loc":{"start":{"line":141,"column":4},"end":{"line":143,"column":5}},"type":"if","locations":[{"start":{"line":141,"column":4},"end":{"line":143,"column":5}},{"start":{},"end":{}}],"line":141},"14":{"loc":{"start":{"line":159,"column":4},"end":{"line":164,"column":5}},"type":"if","locations":[{"start":{"line":159,"column":4},"end":{"line":164,"column":5}},{"start":{},"end":{}}],"line":159},"15":{"loc":{"start":{"line":159,"column":8},"end":{"line":159,"column":58}},"type":"binary-expr","locations":[{"start":{"line":159,"column":8},"end":{"line":159,"column":31}},{"start":{"line":159,"column":35},"end":{"line":159,"column":58}}],"line":159}},"s":{"0":0,"1":0,"2":0,"3":0,"4":0,"5":0,"6":0,"7":0,"8":0,"9":0,"10":0,"11":0,"12":0,"13":0,"14":0,"15":0,"16":0,"17":0,"18":0,"19":0,"20":0,"21":0,"22":0,"23":0,"24":0,"25":0,"26":0,"27":0,"28":0,"29":0,"30":0,"31":0,"32":0,"33":0,"34":0,"35":0,"36":0,"37":0,"38":0,"39":0,"40":0,"41":0,"42":0,"43":0,"44":0,"45":0,"46":0,"47":0,"48":0,"49":0,"50":0,"51":0,"52":0},"f":{"0":0,"1":0,"2":0,"3":0},"b":{"0":[0,0],"1":[0,0],"2":[0,0],"3":[0,0,0],"4":[0,0],"5":[0,0],"6":[0,0],"7":[0,0],"8":[0,0],"9":[0,0],"10":[0,0],"11":[0,0],"12":[0,0],"13":[0,0],"14":[0,0],"15":[0,0]}}
,"C:\\Users\\RominaSaez\\OneDrive - 3it Ingenieria y Desarrollo Ltda\\Escritorio\\chatbot-screening\\backend\\src\\modules\\chatbot\\controllers\\mensajeController.js": {"path":"C:\\Users\\RominaSaez\\OneDrive - 3it Ingenieria y Desarrollo Ltda\\Escritorio\\chatbot-screening\\backend\\src\\modules\\chatbot\\controllers\\mensajeController.js","statementMap":{"0":{"start":{"line":6,"column":23},"end":{"line":6,"column":60}},"1":{"start":{"line":7,"column":27},"end":{"line":7,"column":72}},"2":{"start":{"line":8,"column":27},"end":{"line":8,"column":72}},"3":{"start":{"line":14,"column":14},"end":{"line":72,"column":1}},"4":{"start":{"line":15,"column":2},"end":{"line":71,"column":3}},"5":{"start":{"line":16,"column":66},"end":{"line":16,"column":74}},"6":{"start":{"line":19,"column":4},"end":{"line":24,"column":5}},"7":{"start":{"line":20,"column":6},"end":{"line":23,"column":9}},"8":{"start":{"line":27,"column":25},"end":{"line":27,"column":61}},"9":{"start":{"line":28,"column":4},"end":{"line":33,"column":5}},"10":{"start":{"line":29,"column":6},"end":{"line":32,"column":9}},"11":{"start":{"line":37,"column":4},"end":{"line":61,"column":5}},"12":{"start":{"line":39,"column":8},"end":{"line":39,"column":88}},"13":{"start":{"line":40,"column":8},"end":{"line":40,"column":14}},"14":{"start":{"line":43,"column":8},"end":{"line":48,"column":9}},"15":{"start":{"line":44,"column":10},"end":{"line":47,"column":13}},"16":{"start":{"line":49,"column":8},"end":{"line":49,"column":102}},"17":{"start":{"line":50,"column":8},"end":{"line":50,"column":14}},"18":{"start":{"line":53,"column":8},"end":{"line":58,"column":9}},"19":{"start":{"line":54,"column":10},"end":{"line":57,"column":13}},"20":{"start":{"line":59,"column":8},"end":{"line":59,"column":103}},"21":{"start":{"line":60,"column":8},"end":{"line":60,"column":14}},"22":{"start":{"line":63,"column":4},"end":{"line":67,"column":7}},"23":{"start":{"line":70,"column":4},"end":{"line":70,"column":16}},"24":{"start":{"line":78,"column":25},"end":{"line":108,"column":1}},"25":{"start":{"line":79,"column":2},"end":{"line":107,"column":3}},"26":{"start":{"line":80,"column":22},"end":{"line":80,"column":32}},"27":{"start":{"line":81,"column":21},"end":{"line":81,"column":30}},"28":{"start":{"line":84,"column":19},"end":{"line":84,"column":66}},"29":{"start":{"line":85,"column":4},"end":{"line":90,"column":5}},"30":{"start":{"line":86,"column":6},"end":{"line":89,"column":9}},"31":{"start":{"line":93,"column":25},"end":{"line":93,"column":76}},"32":{"start":{"line":96,"column":4},"end":{"line":98,"column":5}},"33":{"start":{"line":97,"column":6},"end":{"line":97,"column":81}},"34":{"start":{"line":97,"column":64},"end":{"line":97,"column":79}},"35":{"start":{"line":100,"column":4},"end":{"line":103,"column":7}},"36":{"start":{"line":106,"column":4},"end":{"line":106,"column":16}},"37":{"start":{"line":114,"column":24},"end":{"line":137,"column":1}},"38":{"start":{"line":115,"column":2},"end":{"line":136,"column":3}},"39":{"start":{"line":116,"column":22},"end":{"line":116,"column":32}},"40":{"start":{"line":119,"column":19},"end":{"line":119,"column":66}},"41":{"start":{"line":120,"column":4},"end":{"line":125,"column":5}},"42":{"start":{"line":121,"column":6},"end":{"line":124,"column":9}},"43":{"start":{"line":127,"column":21},"end":{"line":127,"column":68}},"44":{"start":{"line":129,"column":4},"end":{"line":132,"column":7}},"45":{"start":{"line":135,"column":4},"end":{"line":135,"column":16}},"46":{"start":{"line":143,"column":33},"end":{"line":174,"column":1}},"47":{"start":{"line":144,"column":2},"end":{"line":173,"column":3}},"48":{"start":{"line":145,"column":22},"end":{"line":145,"column":32}},"49":{"start":{"line":148,"column":19},"end":{"line":148,"column":66}},"50":{"start":{"line":149,"column":4},"end":{"line":154,"column":5}},"51":{"start":{"line":150,"column":6},"end":{"line":153,"column":9}},"52":{"start":{"line":156,"column":22},"end":{"line":156,"column":78}},"53":{"start":{"line":158,"column":4},"end":{"line":164,"column":5}},"54":{"start":{"line":159,"column":6},"end":{"line":163,"column":9}},"55":{"start":{"line":166,"column":4},"end":{"line":169,"column":7}},"56":{"start":{"line":172,"column":4},"end":{"line":172,"column":16}},"57":{"start":{"line":180,"column":18},"end":{"line":229,"column":1}},"58":{"start":{"line":181,"column":2},"end":{"line":228,"column":3}},"59":{"start":{"line":182,"column":22},"end":{"line":182,"column":32}},"60":{"start":{"line":183,"column":49},"end":{"line":183,"column":57}},"61":{"start":{"line":185,"column":4},"end":{"line":190,"column":5}},"62":{"start":{"line":186,"column":6},"end":{"line":189,"column":9}},"63":{"start":{"line":193,"column":19},"end":{"line":193,"column":66}},"64":{"start":{"line":194,"column":4},"end":{"line":199,"column":5}},"65":{"start":{"line":195,"column":6},"end":{"line":198,"column":9}},"66":{"start":{"line":202,"column":23},"end":{"line":202,"column":84}},"67":{"start":{"line":203,"column":4},"end":{"line":209,"column":5}},"68":{"start":{"line":204,"column":6},"end":{"line":208,"column":9}},"69":{"start":{"line":212,"column":20},"end":{"line":212,"column":104}},"70":{"start":{"line":215,"column":21},"end":{"line":215,"column":68}},"71":{"start":{"line":217,"column":4},"end":{"line":224,"column":7}},"72":{"start":{"line":227,"column":4},"end":{"line":227,"column":16}},"73":{"start":{"line":235,"column":19},"end":{"line":261,"column":1}},"74":{"start":{"line":236,"column":2},"end":{"line":260,"column":3}},"75":{"start":{"line":237,"column":19},"end":{"line":237,"column":29}},"76":{"start":{"line":238,"column":18},"end":{"line":238,"column":26}},"77":{"start":{"line":241,"column":20},"end":{"line":241,"column":61}},"78":{"start":{"line":242,"column":4},"end":{"line":247,"column":5}},"79":{"start":{"line":243,"column":6},"end":{"line":246,"column":9}},"80":{"start":{"line":249,"column":4},"end":{"line":249,"column":51}},"81":{"start":{"line":250,"column":31},"end":{"line":250,"column":72}},"82":{"start":{"line":252,"column":4},"end":{"line":256,"column":7}},"83":{"start":{"line":259,"column":4},"end":{"line":259,"column":16}},"84":{"start":{"line":267,"column":17},"end":{"line":290,"column":1}},"85":{"start":{"line":268,"column":2},"end":{"line":289,"column":3}},"86":{"start":{"line":269,"column":19},"end":{"line":269,"column":29}},"87":{"start":{"line":272,"column":20},"end":{"line":272,"column":61}},"88":{"start":{"line":273,"column":4},"end":{"line":278,"column":5}},"89":{"start":{"line":274,"column":6},"end":{"line":277,"column":9}},"90":{"start":{"line":280,"column":4},"end":{"line":280,"column":42}},"91":{"start":{"line":282,"column":4},"end":{"line":285,"column":7}},"92":{"start":{"line":288,"column":4},"end":{"line":288,"column":16}},"93":{"start":{"line":296,"column":21},"end":{"line":316,"column":1}},"94":{"start":{"line":297,"column":2},"end":{"line":315,"column":3}},"95":{"start":{"line":298,"column":19},"end":{"line":298,"column":29}},"96":{"start":{"line":300,"column":20},"end":{"line":300,"column":61}},"97":{"start":{"line":301,"column":4},"end":{"line":306,"column":5}},"98":{"start":{"line":302,"column":6},"end":{"line":305,"column":9}},"99":{"start":{"line":308,"column":4},"end":{"line":311,"column":7}},"100":{"start":{"line":314,"column":4},"end":{"line":314,"column":16}},"101":{"start":{"line":318,"column":0},"end":{"line":327,"column":2}}},"fnMap":{"0":{"name":"(anonymous_0)","decl":{"start":{"line":14,"column":14},"end":{"line":14,"column":15}},"loc":{"start":{"line":14,"column":40},"end":{"line":72,"column":1}},"line":14},"1":{"name":"(anonymous_1)","decl":{"start":{"line":78,"column":25},"end":{"line":78,"column":26}},"loc":{"start":{"line":78,"column":51},"end":{"line":108,"column":1}},"line":78},"2":{"name":"(anonymous_2)","decl":{"start":{"line":97,"column":59},"end":{"line":97,"column":60}},"loc":{"start":{"line":97,"column":64},"end":{"line":97,"column":79}},"line":97},"3":{"name":"(anonymous_3)","decl":{"start":{"line":114,"column":24},"end":{"line":114,"column":25}},"loc":{"start":{"line":114,"column":50},"end":{"line":137,"column":1}},"line":114},"4":{"name":"(anonymous_4)","decl":{"start":{"line":143,"column":33},"end":{"line":143,"column":34}},"loc":{"start":{"line":143,"column":59},"end":{"line":174,"column":1}},"line":143},"5":{"name":"(anonymous_5)","decl":{"start":{"line":180,"column":18},"end":{"line":180,"column":19}},"loc":{"start":{"line":180,"column":44},"end":{"line":229,"column":1}},"line":180},"6":{"name":"(anonymous_6)","decl":{"start":{"line":235,"column":19},"end":{"line":235,"column":20}},"loc":{"start":{"line":235,"column":45},"end":{"line":261,"column":1}},"line":235},"7":{"name":"(anonymous_7)","decl":{"start":{"line":267,"column":17},"end":{"line":267,"column":18}},"loc":{"start":{"line":267,"column":43},"end":{"line":290,"column":1}},"line":267},"8":{"name":"(anonymous_8)","decl":{"start":{"line":296,"column":21},"end":{"line":296,"column":22}},"loc":{"start":{"line":296,"column":47},"end":{"line":316,"column":1}},"line":296}},"branchMap":{"0":{"loc":{"start":{"line":19,"column":4},"end":{"line":24,"column":5}},"type":"if","locations":[{"start":{"line":19,"column":4},"end":{"line":24,"column":5}},{"start":{},"end":{}}],"line":19},"1":{"loc":{"start":{"line":19,"column":8},"end":{"line":19,"column":41}},"type":"binary-expr","locations":[{"start":{"line":19,"column":8},"end":{"line":19,"column":18}},{"start":{"line":19,"column":22},"end":{"line":19,"column":27}},{"start":{"line":19,"column":31},"end":{"line":19,"column":41}}],"line":19},"2":{"loc":{"start":{"line":28,"column":4},"end":{"line":33,"column":5}},"type":"if","locations":[{"start":{"line":28,"column":4},"end":{"line":33,"column":5}},{"start":{},"end":{}}],"line":28},"3":{"loc":{"start":{"line":37,"column":4},"end":{"line":61,"column":5}},"type":"switch","locations":[{"start":{"line":38,"column":6},"end":{"line":40,"column":14}},{"start":{"line":42,"column":6},"end":{"line":50,"column":14}},{"start":{"line":52,"column":6},"end":{"line":60,"column":14}}],"line":37},"4":{"loc":{"start":{"line":43,"column":8},"end":{"line":48,"column":9}},"type":"if","locations":[{"start":{"line":43,"column":8},"end":{"line":48,"column":9}},{"start":{},"end":{}}],"line":43},"5":{"loc":{"start":{"line":53,"column":8},"end":{"line":58,"column":9}},"type":"if","locations":[{"start":{"line":53,"column":8},"end":{"line":58,"column":9}},{"start":{},"end":{}}],"line":53},"6":{"loc":{"start":{"line":85,"column":4},"end":{"line":90,"column":5}},"type":"if","locations":[{"start":{"line":85,"column":4},"end":{"line":90,"column":5}},{"start":{},"end":{}}],"line":85},"7":{"loc":{"start":{"line":96,"column":4},"end":{"line":98,"column":5}},"type":"if","locations":[{"start":{"line":96,"column":4},"end":{"line":98,"column":5}},{"start":{},"end":{}}],"line":96},"8":{"loc":{"start":{"line":120,"column":4},"end":{"line":125,"column":5}},"type":"if","locations":[{"start":{"line":120,"column":4},"end":{"line":125,"column":5}},{"start":{},"end":{}}],"line":120},"9":{"loc":{"start":{"line":149,"column":4},"end":{"line":154,"column":5}},"type":"if","locations":[{"start":{"line":149,"column":4},"end":{"line":154,"column":5}},{"start":{},"end":{}}],"line":149},"10":{"loc":{"start":{"line":158,"column":4},"end":{"line":164,"column":5}},"type":"if","locations":[{"start":{"line":158,"column":4},"end":{"line":164,"column":5}},{"start":{},"end":{}}],"line":158},"11":{"loc":{"start":{"line":185,"column":4},"end":{"line":190,"column":5}},"type":"if","locations":[{"start":{"line":185,"column":4},"end":{"line":190,"column":5}},{"start":{},"end":{}}],"line":185},"12":{"loc":{"start":{"line":185,"column":8},"end":{"line":185,"column":47}},"type":"binary-expr","locations":[{"start":{"line":185,"column":8},"end":{"line":185,"column":20}},{"start":{"line":185,"column":24},"end":{"line":185,"column":47}}],"line":185},"13":{"loc":{"start":{"line":194,"column":4},"end":{"line":199,"column":5}},"type":"if","locations":[{"start":{"line":194,"column":4},"end":{"line":199,"column":5}},{"start":{},"end":{}}],"line":194},"14":{"loc":{"start":{"line":203,"column":4},"end":{"line":209,"column":5}},"type":"if","locations":[{"start":{"line":203,"column":4},"end":{"line":209,"column":5}},{"start":{},"end":{}}],"line":203},"15":{"loc":{"start":{"line":242,"column":4},"end":{"line":247,"column":5}},"type":"if","locations":[{"start":{"line":242,"column":4},"end":{"line":247,"column":5}},{"start":{},"end":{}}],"line":242},"16":{"loc":{"start":{"line":273,"column":4},"end":{"line":278,"column":5}},"type":"if","locations":[{"start":{"line":273,"column":4},"end":{"line":278,"column":5}},{"start":{},"end":{}}],"line":273},"17":{"loc":{"start":{"line":301,"column":4},"end":{"line":306,"column":5}},"type":"if","locations":[{"start":{"line":301,"column":4},"end":{"line":306,"column":5}},{"start":{},"end":{}}],"line":301}},"s":{"0":0,"1":0,"2":0,"3":0,"4":0,"5":0,"6":0,"7":0,"8":0,"9":0,"10":0,"11":0,"12":0,"13":0,"14":0,"15":0,"16":0,"17":0,"18":0,"19":0,"20":0,"21":0,"22":0,"23":0,"24":0,"25":0,"26":0,"27":0,"28":0,"29":0,"30":0,"31":0,"32":0,"33":0,"34":0,"35":0,"36":0,"37":0,"38":0,"39":0,"40":0,"41":0,"42":0,"43":0,"44":0,"45":0,"46":0,"47":0,"48":0,"49":0,"50":0,"51":0,"52":0,"53":0,"54":0,"55":0,"56":0,"57":0,"58":0,"59":0,"60":0,"61":0,"62":0,"63":0,"64":0,"65":0,"66":0,"67":0,"68":0,"69":0,"70":0,"71":0,"72":0,"73":0,"74":0,"75":0,"76":0,"77":0,"78":0,"79":0,"80":0,"81":0,"82":0,"83":0,"84":0,"85":0,"86":0,"87":0,"88":0,"89":0,"90":0,"91":0,"92":0,"93":0,"94":0,"95":0,"96":0,"97":0,"98":0,"99":0,"100":0,"101":0},"f":{"0":0,"1":0,"2":0,"3":0,"4":0,"5":0,"6":0,"7":0,"8":0},"b":{"0":[0,0],"1":[0,0,0],"2":[0,0],"3":[0,0,0],"4":[0,0],"5":[0,0],"6":[0,0],"7":[0,0],"8":[0,0],"9":[0,0],"10":[0,0],"11":[0,0],"12":[0,0],"13":[0,0],"14":[0,0],"15":[0,0],"16":[0,0],"17":[0,0]}}
,"C:\\Users\\RominaSaez\\OneDrive - 3it Ingenieria y Desarrollo Ltda\\Escritorio\\chatbot-screening\\backend\\src\\modules\\chatbot\\controllers\\sesionController.js": {"path":"C:\\Users\\RominaSaez\\OneDrive - 3it Ingenieria y Desarrollo Ltda\\Escritorio\\chatbot-screening\\backend\\src\\modules\\chatbot\\controllers\\sesionController.js","statementMap":{"0":{"start":{"line":6,"column":22},"end":{"line":6,"column":58}},"1":{"start":{"line":7,"column":27},"end":{"line":7,"column":72}},"2":{"start":{"line":8,"column":25},"end":{"line":8,"column":68}},"3":{"start":{"line":9,"column":22},"end":{"line":9,"column":58}},"4":{"start":{"line":15,"column":14},"end":{"line":39,"column":1}},"5":{"start":{"line":16,"column":2},"end":{"line":38,"column":3}},"6":{"start":{"line":17,"column":37},"end":{"line":17,"column":45}},"7":{"start":{"line":20,"column":4},"end":{"line":25,"column":5}},"8":{"start":{"line":21,"column":6},"end":{"line":24,"column":9}},"9":{"start":{"line":28,"column":19},"end":{"line":28,"column":72}},"10":{"start":{"line":30,"column":4},"end":{"line":34,"column":7}},"11":{"start":{"line":37,"column":4},"end":{"line":37,"column":16}},"12":{"start":{"line":45,"column":24},"end":{"line":66,"column":1}},"13":{"start":{"line":46,"column":2},"end":{"line":65,"column":3}},"14":{"start":{"line":47,"column":22},"end":{"line":47,"column":32}},"15":{"start":{"line":49,"column":19},"end":{"line":49,"column":72}},"16":{"start":{"line":51,"column":4},"end":{"line":56,"column":5}},"17":{"start":{"line":52,"column":6},"end":{"line":55,"column":9}},"18":{"start":{"line":58,"column":4},"end":{"line":61,"column":7}},"19":{"start":{"line":64,"column":4},"end":{"line":64,"column":16}},"20":{"start":{"line":72,"column":16},"end":{"line":99,"column":1}},"21":{"start":{"line":73,"column":2},"end":{"line":98,"column":3}},"22":{"start":{"line":74,"column":22},"end":{"line":74,"column":32}},"23":{"start":{"line":76,"column":19},"end":{"line":76,"column":59}},"24":{"start":{"line":78,"column":4},"end":{"line":87,"column":7}},"25":{"start":{"line":91,"column":4},"end":{"line":97,"column":7}},"26":{"start":{"line":105,"column":16},"end":{"line":120,"column":1}},"27":{"start":{"line":106,"column":2},"end":{"line":119,"column":3}},"28":{"start":{"line":107,"column":22},"end":{"line":107,"column":32}},"29":{"start":{"line":109,"column":19},"end":{"line":109,"column":59}},"30":{"start":{"line":111,"column":4},"end":{"line":115,"column":7}},"31":{"start":{"line":118,"column":4},"end":{"line":118,"column":16}},"32":{"start":{"line":126,"column":18},"end":{"line":149,"column":1}},"33":{"start":{"line":127,"column":2},"end":{"line":148,"column":3}},"34":{"start":{"line":128,"column":22},"end":{"line":128,"column":32}},"35":{"start":{"line":129,"column":46},"end":{"line":129,"column":54}},"36":{"start":{"line":131,"column":4},"end":{"line":136,"column":5}},"37":{"start":{"line":132,"column":6},"end":{"line":135,"column":9}},"38":{"start":{"line":138,"column":19},"end":{"line":138,"column":92}},"39":{"start":{"line":140,"column":4},"end":{"line":144,"column":7}},"40":{"start":{"line":147,"column":4},"end":{"line":147,"column":16}},"41":{"start":{"line":155,"column":17},"end":{"line":170,"column":1}},"42":{"start":{"line":156,"column":2},"end":{"line":169,"column":3}},"43":{"start":{"line":157,"column":22},"end":{"line":157,"column":32}},"44":{"start":{"line":159,"column":19},"end":{"line":159,"column":60}},"45":{"start":{"line":161,"column":4},"end":{"line":165,"column":7}},"46":{"start":{"line":168,"column":4},"end":{"line":168,"column":16}},"47":{"start":{"line":176,"column":23},"end":{"line":190,"column":1}},"48":{"start":{"line":177,"column":2},"end":{"line":189,"column":3}},"49":{"start":{"line":178,"column":22},"end":{"line":178,"column":32}},"50":{"start":{"line":180,"column":20},"end":{"line":180,"column":67}},"51":{"start":{"line":182,"column":4},"end":{"line":185,"column":7}},"52":{"start":{"line":188,"column":4},"end":{"line":188,"column":16}},"53":{"start":{"line":196,"column":25},"end":{"line":226,"column":1}},"54":{"start":{"line":197,"column":2},"end":{"line":225,"column":3}},"55":{"start":{"line":198,"column":25},"end":{"line":198,"column":35}},"56":{"start":{"line":199,"column":34},"end":{"line":199,"column":43}},"57":{"start":{"line":202,"column":19},"end":{"line":202,"column":64}},"58":{"start":{"line":203,"column":4},"end":{"line":208,"column":5}},"59":{"start":{"line":204,"column":6},"end":{"line":207,"column":9}},"60":{"start":{"line":211,"column":20},"end":{"line":211,"column":22}},"61":{"start":{"line":212,"column":4},"end":{"line":212,"column":40}},"62":{"start":{"line":212,"column":16},"end":{"line":212,"column":40}},"63":{"start":{"line":213,"column":4},"end":{"line":213,"column":49}},"64":{"start":{"line":213,"column":19},"end":{"line":213,"column":49}},"65":{"start":{"line":215,"column":21},"end":{"line":215,"column":81}},"66":{"start":{"line":217,"column":4},"end":{"line":221,"column":7}},"67":{"start":{"line":224,"column":4},"end":{"line":224,"column":16}},"68":{"start":{"line":232,"column":28},"end":{"line":260,"column":1}},"69":{"start":{"line":233,"column":2},"end":{"line":259,"column":3}},"70":{"start":{"line":234,"column":25},"end":{"line":234,"column":35}},"71":{"start":{"line":237,"column":19},"end":{"line":237,"column":64}},"72":{"start":{"line":238,"column":4},"end":{"line":243,"column":5}},"73":{"start":{"line":239,"column":6},"end":{"line":242,"column":9}},"74":{"start":{"line":246,"column":25},"end":{"line":246,"column":79}},"75":{"start":{"line":247,"column":26},"end":{"line":247,"column":76}},"76":{"start":{"line":249,"column":4},"end":{"line":255,"column":7}},"77":{"start":{"line":258,"column":4},"end":{"line":258,"column":16}},"78":{"start":{"line":266,"column":19},"end":{"line":293,"column":1}},"79":{"start":{"line":267,"column":2},"end":{"line":292,"column":3}},"80":{"start":{"line":268,"column":22},"end":{"line":268,"column":32}},"81":{"start":{"line":269,"column":18},"end":{"line":269,"column":26}},"82":{"start":{"line":272,"column":19},"end":{"line":272,"column":66}},"83":{"start":{"line":273,"column":4},"end":{"line":278,"column":5}},"84":{"start":{"line":274,"column":6},"end":{"line":277,"column":9}},"85":{"start":{"line":281,"column":4},"end":{"line":281,"column":58}},"86":{"start":{"line":282,"column":30},"end":{"line":282,"column":77}},"87":{"start":{"line":284,"column":4},"end":{"line":288,"column":7}},"88":{"start":{"line":291,"column":4},"end":{"line":291,"column":16}},"89":{"start":{"line":299,"column":17},"end":{"line":322,"column":1}},"90":{"start":{"line":300,"column":2},"end":{"line":321,"column":3}},"91":{"start":{"line":301,"column":22},"end":{"line":301,"column":32}},"92":{"start":{"line":304,"column":19},"end":{"line":304,"column":66}},"93":{"start":{"line":305,"column":4},"end":{"line":310,"column":5}},"94":{"start":{"line":306,"column":6},"end":{"line":309,"column":9}},"95":{"start":{"line":312,"column":4},"end":{"line":312,"column":49}},"96":{"start":{"line":314,"column":4},"end":{"line":317,"column":7}},"97":{"start":{"line":320,"column":4},"end":{"line":320,"column":16}},"98":{"start":{"line":328,"column":26},"end":{"line":343,"column":1}},"99":{"start":{"line":329,"column":2},"end":{"line":342,"column":3}},"100":{"start":{"line":330,"column":21},"end":{"line":330,"column":68}},"101":{"start":{"line":332,"column":4},"end":{"line":338,"column":7}},"102":{"start":{"line":341,"column":4},"end":{"line":341,"column":16}},"103":{"start":{"line":349,"column":28},"end":{"line":365,"column":1}},"104":{"start":{"line":350,"column":2},"end":{"line":364,"column":3}},"105":{"start":{"line":351,"column":22},"end":{"line":351,"column":32}},"106":{"start":{"line":352,"column":34},"end":{"line":352,"column":48}},"107":{"start":{"line":354,"column":19},"end":{"line":354,"column":84}},"108":{"start":{"line":356,"column":4},"end":{"line":360,"column":7}},"109":{"start":{"line":363,"column":4},"end":{"line":363,"column":16}},"110":{"start":{"line":371,"column":31},"end":{"line":405,"column":1}},"111":{"start":{"line":372,"column":2},"end":{"line":404,"column":3}},"112":{"start":{"line":373,"column":22},"end":{"line":373,"column":32}},"113":{"start":{"line":376,"column":19},"end":{"line":376,"column":72}},"114":{"start":{"line":378,"column":4},"end":{"line":383,"column":5}},"115":{"start":{"line":379,"column":6},"end":{"line":382,"column":9}},"116":{"start":{"line":386,"column":31},"end":{"line":386,"column":102}},"117":{"start":{"line":388,"column":4},"end":{"line":400,"column":7}},"118":{"start":{"line":403,"column":4},"end":{"line":403,"column":16}},"119":{"start":{"line":407,"column":0},"end":{"line":422,"column":2}}},"fnMap":{"0":{"name":"(anonymous_0)","decl":{"start":{"line":15,"column":14},"end":{"line":15,"column":15}},"loc":{"start":{"line":15,"column":40},"end":{"line":39,"column":1}},"line":15},"1":{"name":"(anonymous_1)","decl":{"start":{"line":45,"column":24},"end":{"line":45,"column":25}},"loc":{"start":{"line":45,"column":50},"end":{"line":66,"column":1}},"line":45},"2":{"name":"(anonymous_2)","decl":{"start":{"line":72,"column":16},"end":{"line":72,"column":17}},"loc":{"start":{"line":72,"column":42},"end":{"line":99,"column":1}},"line":72},"3":{"name":"(anonymous_3)","decl":{"start":{"line":105,"column":16},"end":{"line":105,"column":17}},"loc":{"start":{"line":105,"column":42},"end":{"line":120,"column":1}},"line":105},"4":{"name":"(anonymous_4)","decl":{"start":{"line":126,"column":18},"end":{"line":126,"column":19}},"loc":{"start":{"line":126,"column":44},"end":{"line":149,"column":1}},"line":126},"5":{"name":"(anonymous_5)","decl":{"start":{"line":155,"column":17},"end":{"line":155,"column":18}},"loc":{"start":{"line":155,"column":43},"end":{"line":170,"column":1}},"line":155},"6":{"name":"(anonymous_6)","decl":{"start":{"line":176,"column":23},"end":{"line":176,"column":24}},"loc":{"start":{"line":176,"column":49},"end":{"line":190,"column":1}},"line":176},"7":{"name":"(anonymous_7)","decl":{"start":{"line":196,"column":25},"end":{"line":196,"column":26}},"loc":{"start":{"line":196,"column":51},"end":{"line":226,"column":1}},"line":196},"8":{"name":"(anonymous_8)","decl":{"start":{"line":232,"column":28},"end":{"line":232,"column":29}},"loc":{"start":{"line":232,"column":54},"end":{"line":260,"column":1}},"line":232},"9":{"name":"(anonymous_9)","decl":{"start":{"line":266,"column":19},"end":{"line":266,"column":20}},"loc":{"start":{"line":266,"column":45},"end":{"line":293,"column":1}},"line":266},"10":{"name":"(anonymous_10)","decl":{"start":{"line":299,"column":17},"end":{"line":299,"column":18}},"loc":{"start":{"line":299,"column":43},"end":{"line":322,"column":1}},"line":299},"11":{"name":"(anonymous_11)","decl":{"start":{"line":328,"column":26},"end":{"line":328,"column":27}},"loc":{"start":{"line":328,"column":52},"end":{"line":343,"column":1}},"line":328},"12":{"name":"(anonymous_12)","decl":{"start":{"line":349,"column":28},"end":{"line":349,"column":29}},"loc":{"start":{"line":349,"column":54},"end":{"line":365,"column":1}},"line":349},"13":{"name":"(anonymous_13)","decl":{"start":{"line":371,"column":31},"end":{"line":371,"column":32}},"loc":{"start":{"line":371,"column":57},"end":{"line":405,"column":1}},"line":371}},"branchMap":{"0":{"loc":{"start":{"line":20,"column":4},"end":{"line":25,"column":5}},"type":"if","locations":[{"start":{"line":20,"column":4},"end":{"line":25,"column":5}},{"start":{},"end":{}}],"line":20},"1":{"loc":{"start":{"line":51,"column":4},"end":{"line":56,"column":5}},"type":"if","locations":[{"start":{"line":51,"column":4},"end":{"line":56,"column":5}},{"start":{},"end":{}}],"line":51},"2":{"loc":{"start":{"line":131,"column":4},"end":{"line":136,"column":5}},"type":"if","locations":[{"start":{"line":131,"column":4},"end":{"line":136,"column":5}},{"start":{},"end":{}}],"line":131},"3":{"loc":{"start":{"line":131,"column":8},"end":{"line":131,"column":67}},"type":"binary-expr","locations":[{"start":{"line":131,"column":8},"end":{"line":131,"column":35}},{"start":{"line":131,"column":39},"end":{"line":131,"column":67}}],"line":131},"4":{"loc":{"start":{"line":203,"column":4},"end":{"line":208,"column":5}},"type":"if","locations":[{"start":{"line":203,"column":4},"end":{"line":208,"column":5}},{"start":{},"end":{}}],"line":203},"5":{"loc":{"start":{"line":212,"column":4},"end":{"line":212,"column":40}},"type":"if","locations":[{"start":{"line":212,"column":4},"end":{"line":212,"column":40}},{"start":{},"end":{}}],"line":212},"6":{"loc":{"start":{"line":213,"column":4},"end":{"line":213,"column":49}},"type":"if","locations":[{"start":{"line":213,"column":4},"end":{"line":213,"column":49}},{"start":{},"end":{}}],"line":213},"7":{"loc":{"start":{"line":238,"column":4},"end":{"line":243,"column":5}},"type":"if","locations":[{"start":{"line":238,"column":4},"end":{"line":243,"column":5}},{"start":{},"end":{}}],"line":238},"8":{"loc":{"start":{"line":273,"column":4},"end":{"line":278,"column":5}},"type":"if","locations":[{"start":{"line":273,"column":4},"end":{"line":278,"column":5}},{"start":{},"end":{}}],"line":273},"9":{"loc":{"start":{"line":305,"column":4},"end":{"line":310,"column":5}},"type":"if","locations":[{"start":{"line":305,"column":4},"end":{"line":310,"column":5}},{"start":{},"end":{}}],"line":305},"10":{"loc":{"start":{"line":352,"column":34},"end":{"line":352,"column":48}},"type":"binary-expr","locations":[{"start":{"line":352,"column":34},"end":{"line":352,"column":42}},{"start":{"line":352,"column":46},"end":{"line":352,"column":48}}],"line":352},"11":{"loc":{"start":{"line":378,"column":4},"end":{"line":383,"column":5}},"type":"if","locations":[{"start":{"line":378,"column":4},"end":{"line":383,"column":5}},{"start":{},"end":{}}],"line":378}},"s":{"0":0,"1":0,"2":0,"3":0,"4":0,"5":0,"6":0,"7":0,"8":0,"9":0,"10":0,"11":0,"12":0,"13":0,"14":0,"15":0,"16":0,"17":0,"18":0,"19":0,"20":0,"21":0,"22":0,"23":0,"24":0,"25":0,"26":0,"27":0,"28":0,"29":0,"30":0,"31":0,"32":0,"33":0,"34":0,"35":0,"36":0,"37":0,"38":0,"39":0,"40":0,"41":0,"42":0,"43":0,"44":0,"45":0,"46":0,"47":0,"48":0,"49":0,"50":0,"51":0,"52":0,"53":0,"54":0,"55":0,"56":0,"57":0,"58":0,"59":0,"60":0,"61":0,"62":0,"63":0,"64":0,"65":0,"66":0,"67":0,"68":0,"69":0,"70":0,"71":0,"72":0,"73":0,"74":0,"75":0,"76":0,"77":0,"78":0,"79":0,"80":0,"81":0,"82":0,"83":0,"84":0,"85":0,"86":0,"87":0,"88":0,"89":0,"90":0,"91":0,"92":0,"93":0,"94":0,"95":0,"96":0,"97":0,"98":0,"99":0,"100":0,"101":0,"102":0,"103":0,"104":0,"105":0,"106":0,"107":0,"108":0,"109":0,"110":0,"111":0,"112":0,"113":0,"114":0,"115":0,"116":0,"117":0,"118":0,"119":0},"f":{"0":0,"1":0,"2":0,"3":0,"4":0,"5":0,"6":0,"7":0,"8":0,"9":0,"10":0,"11":0,"12":0,"13":0},"b":{"0":[0,0],"1":[0,0],"2":[0,0],"3":[0,0],"4":[0,0],"5":[0,0],"6":[0,0],"7":[0,0],"8":[0,0],"9":[0,0],"10":[0,0],"11":[0,0]}}
,"C:\\Users\\RominaSaez\\OneDrive - 3it Ingenieria y Desarrollo Ltda\\Escritorio\\chatbot-screening\\backend\\src\\modules\\chatbot\\repositories\\configRepository.js": {"path":"C:\\Users\\RominaSaez\\OneDrive - 3it Ingenieria y Desarrollo Ltda\\Escritorio\\chatbot-screening\\backend\\src\\modules\\chatbot\\repositories\\configRepository.js","statementMap":{"0":{"start":{"line":6,"column":53},"end":{"line":6,"column":97}},"1":{"start":{"line":13,"column":21},"end":{"line":27,"column":1}},"2":{"start":{"line":14,"column":2},"end":{"line":26,"column":3}},"3":{"start":{"line":15,"column":14},"end":{"line":15,"column":39}},"4":{"start":{"line":17,"column":4},"end":{"line":19,"column":5}},"5":{"start":{"line":18,"column":6},"end":{"line":18,"column":33}},"6":{"start":{"line":21,"column":4},"end":{"line":21,"column":39}},"7":{"start":{"line":23,"column":4},"end":{"line":23,"column":30}},"8":{"start":{"line":25,"column":4},"end":{"line":25,"column":67}},"9":{"start":{"line":34,"column":21},"end":{"line":41,"column":1}},"10":{"start":{"line":35,"column":2},"end":{"line":40,"column":3}},"11":{"start":{"line":36,"column":16},"end":{"line":36,"column":54}},"12":{"start":{"line":37,"column":4},"end":{"line":37,"column":36}},"13":{"start":{"line":39,"column":4},"end":{"line":39,"column":73}},"14":{"start":{"line":48,"column":25},"end":{"line":55,"column":1}},"15":{"start":{"line":49,"column":2},"end":{"line":54,"column":3}},"16":{"start":{"line":50,"column":16},"end":{"line":50,"column":58}},"17":{"start":{"line":51,"column":4},"end":{"line":51,"column":40}},"18":{"start":{"line":53,"column":4},"end":{"line":53,"column":77}},"19":{"start":{"line":62,"column":14},"end":{"line":112,"column":1}},"20":{"start":{"line":63,"column":2},"end":{"line":111,"column":3}},"21":{"start":{"line":64,"column":16},"end":{"line":85,"column":5}},"22":{"start":{"line":87,"column":19},"end":{"line":106,"column":5}},"23":{"start":{"line":108,"column":4},"end":{"line":108,"column":37}},"24":{"start":{"line":110,"column":4},"end":{"line":110,"column":64}},"25":{"start":{"line":120,"column":19},"end":{"line":210,"column":1}},"26":{"start":{"line":121,"column":2},"end":{"line":209,"column":3}},"27":{"start":{"line":123,"column":19},"end":{"line":123,"column":21}},"28":{"start":{"line":124,"column":20},"end":{"line":124
[...]
:51},"end":{"line":231,"column":1}},"line":16},"1":{"name":"(anonymous_1)","decl":{"start":{"line":17,"column":21},"end":{"line":17,"column":22}},"loc":{"start":{"line":17,"column":42},"end":{"line":230,"column":3}},"line":17},"2":{"name":"(anonymous_2)","decl":{"start":{"line":32,"column":21},"end":{"line":32,"column":22}},"loc":{"start":{"line":32,"column":32},"end":{"line":32,"column":50}},"line":32},"3":{"name":"(anonymous_3)","decl":{"start":{"line":33,"column":20},"end":{"line":33,"column":21}},"loc":{"start":{"line":33,"column":26},"end":{"line":33,"column":56}},"line":33},"4":{"name":"(anonymous_4)","decl":{"start":{"line":121,"column":40},"end":{"line":121,"column":41}},"loc":{"start":{"line":121,"column":63},"end":{"line":207,"column":9}},"line":121},"5":{"name":"(anonymous_5)","decl":{"start":{"line":192,"column":66},"end":{"line":192,"column":67}},"loc":{"start":{"line":192,"column":84},"end":{"line":194,"column":13}},"line":192},"6":{"name":"guardarPDF","decl":{"start":{"line":239,"column":15},"end":{"line":239,"column":25}},"loc":{"start":{"line":239,"column":52},"end":{"line":255,"column":1}},"line":239},"7":{"name":"(anonymous_7)","decl":{"start":{"line":249,"column":21},"end":{"line":249,"column":22}},"loc":{"start":{"line":249,"column":42},"end":{"line":254,"column":3}},"line":249},"8":{"name":"(anonymous_8)","decl":{"start":{"line":250,"column":41},"end":{"line":250,"column":42}},"loc":{"start":{"line":250,"column":50},"end":{"line":253,"column":5}},"line":250},"9":{"name":"agregarCampo","decl":{"start":{"line":262,"column":9},"end":{"line":262,"column":21}},"loc":{"start":{"line":262,"column":44},"end":{"line":268,"column":1}},"line":262},"10":{"name":"formatearFecha","decl":{"start":{"line":273,"column":9},"end":{"line":273,"column":23}},"loc":{"start":{"line":273,"column":31},"end":{"line":283,"column":1}},"line":273},"11":{"name":"formatearHora","decl":{"start":{"line":288,"column":9},"end":{"line":288,"column":22}},"loc":{"start":{"line":288,"column":30},"end":{"line":296,"column":1}},"line":288},"12":{"name":"obtenerEtiquetaTipo","decl":{"start":{"line":301,"column":9},"end":{"line":301,"column":28}},"loc":{"start":{"line":301,"column":35},"end":{"line":308,"column":1}},"line":301}},"branchMap":{"0":{"loc":{"start":{"line":63,"column":34},"end":{"line":63,"column":82}},"type":"binary-expr","locations":[{"start":{"line":63,"column":34},"end":{"line":63,"column":61}},{"start":{"line":63,"column":65},"end":{"line":63,"column":82}}],"line":63},"1":{"loc":{"start":{"line":64,"column":33},"end":{"line":64,"column":80}},"type":"binary-expr","locations":[{"start":{"line":64,"column":33},"end":{"line":64,"column":59}},{"start":{"line":64,"column":63},"end":{"line":64,"column":80}}],"line":64},"2":{"loc":{"start":{"line":65,"column":36},"end":{"line":65,"column":86}},"type":"binary-expr","locations":[{"start":{"line":65,"column":36},"end":{"line":65,"column":65}},{"start":{"line":65,"column":69},"end":{"line":65,"column":86}}],"line":65},"3":{"loc":{"start":{"line":81,"column":6},"end":{"line":95,"column":7}},"type":"switch","locations":[{"start":{"line":82,"column":8},"end":{"line":85,"column":16}},{"start":{"line":86,"column":8},"end":{"line":89,"column":16}},{"start":{"line":90,"column":8},"end":{"line":90,"column":25}},{"start":{"line":91,"column":8},"end":{"line":94,"column":16}}],"line":81},"4":{"loc":{"start":{"line":106,"column":47},"end":{"line":106,"column":76}},"type":"binary-expr","locations":[{"start":{"line":106,"column":47},"end":{"line":106,"column":71}},{"start":{"line":106,"column":75},"end":{"line":106,"column":76}}],"line":106},"5":{"loc":{"start":{"line":106,"column":82},"end":{"line":106,"column":114}},"type":"binary-expr","locations":[{"start":{"line":106,"column":82},"end":{"line":106,"column":107}},{"start":{"line":106,"column":111},"end":{"line":106,"column":114}}],"line":106},"6":{"loc":{"start":{"line":107,"column":41},"end":{"line":107,"column":78}},"type":"binary-expr","locations":[{"start":{"line":107,"column":41},"end":{"line":107,"column":73}},{"start":{"line":107,"column":77},"end":{"line":107,"column":78}}],"line":107},"7":{"loc":{"start":{"line":108,"column":51},"end":{"line":108,"column":85}},"type":"binary-expr","locations":[{"start":{"line":108,"column":51},"end":{"line":108,"column":79}},{"start":{"line":108,"column":83},"end":{"line":108,"column":85}}],"line":108},"8":{"loc":{"start":{"line":120,"column":6},"end":{"line":212,"column":7}},"type":"if","locations":[{"start":{"line":120,"column":6},"end":{"line":212,"column":7}},{"start":{"line":208,"column":13},"end":{"line":212,"column":7}}],"line":120},"9":{"loc":{"start":{"line":120,"column":10},"end":{"line":120,"column":71}},"type":"binary-expr","locations":[{"start":{"line":120,"column":10},"end":{"line":120,"column":33}},{"start":{"line":120,"column":37},"end":{"line":120,"column":71}}],"line":120},"10":{"loc":{"start":{"line":123,"column":10},"end":{"line":125,"column":11}},"type":"if","locations":[{"start":{"line":123,"column":10},"end":{"line":125,"column":11}},{"start":{},"end":{}}],"line":123},"11":{"loc":{"start":{"line":139,"column":23},"end":{"line":139,"column":57}},"type":"binary-expr","locations":[{"start":{"line":139,"column":23},"end":{"line":139,"column":48}},{"start":{"line":139,"column":52},"end":{"line":139,"column":57}}],"line":139},"12":{"loc":{"start":{"line":145,"column":23},"end":{"line":145,"column":58}},"type":"binary-expr","locations":[{"start":{"line":145,"column":23},"end":{"line":145,"column":49}},{"start":{"line":145,"column":53},"end":{"line":145,"column":58}}],"line":145},"13":{"loc":{"start":{"line":150,"column":28},"end":{"line":150,"column":74}},"type":"cond-expr","locations":[{"start":{"line":150,"column":53},"end":{"line":150,"column":62}},{"start":{"line":150,"column":65},"end":{"line":150,"column":74}}],"line":150},"14":{"loc":{"start":{"line":151,"column":28},"end":{"line":151,"column":82}},"type":"cond-expr","locations":[{"start":{"line":151,"column":53},"end":{"line":151,"column":65}},{"start":{"line":151,"column":68},"end":{"line":151,"column":82}}],"line":151},"15":{"loc":{"start":{"line":169,"column":23},"end":{"line":169,"column":43}},"type":"binary-expr","locations":[{"start":{"line":169,"column":23},"end":{"line":169,"column":38}},{"start":{"line":169,"column":42},"end":{"line":169,"column":43}}],"line":169},"16":{"loc":{"start":{"line":175,"column":23},"end":{"line":175,"column":60}},"type":"binary-expr","locations":[{"start":{"line":175,"column":23},"end":{"line":175,"column":51}},{"start":{"line":175,"column":55},"end":{"line":175,"column":60}}],"line":175},"17":{"loc":{"start":{"line":178,"column":10},"end":{"line":183,"column":11}},"type":"if","locations":[{"start":{"line":178,"column":10},"end":{"line":183,"column":11}},{"start":{},"end":{}}],"line":178},"18":{"loc":{"start":{"line":186,"column":10},"end":{"line":195,"column":11}},"type":"if","locations":[{"start":{"line":186,"column":10},"end":{"line":195,"column":11}},{"start":{},"end":{}}],"line":186},"19":{"loc":{"start":{"line":186,"column":14},"end":{"line":186,"column":96}},"type":"binary-expr","locations":[{"start":{"line":186,"column":14},"end":{"line":186,"column":43}},{"start":{"line":186,"column":47},"end":{"line":186,"column":96}}],"line":186},"20":{"loc":{"start":{"line":243,"column":2},"end":{"line":245,"column":3}},"type":"if","locations":[{"start":{"line":243,"column":2},"end":{"line":245,"column":3}},{"start":{},"end":{}}],"line":243},"21":{"loc":{"start":{"line":251,"column":6},"end":{"line":252,"column":32}},"type":"if","locations":[{"start":{"line":251,"column":6},"end":{"line":252,"column":32}},{"start":{"line":252,"column":11},"end":{"line":252,"column":32}}],"line":251},"22":{"loc":{"start":{"line":274,"column":2},"end":{"line":274,"column":27}},"type":"if","locations":[{"start":{"line":274,"column":2},"end":{"line":274,"column":27}},{"start":{},"end":{}}],"line":274},"23":{"loc":{"start":{"line":289,"column":2},"end":{"line":289,"column":27}},"type":"if","locations":[{"start":{"line":289,"column":2},"end":{"line":289,"column":27}},{"start":{},"end":{}}],"line":289},"24":{"loc":{"start":{"line":307,"column":9},"end":{"line":307,"column":28}},"type":"binary-expr","locations":[{"start":{"line":307,"column":9},"end":{"line":307,"column":20}},{"start":{"line":307,"column":24},"end":{"line":307,"column":28}}],"line":307}},"s":{"0":0,"1":0,"2":0,"3":0,"4":0,"5":0,"6":0,"7":0,"8":0,"9":0,"10":0,"11":0,"12":0,"13":0,"14":0,"15":0,"16":0,"17":0,"18":0,"19":0,"20":0,"21":0,"22":0,"23":0,"24":0,"25":0,"26":0,"27":0,"28":0,"29":0,"30":0,"31":0,"32":0,"33":0,"34":0,"35":0,"36":0,"37":0,"38":0,"39":0,"40":0,"41":0,"42":0,"43":0,"44":0,"45":0,"46":0,"47":0,"48":0,"49":0,"50":0,"51":0,"52":0,"53":0,"54":0,"55":0,"56":0,"57":0,"58":0,"59":0,"60":0,"61":0,"62":0,"63":0,"64":0,"65":0,"66":0,"67":0,"68":0,"69":0,"70":0,"71":0,"72":0,"73":0,"74":0,"75":0,"76":0,"77":0,"78":0,"79":0,"80":0,"81":0,"82":0,"83":0,"84":0,"85":0,"86":0,"87":0,"88":0,"89":0,"90":0,"91":0,"92":0,"93":0,"94":0,"95":0,"96":0},"f":{"0":0,"1":0,"2":0,"3":0,"4":0,"5":0,"6":0,"7":0,"8":0,"9":0,"10":0,"11":0,"12":0},"b":{"0":[0,0],"1":[0,0],"2":[0,0],"3":[0,0,0,0],"4":[0,0],"5":[0,0],"6":[0,0],"7":[0,0],"8":[0,0],"9":[0,0],"10":[0,0],"11":[0,0],"12":[0,0],"13":[0,0],"14":[0,0],"15":[0,0],"16":[0,0],"17":[0,0],"18":[0,0],"19":[0,0],"20":[0,0],"21":[0,0],"22":[0,0],"23":[0,0],"24":[0,0]}}
,"C:\\Users\\RominaSaez\\OneDrive - 3it Ingenieria y Desarrollo Ltda\\Escritorio\\chatbot-screening\\backend\\src\\shared\\utils\\queryHelper.js": {"path":"C:\\Users\\RominaSaez\\OneDrive - 3it Ingenieria y Desarrollo Ltda\\Escritorio\\chatbot-screening\\backend\\src\\shared\\utils\\queryHelper.js","statementMap":{"0":{"start":{"line":6,"column":20},"end":{"line":6,"column":52}},"1":{"start":{"line":15,"column":21},"end":{"line":57,"column":1}},"2":{"start":{"line":16,"column":19},"end":{"line":16,"column":23}},"3":{"start":{"line":18,"column":2},"end":{"line":56,"column":3}},"4":{"start":{"line":20,"column":17},"end":{"line":20,"column":32}},"5":{"start":{"line":23,"column":4},"end":{"line":23,"column":44}},"6":{"start":{"line":26,"column":4},"end":{"line":31,"column":5}},"7":{"start":{"line":27,"column":6},"end":{"line":27,"column":47}},"8":{"start":{"line":28,"column":6},"end":{"line":30,"column":7}},"9":{"start":{"line":29,"column":8},"end":{"line":29,"column":46}},"10":{"start":{"line":34,"column":19},"end":{"line":34,"column":56}},"11":{"start":{"line":37,"column":4},"end":{"line":39,"column":5}},"12":{"start":{"line":38,"column":6},"end":{"line":38,"column":109}},"13":{"start":{"line":41,"column":4},"end":{"line":41,"column":16}},"14":{"start":{"line":44,"column":4},"end":{"line":44,"column":63}},"15":{"start":{"line":45,"column":4},"end":{"line":45,"column":34}},"16":{"start":{"line":46,"column":4},"end":{"line":48,"column":5}},"17":{"start":{"line":47,"column":6},"end":{"line":47,"column":46}},"18":{"start":{"line":49,"column":4},"end":{"line":49,"column":16}},"19":{"start":{"line":53,"column":4},"end":{"line":55,"column":5}},"20":{"start":{"line":54,"column":6},"end":{"line":54,"column":27}},"21":{"start":{"line":66,"column":16},"end":{"line":74,"column":1}},"22":{"start":{"line":67,"column":2},"end":{"line":73,"column":3}},"23":{"start":{"line":68,"column":17},"end":{"line":68,"column":57}},"24":{"start":{"line":69,"column":4},"end":{"line":69,"column":44}},"25":{"start":{"line":71,"column":4},"end":{"line":71,"column":56}},"26":{"start":{"line":72,"column":4},"end":{"line":72,"column":16}},"27":{"start":{"line":83,"column":16},"end":{"line":90,"column":1}},"28":{"start":{"line":84,"column":2},"end":{"line":89,"column":3}},"29":{"start":{"line":85,"column":4},"end":{"line":85,"column":52}},"30":{"start":{"line":87,"column":4},"end":{"line":87,"column":56}},"31":{"start":{"line":88,"column":4},"end":{"line":88,"column":16}},"32":{"start":{"line":99,"column":15},"end":{"line":107,"column":1}},"33":{"start":{"line":100,"column":2},"end":{"line":106,"column":3}},"34":{"start":{"line":101,"column":19},"end":{"line":101,"column":59}},"35":{"start":{"line":102,"column":4},"end":{"line":102,"column":27}},"36":{"start":{"line":104,"column":4},"end":{"line":104,"column":55}},"37":{"start":{"line":105,"column":4},"end":{"line":105,"column":16}},"38":{"start":{"line":116,"column":15},"end":{"line":124,"column":1}},"39":{"start":{"line":117,"column":2},"end":{"line":123,"column":3}},"40":{"start":{"line":118,"column":19},"end":{"line":118,"column":59}},"41":{"start":{"line":119,"column":4},"end":{"line":119,"column":31}},"42":{"start":{"line":121,"column":4},"end":{"line":121,"column":55}},"43":{"start":{"line":122,"column":4},"end":{"line":122,"column":16}},"44":{"start":{"line":133,"column":15},"end":{"line":141,"column":1}},"45":{"start":{"line":134,"column":2},"end":{"line":140,"column":3}},"46":{"start":{"line":135,"column":19},"end":{"line":135,"column":59}},"47":{"start":{"line":136,"column":4},"end":{"line":136,"column":31}},"48":{"start":{"line":138,"column":4},"end":{"line":138,"column":55}},"49":{"start":{"line":139,"column":4},"end":{"line":139,"column":16}},"50":{"start":{"line":148,"column":20},"end":{"line":176,"column":1}},"51":{"start":{"line":149,"column":15},"end":{"line":149,"column":30}},"52":{"start":{"line":150,"column":21},"end":{"line":150,"column":47}},"53":{"start":{"line":152,"column":2},"end":{"line":175,"column":3}},"54":{"start":{"line":154,"column":4},"end":{"line":154,"column":40}},"55":{"start":{"line":155,"column":4},"end":{"line":155,"column":43}},"56":{"start":{"line":158,"column":19},"end":{"line":158,"column":45}},"57":{"start":{"line":161,"column":4},"end":{"line":161,"column":30}},"58":{"start":{"line":162,"column":4},"end":{"line":162,"column":44}},"59":{"start":{"line":164,"column":4},"end":{"line":164,"column":18}},"60":{"start":{"line":168,"column":4},"end":{"line":168,"column":32}},"61":{"start":{"line":169,"column":4},"end":{"line":169,"column":61}},"62":{"start":{"line":170,"column":4},"end":{"line":170,"column":16}},"63":{"start":{"line":174,"column":4},"end":{"line":174,"column":25}},"64":{"start":{"line":178,"column":0},"end":{"line":186,"column":2}}},"fnMap":{"0":{"name":"(anonymous_0)","decl":{"start":{"line":15,"column":21},"end":{"line":15,"column":22}},"loc":{"start":{"line":15,"column":66},"end":{"line":57,"column":1}},"line":15},"1":{"name":"(anonymous_1)","decl":{"start":{"line":66,"column":16},"end":{"line":66,"column":17}},"loc":{"start":{"line":66,"column":61},"end":{"line":74,"column":1}},"line":66},"2":{"name":"(anonymous_2)","decl":{"start":{"line":83,"column":16},"end":{"line":83,"column":17}},"loc":{"start":{"line":83,"column":61},"end":{"line":90,"column":1}},"line":83},"3":{"name":"(anonymous_3)","decl":{"start":{"line":99,"column":15},"end":{"line":99,"column":16}},"loc":{"start":{"line":99,"column":60},"end":{"line":107,"column":1}},"line":99},"4":{"name":"(anonymous_4)","decl":{"start":{"line":116,"column":15},"end":{"line":116,"column":16}},"loc":{"start":{"line":116,"column":60},"end":{"line":124,"column":1}},"line":116},"5":{"name":"(anonymous_5)","decl":{"start":{"line":133,"column":15},"end":{"line":133,"column":16}},"loc":{"start":{"line":133,"column":60},"end":{"line":141,"column":1}},"line":133},"6":{"name":"(anonymous_6)","decl":{"start":{"line":148,"column":20},"end":{"line":148,"column":21}},"loc":{"start":{"line":148,"column":40},"end":{"line":176,"column":1}},"line":148}},"branchMap":{"0":{"loc":{"start":{"line":15,"column":33},"end":{"line":15,"column":44}},"type":"default-arg","locations":[{"start":{"line":15,"column":42},"end":{"line":15,"column":44}}],"line":15},"1":{"loc":{"start":{"line":15,"column":46},"end":{"line":15,"column":61}},"type":"default-arg","locations":[{"start":{"line":15,"column":56},"end":{"line":15,"column":61}}],"line":15},"2":{"loc":{"start":{"line":26,"column":4},"end":{"line":31,"column":5}},"type":"if","locations":[{"start":{"line":26,"column":4},"end":{"line":31,"column":5}},{"start":{},"end":{}}],"line":26},"3":{"loc":{"start":{"line":28,"column":6},"end":{"line":30,"column":7}},"type":"if","locations":[{"start":{"line":28,"column":6},"end":{"line":30,"column":7}},{"start":{},"end":{}}],"line":28},"4":{"loc":{"start":{"line":37,"column":4},"end":{"line":39,"column":5}},"type":"if","locations":[{"start":{"line":37,"column":4},"end":{"line":39,"column":5}},{"start":{},"end":{}}],"line":37},"5":{"loc":{"start":{"line":38,"column":68},"end":{"line":38,"column":105}},"type":"binary-expr","locations":[{"start":{"line":38,"column":68},"end":{"line":38,"column":79}},{"start":{"line":38,"column":83},"end":{"line":38,"column":100}},{"start":{"line":38,"column":104},"end":{"line":38,"column":105}}],"line":38},"6":{"loc":{"start":{"line":46,"column":4},"end":{"line":48,"column":5}},"type":"if","locations":[{"start":{"line":46,"column":4},"end":{"line":48,"column":5}},{"start":{},"end":{}}],"line":46},"7":{"loc":{"start":{"line":53,"column":4},"end":{"line":55,"column":5}},"type":"if","locations":[{"start":{"line":53,"column":4},"end":{"line":55,"column":5}},{"start":{},"end":{}}],"line":53},"8":{"loc":{"start":{"line":66,"column":28},"end":{"line":66,"column":39}},"type":"default-arg","locations":[{"start":{"line":66,"column":37},"end":{"line":66,"column":39}}],"line":66},"9":{"loc":{"start":{"line":66,"column":41},"end":{"line":66,"column":56}},"type":"default-arg","locations":[{"start":{"line":66,"column":51},"end":{"line":66,"column":56}}],"line":66},"10":{"loc":{"start":{"line":69,"column":11},"end":{"line":69,"column":43}},"type":"cond-expr","locations":[{"start":{"line":69,"column":29},"end":{"line":69,"column":36}},{"start":{"line":69,"column":39},"end":{"line":69,"column":43}}],"line":69},"11":{"loc":{"start":{"line":83,"column":28},"end":{"line":83,"column":39}},"type":"default-arg","locations":[{"start":{"line":83,"column":37},"end":{"line":83,"column":39}}],"line":83},"12":{"loc":{"start":{"line":83,"column":41},"end":{"line":83,"column":56}},"type":"default-arg","locations":[{"start":{"line":83,"column":51},"end":{"line":83,"column":56}}],"line":83},"13":{"loc":{"start":{"line":99,"column":27},"end":{"line":99,"column":38}},"type":"default-arg","locations":[{"start":{"line":99,"column":36},"end":{"line":99,"column":38}}],"line":99},"14":{"loc":{"start":{"line":99,"column":40},"end":{"line":99,"column":55}},"type":"default-arg","locations":[{"start":{"line":99,"column":50},"end":{"line":99,"column":55}}],"line":99},"15":{"loc":{"start":{"line":116,"column":27},"end":{"line":116,"column":38}},"type":"default-arg","locations":[{"start":{"line":116,"column":36},"end":{"line":116,"column":38}}],"line":116},"16":{"loc":{"start":{"line":116,"column":40},"end":{"line":116,"column":55}},"type":"default-arg","locations":[{"start":{"line":116,"column":50},"end":{"line":116,"column":55}}],"line":116},"17":{"loc":{"start":{"line":133,"column":27},"end":{"line":133,"column":38}},"type":"default-arg","locations":[{"start":{"line":133,"column":36},"end":{"line":133,"column":38}}],"line":133},"18":{"loc":{"start":{"line":133,"column":40},"end":{"line":133,"column":55}},"type":"default-arg","locations":[{"start":{"line":133,"column":50},"end":{"line":133,"column":55}}],"line":133}},"s":{"0":0,"1":0,"2":0,"3":0,"4":0,"5":0,"6":0,"7":0,"8":0,"9":0,"10":0,"11":0,"12":0,"13":0,"14":0,"15":0,"16":0,"17":0,"18":0,"19":0,"20":0,"21":0,"22":0,"23":0,"24":0,"25":0,"26":0,"27":0,"28":0,"29":0,"30":0,"31":0,"32":0,"33":0,"34":0,"35":0,"36":0,"37":0,"38":0,"39":0,"40":0,"41":0,"42":0,"43":0,"44":0,"45":0,"46":0,"47":0,"48":0,"49":0,"50":0,"51":0,"52":0,"53":0,"54":0,"55":0,"56":0,"57":0,"58":0,"59":0,"60":0,"61":0,"62":0,"63":0,"64":0},"f":{"0":0,"1":0,"2":0,"3":0,"4":0,"5":0,"6":0},"b":{"0":[0],"1":[0],"2":[0,0],"3":[0,0],"4":[0,0],"5":[0,0,0],"6":[0,0],"7":[0,0],"8":[0],"9":[0],"10":[0,0],"11":[0],"12":[0],"13":[0],"14":[0],"15":[0],"16":[0],"17":[0],"18":[0]}}
}
