TN:
SF:src\config\database.js
FN:32,(anonymous_0)
FN:57,(anonymous_1)
FN:74,(anonymous_2)
FNF:3
FNH:0
FNDA:0,(anonymous_0)
FNDA:0,(anonymous_1)
FNDA:0,(anonymous_2)
DA:6,0
DA:9,0
DA:14,0
DA:32,0
DA:33,0
DA:34,0
DA:35,0
DA:36,0
DA:39,0
DA:40,0
DA:41,0
DA:42,0
DA:43,0
DA:46,0
DA:48,0
DA:49,0
DA:57,0
DA:58,0
DA:59,0
DA:60,0
DA:61,0
DA:62,0
DA:65,0
DA:66,0
DA:74,0
DA:75,0
DA:76,0
DA:77,0
DA:78,0
DA:79,0
DA:80,0
DA:82,0
DA:83,0
DA:87,0
LF:34
LH:0
BRDA:15,0,0,0
BRDA:15,0,1,0
BRDA:16,1,0,0
BRDA:16,1,1,0
BRDA:17,2,0,0
BRDA:17,2,1,0
BRDA:18,3,0,0
BRDA:18,3,1,0
BRDA:34,4,0,0
BRDA:34,4,1,0
BRDA:59,5,0,0
BRDA:59,5,1,0
BRF:12
BRH:0
end_of_record
TN:
SF:src\config\testConnection.js
FN:14,(anonymous_0)
FNF:1
FNH:0
FNDA:0,(anonymous_0)
DA:7,0
DA:9,0
DA:14,0
DA:15,0
DA:16,0
DA:17,0
DA:19,0
DA:20,0
DA:21,0
DA:22,0
DA:23,0
DA:25,0
DA:27,0
DA:28,0
DA:31,0
DA:33,0
DA:34,0
DA:35,0
DA:36,0
DA:39,0
DA:40,0
DA:41,0
DA:44,0
DA:49,0
DA:50,0
DA:53,0
DA:57,0
DA:59,0
DA:60,0
DA:63,0
DA:66,0
DA:67,0
DA:68,0
DA:72,0
DA:73,0
DA:74,0
DA:76,0
DA:77,0
DA:78,0
DA:80,0
DA:81,0
DA:82,0
DA:83,0
DA:84,0
DA:85,0
DA:89,0
DA:90,0
DA:91,0
DA:96,0
LF:49
LH:0
BRDA:23,0,0,0
BRDA:23,0,1,0
BRDA:33,1,0,0
BRDA:33,1,1,0
BRDA:49,2,0,0
BRDA:49,2,1,0
BRDA:78,3,0,0
BRDA:78,3,1,0
BRF:8
BRH:0
end_of_record
TN:
SF:src\modules\chatbot\controllers\configController.js
FN:17,(anonymous_0)
FN:43,(anonymous_1)
FN:72,(anonymous_2)
FN:139,(anonymous_3)
FN:209,(anonymous_4)
FN:251,(anonymous_5)
FN:281,(anonymous_6)
FN:307,(anonymous_7)
FN:355,(anonymous_8)
FN:386,(anonymous_9)
FN:414,(anonymous_10)
FNF:11
FNH:0
FNDA:0,(anonymous_0)
FNDA:0,(anonymous_1)
FNDA:0,(anonymous_2)
FNDA:0,(anonymous_3)
FNDA:0,(anonymous_4)
FNDA:0,(anonymous_5)
FNDA:0,(anonymous_6)
FNDA:0,(anonymous_7)
FNDA:0,(anonymous_8)
FNDA:0,(anonymous_9)
FNDA:0,(anonymous_10)
DA:6,0
DA:7,0
DA:17,0
DA:18,0
DA:20,0
DA:21,0
DA:24,0
DA:25,0
DA:26,0
DA:29,0
DA:35,0
DA:43,0
DA:44,0
DA:45,0
DA:46,0
DA:48,0
DA:49,0
DA:56,0
DA:57,0
DA:59,0
DA:64,0
DA:72,0
DA:73,0
DA:74,0
DA:75,0
DA:77,0
DA:80,0
DA:81,0
DA:88,0
DA:89,0
DA:90,0
DA:97,0
DA:98,0
DA:99,0
DA:100,0
DA:103,0
DA:104,0
DA:107,0
DA:108,0
DA:109,0
DA:110,0
DA:111,0
DA:112,0
DA:113,0
DA:114,0
DA:115,0
DA:118,0
DA:122,0
DA:123,0
DA:125,0
DA:131,0
DA:139,0
DA:140,0
DA:141,0
DA:142,0
DA:145,0
DA:146,0
DA:147,0
DA:154,0
DA:155,0
DA:156,0
DA:157,0
DA:165,0
DA:166,0
DA:169,0
DA:172,0
DA:174,0
DA:177,0
DA:178,0
DA:182,0
DA:183,0
DA:184,0
DA:185,0
DA:186,0
DA:187,0
DA:192,0
DA:193,0
DA:195,0
DA:201,0
DA:209,0
DA:210,0
DA:211,0
DA:212,0
DA:215,0
DA:216,0
DA:217,0
DA:223,0
DA:225,0
DA:226,0
DA:232,0
DA:233,0
DA:239,0
DA:251,0
DA:252,0
DA:253,0
DA:254,0
DA:257,0
DA:258,0
DA:259,0
DA:265,0
DA:267,0
DA:273,0
DA:281,0
DA:282,0
DA:283,0
DA:285,0
DA:287,0
DA:288,0
DA:294,0
DA:299,0
DA:307,0
DA:308,0
DA:309,0
DA:310,0
DA:313,0
DA:314,0
DA:315,0
DA:322,0
DA:323,0
DA:330,0
DA:333,0
DA:334,0
DA:335,0
DA:338,0
DA:339,0
DA:341,0
DA:347,0
DA:355,0
DA:356,0
DA:357,0
DA:358,0
DA:361,0
DA:362,0
DA:363,0
DA:369,0
DA:370,0
DA:372,0
DA:378,0
DA:386,0
DA:387,0
DA:388,0
DA:391,0
DA:392,0
DA:393,0
DA:399,0
DA:401,0
DA:406,0
DA:414,0
DA:415,0
DA:416,0
DA:417,0
DA:419,0
DA:420,0
DA:426,0
DA:428,0
DA:433,0
DA:437,0
LF:157
LH:0
BRDA:48,0,0,0
BRDA:48,0,1,0
BRDA:80,1,0,0
BRDA:80,1,1,0
BRDA:89,2,0,0
BRDA:89,2,1,0
BRDA:97,3,0,0
BRDA:97,3,1,0
BRDA:107,4,0,0
BRDA:107,4,1,0
BRDA:146,5,0,0
BRDA:146,5,1,0
BRDA:154,6,0,0
BRDA:154,6,1,0
BRDA:154,7,0,0
BRDA:154,7,1,0
BRDA:156,8,0,0
BRDA:156,8,1,0
BRDA:165,9,0,0
BRDA:165,9,1,0
BRDA:172,10,0,0
BRDA:172,10,1,0
BRDA:216,11,0,0
BRDA:216,11,1,0
BRDA:223,12,0,0
BRDA:223,12,1,0
BRDA:258,13,0,0
BRDA:258,13,1,0
BRDA:287,14,0,0
BRDA:287,14,1,0
BRDA:314,15,0,0
BRDA:314,15,1,0
BRDA:322,16,0,0
BRDA:322,16,1,0
BRDA:333,17,0,0
BRDA:333,17,1,0
BRDA:333,18,0,0
BRDA:333,18,1,0
BRDA:362,19,0,0
BRDA:362,19,1,0
BRDA:392,20,0,0
BRDA:392,20,1,0
BRDA:419,21,0,0
BRDA:419,21,1,0
BRDA:419,22,0,0
BRDA:419,22,1,0
BRF:46
BRH:0
end_of_record
TN:
SF:src\modules\chatbot\controllers\evaluacionController.js
FN:14,(anonymous_0)
FN:35,(anonymous_1)
FN:62,(anonymous_2)
FN:82,(anonymous_3)
FN:105,(anonymous_4)
FN:140,(anonymous_5)
FN:197,(anonymous_6)
FN:217,(anonymous_7)
FN:244,(anonymous_8)
FNF:9
FNH:0
FNDA:0,(anonymous_0)
FNDA:0,(anonymous_1)
FNDA:0,(anonymous_2)
FNDA:0,(anonymous_3)
FNDA:0,(anonymous_4)
FNDA:0,(anonymous_5)
FNDA:0,(anonymous_6)
FNDA:0,(anonymous_7)
FNDA:0,(anonymous_8)
DA:6,0
DA:7,0
DA:9,0
DA:15,0
DA:16,0
DA:18,0
DA:20,0
DA:27,0
DA:36,0
DA:37,0
DA:39,0
DA:41,0
DA:42,0
DA:48,0
DA:54,0
DA:63,0
DA:64,0
DA:66,0
DA:68,0
DA:74,0
DA:83,0
DA:84,0
DA:85,0
DA:87,0
DA:89,0
DA:91,0
DA:97,0
DA:106,0
DA:107,0
DA:110,0
DA:113,0
DA:116,0
DA:119,0
DA:121,0
DA:132,0
DA:141,0
DA:142,0
DA:143,0
DA:146,0
DA:147,0
DA:153,0
DA:154,0
DA:160,0
DA:161,0
DA:168,0
DA:175,0
DA:182,0
DA:189,0
DA:198,0
DA:199,0
DA:201,0
DA:203,0
DA:209,0
DA:218,0
DA:219,0
DA:221,0
DA:223,0
DA:224,0
DA:230,0
DA:236,0
DA:245,0
DA:246,0
DA:251,0
DA:253,0
DA:260,0
DA:265,0
LF:66
LH:0
BRDA:41,0,0,0
BRDA:41,0,1,0
BRDA:87,1,0,0
BRDA:87,1,1,0
BRDA:146,2,0,0
BRDA:146,2,1,0
BRDA:146,3,0,0
BRDA:146,3,1,0
BRDA:153,4,0,0
BRDA:153,4,1,0
BRDA:153,5,0,0
BRDA:153,5,1,0
BRDA:160,6,0,0
BRDA:160,6,1,0
BRDA:160,7,0,0
BRDA:160,7,1,0
BRDA:169,8,0,0
BRDA:169,8,1,0
BRDA:176,9,0,0
BRDA:176,9,1,0
BRDA:178,10,0,0
BRDA:178,10,1,0
BRDA:223,11,0,0
BRDA:223,11,1,0
BRF:24
BRH:0
end_of_record
TN:
SF:src\modules\chatbot\controllers\invitacionController.js
FN:21,(anonymous_0)
FN:28,(anonymous_1)
FN:41,(anonymous_2)
FN:156,(anonymous_3)
FNF:4
FNH:0
FNDA:0,(anonymous_0)
FNDA:0,(anonymous_1)
FNDA:0,(anonymous_2)
FNDA:0,(anonymous_3)
DA:6,0
DA:7,0
DA:8,0
DA:21,0
DA:22,0
DA:23,0
DA:24,0
DA:27,0
DA:28,0
DA:32,0
DA:33,0
DA:40,0
DA:41,0
DA:42,0
DA:43,0
DA:51,0
DA:52,0
DA:53,0
DA:60,0
DA:61,0
DA:68,0
DA:69,0
DA:75,0
DA:76,0
DA:79,0
DA:80,0
DA:82,0
DA:85,0
DA:86,0
DA:89,0
DA:99,0
DA:102,0
DA:103,0
DA:106,0
DA:112,0
DA:114,0
DA:123,0
DA:124,0
DA:133,0
DA:141,0
DA:142,0
DA:145,0
DA:148,0
DA:156,0
DA:157,0
DA:159,0
DA:160,0
DA:167,0
DA:169,0
DA:172,0
DA:176,0
LF:51
LH:0
BRDA:27,0,0,0
BRDA:27,0,1,0
BRDA:27,1,0,0
BRDA:27,1,1,0
BRDA:32,2,0,0
BRDA:32,2,1,0
BRDA:32,3,0,0
BRDA:32,3,1,0
BRDA:32,3,2,0
BRDA:41,4,0,0
BRDA:41,4,1,0
BRDA:42,5,0,0
BRDA:42,5,1,0
BRDA:52,6,0,0
BRDA:52,6,1,0
BRDA:60,7,0,0
BRDA:60,7,1,0
BRDA:68,8,0,0
BRDA:68,8,1,0
BRDA:68,9,0,0
BRDA:68,9,1,0
BRDA:93,10,0,0
BRDA:93,10,1,0
BRDA:94,11,0,0
BRDA:94,11,1,0
BRDA:102,12,0,0
BRDA:102,12,1,0
BRDA:141,13,0,0
BRDA:141,13,1,0
BRDA:159,14,0,0
BRDA:159,14,1,0
BRDA:159,15,0,0
BRDA:159,15,1,0
BRF:33
BRH:0
end_of_record
TN:
SF:src\modules\chatbot\controllers\mensajeController.js
FN:14,(anonymous_0)
FN:78,(anonymous_1)
FN:97,(anonymous_2)
FN:114,(anonymous_3)
FN:143,(anonymous_4)
FN:180,(anonymous_5)
FN:235,(anonymous_6)
FN:267,(anonymous_7)
FN:296,(anonymous_8)
FNF:9
FNH:0
FNDA:0,(anonymous_0)
FNDA:0,(anonymous_1)
FNDA:0,(anonymous_2)
FNDA:0,(anonymous_3)
FNDA:0,(anonymous_4)
FNDA:0,(anonymous_5)
FNDA:0,(anonymous_6)
FNDA:0,(anonymous_7)
FNDA:0,(anonymous_8)
DA:6,0
DA:7,0
DA:8,0
DA:14,0
DA:15,0
DA:16,0
DA:19,0
DA:20,0
DA:27,0
DA:28,0
DA:29,0
DA:37,0
DA:39,0
DA:40,0
DA:43,0
DA:44,0
DA:49,0
DA:50,0
DA:53,0
DA:54,0
DA:59,0
DA:60,0
DA:63,0
DA:70,0
DA:78,0
DA:79,0
DA:80,0
DA:81,0
DA:84,0
DA:85,0
DA:86,0
DA:93,0
DA:96,0
DA:97,0
DA:100,0
DA:106,0
DA:114,0
DA:115,0
DA:116,0
DA:119,0
DA:120,0
DA:121,0
DA:127,0
DA:129,0
DA:135,0
DA:143,0
DA:144,0
DA:145,0
DA:148,0
DA:149,0
DA:150,0
DA:156,0
DA:158,0
DA:159,0
DA:166,0
DA:172,0
DA:180,0
DA:181,0
DA:182,0
DA:183,0
DA:185,0
DA:186,0
DA:193,0
DA:194,0
DA:195,0
DA:202,0
DA:203,0
DA:204,0
DA:212,0
DA:215,0
DA:217,0
DA:227,0
DA:235,0
DA:236,0
DA:237,0
DA:238,0
DA:241,0
DA:242,0
DA:243,0
DA:249,0
DA:250,0
DA:252,0
DA:259,0
DA:267,0
DA:268,0
DA:269,0
DA:272,0
DA:273,0
DA:274,0
DA:280,0
DA:282,0
DA:288,0
DA:296,0
DA:297,0
DA:298,0
DA:300,0
DA:301,0
DA:302,0
DA:308,0
DA:314,0
DA:318,0
LF:101
LH:0
BRDA:19,0,0,0
BRDA:19,0,1,0
BRDA:19,1,0,0
BRDA:19,1,1,0
BRDA:19,1,2,0
BRDA:28,2,0,0
BRDA:28,2,1,0
BRDA:37,3,0,0
BRDA:37,3,1,0
BRDA:37,3,2,0
BRDA:43,4,0,0
BRDA:43,4,1,0
BRDA:53,5,0,0
BRDA:53,5,1,0
BRDA:85,6,0,0
BRDA:85,6,1,0
BRDA:96,7,0,0
BRDA:96,7,1,0
BRDA:120,8,0,0
BRDA:120,8,1,0
BRDA:149,9,0,0
BRDA:149,9,1,0
BRDA:158,10,0,0
BRDA:158,10,1,0
BRDA:185,11,0,0
BRDA:185,11,1,0
BRDA:185,12,0,0
BRDA:185,12,1,0
BRDA:194,13,0,0
BRDA:194,13,1,0
BRDA:203,14,0,0
BRDA:203,14,1,0
BRDA:242,15,0,0
BRDA:242,15,1,0
BRDA:273,16,0,0
BRDA:273,16,1,0
BRDA:301,17,0,0
BRDA:301,17,1,0
BRF:38
BRH:0
end_of_record
TN:
SF:src\modules\chatbot\controllers\sesionController.js
FN:15,(anonymous_0)
FN:45,(anonymous_1)
FN:72,(anonymous_2)
FN:105,(anonymous_3)
FN:126,(anonymous_4)
FN:155,(anonymous_5)
FN:176,(anonymous_6)
FN:196,(anonymous_7)
FN:232,(anonymous_8)
FN:266,(anonymous_9)
FN:299,(anonymous_10)
FN:328,(anonymous_11)
FN:349,(anonymous_12)
FN:371,(anonymous_13)
FNF:14
FNH:0
FNDA:0,(anonymous_0)
FNDA:0,(anonymous_1)
FNDA:0,(anonymous_2)
FNDA:0,(anonymous_3)
FNDA:0,(anonymous_4)
FNDA:0,(anonymous_5)
FNDA:0,(anonymous_6)
FNDA:0,(anonymous_7)
FNDA:0,(anonymous_8)
FNDA:0,(anonymous_9)
FNDA:0,(anonymous_10)
FNDA:0,(anonymous_11)
FNDA:0,(anonymous_12)
FNDA:0,(anonymous_13)
DA:6,0
DA:7,0
DA:8,0
DA:9,0
DA:15,0
DA:16,0
DA:17,0
DA:20,0
DA:21,0
DA:28,0
DA:30,0
DA:37,0
DA:45,0
DA:46,0
DA:47,0
DA:49,0
DA:51,0
DA:52,0
DA:58,0
DA:64,0
DA:72,0
DA:73,0
DA:74,0
DA:76,0
DA:78,0
DA:91,0
DA:105,0
DA:106,0
DA:107,0
DA:109,0
DA:111,0
DA:118,0
DA:126,0
DA:127,0
DA:128,0
DA:129,0
DA:131,0
DA:132,0
DA:138,0
DA:140,0
DA:147,0
DA:155,0
DA:156,0
DA:157,0
DA:159,0
DA:161,0
DA:168,0
DA:176,0
DA:177,0
DA:178,0
DA:180,0
DA:182,0
DA:188,0
DA:196,0
DA:197,0
DA:198,0
DA:199,0
DA:202,0
DA:203,0
DA:204,0
DA:211,0
DA:212,0
DA:213,0
DA:215,0
DA:217,0
DA:224,0
DA:232,0
DA:233,0
DA:234,0
DA:237,0
DA:238,0
DA:239,0
DA:246,0
DA:247,0
DA:249,0
DA:258,0
DA:266,0
DA:267,0
DA:268,0
DA:269,0
DA:272,0
DA:273,0
DA:274,0
DA:281,0
DA:282,0
DA:284,0
DA:291,0
DA:299,0
DA:300,0
DA:301,0
DA:304,0
DA:305,0
DA:306,0
DA:312,0
DA:314,0
DA:320,0
DA:328,0
DA:329,0
DA:330,0
DA:332,0
DA:341,0
DA:349,0
DA:350,0
DA:351,0
DA:352,0
DA:354,0
DA:356,0
DA:363,0
DA:371,0
DA:372,0
DA:373,0
DA:376,0
DA:378,0
DA:379,0
DA:386,0
DA:388,0
DA:403,0
DA:407,0
LF:118
LH:0
BRDA:20,0,0,0
BRDA:20,0,1,0
BRDA:51,1,0,0
BRDA:51,1,1,0
BRDA:131,2,0,0
BRDA:131,2,1,0
BRDA:131,3,0,0
BRDA:131,3,1,0
BRDA:203,4,0,0
BRDA:203,4,1,0
BRDA:212,5,0,0
BRDA:212,5,1,0
BRDA:213,6,0,0
BRDA:213,6,1,0
BRDA:238,7,0,0
BRDA:238,7,1,0
BRDA:273,8,0,0
BRDA:273,8,1,0
BRDA:305,9,0,0
BRDA:305,9,1,0
BRDA:352,10,0,0
BRDA:352,10,1,0
BRDA:378,11,0,0
BRDA:378,11,1,0
BRF:24
BRH:0
end_of_record
TN:
SF:src\modules\chatbot\repositories\configRepository.js
FN:13,(anonymous_0)
FN:34,(anonymous_1)
FN:48,(anonymous_2)
FN:62,(anonymous_3)
FN:120,(anonymous_4)
FN:217,(anonymous_5)
FN:231,(anonymous_6)
FN:245,(anonymous_7)
FNF:8
FNH:0
FNDA:0,(anonymous_0)
FNDA:0,(anonymous_1)
FNDA:0,(anonymous_2)
FNDA:0,(anonymous_3)
FNDA:0,(anonymous_4)
FNDA:0,(anonymous_5)
FNDA:0,(anonymous_6)
FNDA:0,(anonymous_7)
DA:6,0
DA:13,0
DA:14,0
DA:15,0
DA:17,0
DA:18,0
DA:21,0
DA:23,0
DA:25,0
DA:34,0
DA:35,0
DA:36,0
DA:37,0
DA:39,0
DA:48,0
DA:49,0
DA:50,0
DA:51,0
DA:53,0
DA:62,0
DA:63,0
DA:64,0
DA:87,0
DA:108,0
DA:110,0
DA:120,0
DA:121,0
DA:123,0
DA:124,0
DA:126,0
DA:127,0
DA:128,0
DA:130,0
DA:131,0
DA:132,0
DA:134,0
DA:135,0
DA:136,0
DA:138,0
DA:139,0
DA:140,0
DA:142,0
DA:143,0
DA:144,0
DA:146,0
DA:147,0
DA:148,0
DA:150,0
DA:151,0
DA:152,0
DA:154,0
DA:155,0
DA:156,0
DA:158,0
DA:159,0
DA:160,0
DA:162,0
DA:163,0
DA:164,0
DA:166,0
DA:167,0
DA:168,0
DA:170,0
DA:171,0
DA:172,0
DA:174,0
DA:175,0
DA:176,0
DA:178,0
DA:179,0
DA:180,0
DA:182,0
DA:183,0
DA:184,0
DA:186,0
DA:187,0
DA:188,0
DA:190,0
DA:191,0
DA:192,0
DA:194,0
DA:195,0
DA:196,0
DA:199,0
DA:200,0
DA:203,0
DA:205,0
DA:206,0
DA:208,0
DA:217,0
DA:218,0
DA:219,0
DA:220,0
DA:222,0
DA:231,0
DA:232,0
DA:233,0
DA:234,0
DA:236,0
DA:245,0
DA:246,0
DA:247,0
DA:248,0
DA:249,0
DA:251,0
DA:255,0
LF:106
LH:0
BRDA:13,0,0,0
BRDA:17,1,0,0
BRDA:17,1,1,0
BRDA:89,2,0,0
BRDA:89,2,1,0
BRDA:90,3,0,0
BRDA:90,3,1,0
BRDA:91,4,0,0
BRDA:91,4,1,0
BRDA:92,5,0,0
BRDA:92,5,1,0
BRDA:93,6,0,0
BRDA:93,6,1,0
BRDA:94,7,0,0
BRDA:94,7,1,0
BRDA:95,8,0,0
BRDA:95,8,1,0
BRDA:96,9,0,0
BRDA:96,9,1,0
BRDA:97,10,0,0
BRDA:97,10,1,0
BRDA:98,11,0,0
BRDA:98,11,1,0
BRDA:99,12,0,0
BRDA:99,12,1,0
BRDA:100,13,0,0
BRDA:100,13,1,0
BRDA:101,14,0,0
BRDA:101,14,1,0
BRDA:102,15,0,0
BRDA:102,15,1,0
BRDA:103,16,0,0
BRDA:103,16,1,0
BRDA:104,17,0,0
BRDA:104,17,1,0
BRDA:105,18,0,0
BRDA:105,18,1,0
BRDA:126,19,0,0
BRDA:126,19,1,0
BRDA:130,20,0,0
BRDA:130,20,1,0
BRDA:134,21,0,0
BRDA:134,21,1,0
BRDA:138,22,0,0
BRDA:138,22,1,0
BRDA:142,23,0,0
BRDA:142,23,1,0
BRDA:146,24,0,0
BRDA:146,24,1,0
BRDA:150,25,0,0
BRDA:150,25,1,0
BRDA:154,26,0,0
BRDA:154,26,1,0
BRDA:158,27,0,0
BRDA:158,27,1,0
BRDA:162,28,0,0
BRDA:162,28,1,0
BRDA:166,29,0,0
BRDA:166,29,1,0
BRDA:170,30,0,0
BRDA:170,30,1,0
BRDA:174,31,0,0
BRDA:174,31,1,0
BRDA:178,32,0,0
BRDA:178,32,1,0
BRDA:182,33,0,0
BRDA:182,33,1,0
BRDA:186,34,0,0
BRDA:186,34,1,0
BRDA:190,35,0,0
BRDA:190,35,1,0
BRDA:192,36,0,0
BRDA:192,36,1,0
BRDA:194,37,0,0
BRDA:194,37,1,0
BRDA:199,38,0,0
BRDA:199,38,1,0
BRDA:249,39,0,0
BRDA:249,39,1,0
BRF:79
BRH:0
end_of_record
TN:
SF:src\modules\chatbot\repositories\evaluacionesRepository.js
FN:13,(anonymous_0)
FN:52,(anonymous_1)
FN:66,(anonymous_2)
FN:90,(anonymous_3)
FN:114,(anonymous_4)
FN:138,(anonymous_5)
FN:186,(anonymous_6)
FN:200,(anonymous_7)
FN:227,(anonymous_8)
FN:247,(anonymous_9)
FN:272,(anonymous_10)
FNF:11
FNH:0
FNDA:0,(anonymous_0)
FNDA:0,(anonymous_1)
FNDA:0,(anonymous_2)
FNDA:0,(anonymous_3)
FNDA:0,(anonymous_4)
FNDA:0,(anonymous_5)
FNDA:0,(anonymous_6)
FNDA:0,(anonymous_7)
FNDA:0,(anonymous_8)
FNDA:0,(anonymous_9)
FNDA:0,(anonymous_10)
DA:6,0
DA:13,0
DA:14,0
DA:15,0
DA:29,0
DA:41,0
DA:43,0
DA:52,0
DA:53,0
DA:54,0
DA:55,0
DA:57,0
DA:66,0
DA:67,0
DA:68,0
DA:79,0
DA:81,0
DA:90,0
DA:91,0
DA:92,0
DA:102,0
DA:104,0
DA:114,0
DA:115,0
DA:116,0
DA:126,0
DA:128,0
DA:138,0
DA:139,0
DA:140,0
DA:141,0
DA:143,0
DA:144,0
DA:145,0
DA:148,0
DA:149,0
DA:150,0
DA:153,0
DA:154,0
DA:155,0
DA:158,0
DA:159,0
DA:160,0
DA:163,0
DA:164,0
DA:165,0
DA:168,0
DA:169,0
DA:172,0
DA:174,0
DA:175,0
DA:177,0
DA:186,0
DA:187,0
DA:188,0
DA:189,0
DA:191,0
DA:200,0
DA:201,0
DA:202,0
DA:216,0
DA:218,0
DA:227,0
DA:228,0
DA:229,0
DA:235,0
DA:236,0
DA:238,0
DA:247,0
DA:248,0
DA:249,0
DA:257,0
DA:258,0
DA:263,0
DA:272,0
DA:273,0
DA:274,0
DA:291,0
DA:293,0
DA:294,0
DA:295,0
DA:298,0
DA:300,0
DA:302,0
DA:306,0
LF:85
LH:0
BRDA:32,0,0,0
BRDA:32,0,1,0
BRDA:34,1,0,0
BRDA:34,1,1,0
BRDA:35,2,0,0
BRDA:35,2,1,0
BRDA:37,3,0,0
BRDA:37,3,1,0
BRDA:38,4,0,0
BRDA:38,4,1,0
BRDA:143,5,0,0
BRDA:143,5,1,0
BRDA:148,6,0,0
BRDA:148,6,1,0
BRDA:153,7,0,0
BRDA:153,7,1,0
BRDA:158,8,0,0
BRDA:158,8,1,0
BRDA:160,9,0,0
BRDA:160,9,1,0
BRDA:163,10,0,0
BRDA:163,10,1,0
BRDA:168,11,0,0
BRDA:168,11,1,0
BRDA:236,12,0,0
BRDA:236,12,1,0
BRDA:259,13,0,0
BRDA:259,13,1,0
BRDA:260,14,0,0
BRDA:260,14,1,0
BRDA:272,15,0,0
BRDA:293,16,0,0
BRDA:293,16,1,0
BRF:33
BRH:0
end_of_record
TN:
SF:src\modules\chatbot\repositories\mensajesRepository.js
FN:13,(anonymous_0)
FN:44,(anonymous_1)
FN:59,(anonymous_2)
FN:82,(anonymous_3)
FN:102,(anonymous_4)
FN:122,(anonymous_5)
FN:148,(anonymous_6)
FN:181,(anonymous_7)
FN:195,(anonymous_8)
FN:213,(anonymous_9)
FN:229,(anonymous_10)
FN:253,(anonymous_11)
FN:272,(anonymous_12)
FNF:13
FNH:0
FNDA:0,(anonymous_0)
FNDA:0,(anonymous_1)
FNDA:0,(anonymous_2)
FNDA:0,(anonymous_3)
FNDA:0,(anonymous_4)
FNDA:0,(anonymous_5)
FNDA:0,(anonymous_6)
FNDA:0,(anonymous_7)
FNDA:0,(anonymous_8)
FNDA:0,(anonymous_9)
FNDA:0,(anonymous_10)
FNDA:0,(anonymous_11)
FNDA:0,(anonymous_12)
DA:6,0
DA:13,0
DA:14,0
DA:15,0
DA:25,0
DA:33,0
DA:35,0
DA:44,0
DA:45,0
DA:46,0
DA:47,0
DA:49,0
DA:59,0
DA:60,0
DA:61,0
DA:62,0
DA:64,0
DA:65,0
DA:66,0
DA:69,0
DA:71,0
DA:73,0
DA:82,0
DA:83,0
DA:84,0
DA:91,0
DA:93,0
DA:102,0
DA:103,0
DA:104,0
DA:111,0
DA:113,0
DA:122,0
DA:123,0
DA:124,0
DA:136,0
DA:138,0
DA:148,0
DA:149,0
DA:150,0
DA:151,0
DA:153,0
DA:154,0
DA:155,0
DA:158,0
DA:159,0
DA:160,0
DA:163,0
DA:164,0
DA:167,0
DA:169,0
DA:170,0
DA:172,0
DA:181,0
DA:182,0
DA:183,0
DA:184,0
DA:186,0
DA:195,0
DA:196,0
DA:197,0
DA:205,0
DA:207,0
DA:213,0
DA:214,0
DA:217,0
DA:219,0
DA:229,0
DA:230,0
DA:231,0
DA:232,0
DA:234,0
DA:235,0
DA:236,0
DA:239,0
DA:241,0
DA:243,0
DA:253,0
DA:254,0
DA:255,0
DA:260,0
DA:261,0
DA:263,0
DA:272,0
DA:273,0
DA:274,0
DA:275,0
DA:277,0
DA:281,0
LF:89
LH:0
BRDA:27,0,0,0
BRDA:27,0,1,0
BRDA:30,1,0,0
BRDA:30,1,1,0
BRDA:59,2,0,0
BRDA:64,3,0,0
BRDA:64,3,1,0
BRDA:153,4,0,0
BRDA:153,4,1,0
BRDA:158,5,0,0
BRDA:158,5,1,0
BRDA:160,6,0,0
BRDA:160,6,1,0
BRDA:163,7,0,0
BRDA:163,7,1,0
BRDA:229,8,0,0
BRDA:234,9,0,0
BRDA:234,9,1,0
BRDA:261,10,0,0
BRDA:261,10,1,0
BRF:20
BRH:0
end_of_record
TN:
SF:src\modules\chatbot\repositories\preguntasRepository.js
FN:14,(anonymous_0)
FN:35,(anonymous_1)
FN:49,(anonymous_2)
FN:109,(anonymous_3)
FN:205,(anonymous_4)
FN:219,(anonymous_5)
FN:234,(anonymous_6)
FN:253,(anonymous_7)
FN:274,(anonymous_8)
FNF:9
FNH:0
FNDA:0,(anonymous_0)
FNDA:0,(anonymous_1)
FNDA:0,(anonymous_2)
FNDA:0,(anonymous_3)
FNDA:0,(anonymous_4)
FNDA:0,(anonymous_5)
FNDA:0,(anonymous_6)
FNDA:0,(anonymous_7)
FNDA:0,(anonymous_8)
DA:6,0
DA:14,0
DA:15,0
DA:16,0
DA:18,0
DA:19,0
DA:22,0
DA:24,0
DA:26,0
DA:35,0
DA:36,0
DA:37,0
DA:38,0
DA:40,0
DA:49,0
DA:50,0
DA:51,0
DA:75,0
DA:97,0
DA:99,0
DA:109,0
DA:110,0
DA:111,0
DA:112,0
DA:114,0
DA:115,0
DA:116,0
DA:118,0
DA:119,0
DA:120,0
DA:122,0
DA:123,0
DA:124,0
DA:126,0
DA:127,0
DA:128,0
DA:130,0
DA:131,0
DA:132,0
DA:134,0
DA:135,0
DA:136,0
DA:138,0
DA:139,0
DA:140,0
DA:142,0
DA:143,0
DA:144,0
DA:146,0
DA:147,0
DA:148,0
DA:150,0
DA:151,0
DA:152,0
DA:154,0
DA:155,0
DA:156,0
DA:158,0
DA:159,0
DA:160,0
DA:162,0
DA:163,0
DA:164,0
DA:166,0
DA:167,0
DA:168,0
DA:170,0
DA:171,0
DA:172,0
DA:174,0
DA:175,0
DA:176,0
DA:178,0
DA:179,0
DA:180,0
DA:182,0
DA:183,0
DA:184,0
DA:187,0
DA:188,0
DA:191,0
DA:193,0
DA:194,0
DA:196,0
DA:205,0
DA:206,0
DA:207,0
DA:208,0
DA:210,0
DA:219,0
DA:220,0
DA:221,0
DA:222,0
DA:224,0
DA:234,0
DA:235,0
DA:237,0
DA:238,0
DA:239,0
DA:241,0
DA:243,0
DA:253,0
DA:254,0
DA:255,0
DA:256,0
DA:258,0
DA:259,0
DA:262,0
DA:263,0
DA:265,0
DA:274,0
DA:275,0
DA:276,0
DA:281,0
DA:283,0
DA:287,0
LF:116
LH:0
BRDA:14,0,0,0
BRDA:18,1,0,0
BRDA:18,1,1,0
BRDA:78,2,0,0
BRDA:78,2,1,0
BRDA:79,3,0,0
BRDA:79,3,1,0
BRDA:80,4,0,0
BRDA:80,4,1,0
BRDA:81,5,0,0
BRDA:81,5,1,0
BRDA:82,6,0,0
BRDA:82,6,1,0
BRDA:83,7,0,0
BRDA:83,7,1,0
BRDA:84,8,0,0
BRDA:84,8,1,0
BRDA:85,9,0,0
BRDA:85,9,1,0
BRDA:86,10,0,0
BRDA:86,10,1,0
BRDA:87,11,0,0
BRDA:87,11,1,0
BRDA:88,12,0,0
BRDA:88,12,1,0
BRDA:89,13,0,0
BRDA:89,13,1,0
BRDA:90,14,0,0
BRDA:90,14,1,0
BRDA:91,15,0,0
BRDA:91,15,1,0
BRDA:92,16,0,0
BRDA:92,16,1,0
BRDA:93,17,0,0
BRDA:93,17,1,0
BRDA:94,18,0,0
BRDA:94,18,1,0
BRDA:114,19,0,0
BRDA:114,19,1,0
BRDA:118,20,0,0
BRDA:118,20,1,0
BRDA:122,21,0,0
BRDA:122,21,1,0
BRDA:126,22,0,0
BRDA:126,22,1,0
BRDA:130,23,0,0
BRDA:130,23,1,0
BRDA:132,24,0,0
BRDA:132,24,1,0
BRDA:134,25,0,0
BRDA:134,25,1,0
BRDA:138,26,0,0
BRDA:138,26,1,0
BRDA:142,27,0,0
BRDA:142,27,1,0
BRDA:146,28,0,0
BRDA:146,28,1,0
BRDA:150,29,0,0
BRDA:150,29,1,0
BRDA:154,30,0,0
BRDA:154,30,1,0
BRDA:156,31,0,0
BRDA:156,31,1,0
BRDA:158,32,0,0
BRDA:158,32,1,0
BRDA:162,33,0,0
BRDA:162,33,1,0
BRDA:166,34,0,0
BRDA:166,34,1,0
BRDA:168,35,0,0
BRDA:168,35,1,0
BRDA:170,36,0,0
BRDA:170,36,1,0
BRDA:174,37,0,0
BRDA:174,37,1,0
BRDA:178,38,0,0
BRDA:178,38,1,0
BRDA:182,39,0,0
BRDA:182,39,1,0
BRDA:187,40,0,0
BRDA:187,40,1,0
BRDA:253,41,0,0
BRDA:258,42,0,0
BRDA:258,42,1,0
BRDA:263,43,0,0
BRDA:263,43,1,0
BRF:86
BRH:0
end_of_record
TN:
SF:src\modules\chatbot\repositories\sesionesRepository.js
FN:13,(anonymous_0)
FN:58,(anonymous_1)
FN:72,(anonymous_2)
FN:87,(anonymous_3)
FN:115,(anonymous_4)
FN:134,(anonymous_5)
FN:217,(anonymous_6)
FN:236,(anonymous_7)
FN:260,(anonymous_8)
FN:274,(anonymous_9)
FN:295,(anonymous_10)
FN:310,(anonymous_11)
FN:335,(anonymous_12)
FNF:13
FNH:0
FNDA:0,(anonymous_0)
FNDA:0,(anonymous_1)
FNDA:0,(anonymous_2)
FNDA:0,(anonymous_3)
FNDA:0,(anonymous_4)
FNDA:0,(anonymous_5)
FNDA:0,(anonymous_6)
FNDA:0,(anonymous_7)
FNDA:0,(anonymous_8)
FNDA:0,(anonymous_9)
FNDA:0,(anonymous_10)
FNDA:0,(anonymous_11)
FNDA:0,(anonymous_12)
DA:6,0
DA:13,0
DA:14,0
DA:15,0
DA:32,0
DA:47,0
DA:49,0
DA:58,0
DA:59,0
DA:60,0
DA:61,0
DA:63,0
DA:72,0
DA:73,0
DA:74,0
DA:75,0
DA:77,0
DA:87,0
DA:88,0
DA:89,0
DA:90,0
DA:92,0
DA:93,0
DA:94,0
DA:97,0
DA:98,0
DA:99,0
DA:102,0
DA:104,0
DA:106,0
DA:115,0
DA:116,0
DA:117,0
DA:122,0
DA:124,0
DA:134,0
DA:135,0
DA:136,0
DA:137,0
DA:139,0
DA:140,0
DA:141,0
DA:144,0
DA:145,0
DA:149,0
DA:150,0
DA:154,0
DA:155,0
DA:156,0
DA:159,0
DA:160,0
DA:161,0
DA:164,0
DA:165,0
DA:166,0
DA:169,0
DA:170,0
DA:171,0
DA:174,0
DA:175,0
DA:176,0
DA:179,0
DA:180,0
DA:181,0
DA:184,0
DA:185,0
DA:186,0
DA:189,0
DA:190,0
DA:191,0
DA:194,0
DA:195,0
DA:196,0
DA:199,0
DA:200,0
DA:203,0
DA:205,0
DA:206,0
DA:208,0
DA:217,0
DA:218,0
DA:219,0
DA:225,0
DA:227,0
DA:236,0
DA:237,0
DA:238,0
DA:245,0
DA:247,0
DA:249,0
DA:251,0
DA:260,0
DA:261,0
DA:262,0
DA:263,0
DA:265,0
DA:274,0
DA:275,0
DA:276,0
DA:284,0
DA:287,0
DA:295,0
DA:296,0
DA:299,0
DA:301,0
DA:310,0
DA:311,0
DA:312,0
DA:324,0
DA:326,0
DA:335,0
DA:336,0
DA:337,0
DA:357,0
DA:359,0
DA:363,0
LF:116
LH:0
BRDA:34,0,0,0
BRDA:34,0,1,0
BRDA:36,1,0,0
BRDA:36,1,1,0
BRDA:37,2,0,0
BRDA:37,2,1,0
BRDA:38,3,0,0
BRDA:38,3,1,0
BRDA:39,4,0,0
BRDA:39,4,1,0
BRDA:40,5,0,0
BRDA:40,5,1,0
BRDA:41,6,0,0
BRDA:41,6,1,0
BRDA:42,7,0,0
BRDA:42,7,1,0
BRDA:43,8,0,0
BRDA:43,8,1,0
BRDA:44,9,0,0
BRDA:44,9,1,0
BRDA:87,10,0,0
BRDA:92,11,0,0
BRDA:92,11,1,0
BRDA:97,12,0,0
BRDA:97,12,1,0
BRDA:139,13,0,0
BRDA:139,13,1,0
BRDA:144,14,0,0
BRDA:144,14,1,0
BRDA:144,15,0,0
BRDA:144,15,1,0
BRDA:149,16,0,0
BRDA:149,16,1,0
BRDA:149,17,0,0
BRDA:149,17,1,0
BRDA:154,18,0,0
BRDA:154,18,1,0
BRDA:159,19,0,0
BRDA:159,19,1,0
BRDA:164,20,0,0
BRDA:164,20,1,0
BRDA:169,21,0,0
BRDA:169,21,1,0
BRDA:174,22,0,0
BRDA:174,22,1,0
BRDA:179,23,0,0
BRDA:179,23,1,0
BRDA:184,24,0,0
BRDA:184,24,1,0
BRDA:189,25,0,0
BRDA:189,25,1,0
BRDA:194,26,0,0
BRDA:194,26,1,0
BRDA:196,27,0,0
BRDA:196,27,1,0
BRDA:199,28,0,0
BRDA:199,28,1,0
BRDA:247,29,0,0
BRDA:247,29,1,0
BRDA:249,30,0,0
BRDA:249,30,1,0
BRF:61
BRH:0
end_of_record
TN:
SF:src\modules\chatbot\routes\configRoutes.js
FNF:0
FNH:0
DA:6,0
DA:7,0
DA:8,0
DA:9,0
DA:10,0
DA:21,0
DA:27,0
DA:33,0
DA:39,0
DA:46,0
DA:57,0
DA:63,0
DA:69,0
DA:75,0
DA:81,0
DA:88,0
DA:99,0
DA:105,0
DA:116,0
DA:122,0
DA:124,0
LF:21
LH:0
BRF:0
BRH:0
end_of_record
TN:
SF:src\modules\chatbot\routes\evaluacionRoutes.js
FNF:0
FNH:0
DA:6,0
DA:7,0
DA:8,0
DA:21,0
DA:27,0
DA:34,0
DA:40,0
DA:46,0
DA:52,0
DA:58,0
DA:72,0
DA:79,0
DA:81,0
LF:13
LH:0
BRF:0
BRH:0
end_of_record
TN:
SF:src\modules\chatbot\routes\mensajeRoutes.js
FNF:0
FNH:0
DA:6,0
DA:7,0
DA:8,0
DA:19,0
DA:25,0
DA:31,0
DA:37,0
DA:39,0
LF:8
LH:0
BRF:0
BRH:0
end_of_record
TN:
SF:src\modules\chatbot\routes\sesionRoutes.js
FNF:0
FNH:0
DA:6,0
DA:7,0
DA:8,0
DA:9,0
DA:20,0
DA:26,0
DA:32,0
DA:38,0
DA:44,0
DA:50,0
DA:57,0
DA:63,0
DA:70,0
DA:76,0
DA:82,0
DA:88,0
DA:99,0
DA:105,0
DA:111,0
DA:118,0
DA:120,0
LF:21
LH:0
BRF:0
BRH:0
end_of_record
TN:
SF:src\modules\chatbot\services\mensajeService.js
FN:19,(anonymous_0)
FN:50,(anonymous_1)
FN:96,(anonymous_2)
FN:213,(anonymous_3)
FN:231,(anonymous_4)
FN:253,(anonymous_5)
FN:288,(anonymous_6)
FN:300,(anonymous_7)
FN:303,(anonymous_8)
FN:318,(anonymous_9)
FNF:10
FNH:0
FNDA:0,(anonymous_0)
FNDA:0,(anonymous_1)
FNDA:0,(anonymous_2)
FNDA:0,(anonymous_3)
FNDA:0,(anonymous_4)
FNDA:0,(anonymous_5)
FNDA:0,(anonymous_6)
FNDA:0,(anonymous_7)
FNDA:0,(anonymous_8)
FNDA:0,(anonymous_9)
DA:6,0
DA:7,0
DA:8,0
DA:9,0
DA:10,0
DA:19,0
DA:20,0
DA:22,0
DA:23,0
DA:24,0
DA:27,0
DA:34,0
DA:35,0
DA:38,0
DA:50,0
DA:51,0
DA:53,0
DA:54,0
DA:55,0
DA:59,0
DA:60,0
DA:61,0
DA:65,0
DA:67,0
DA:80,0
DA:81,0
DA:84,0
DA:96,0
DA:97,0
DA:99,0
DA:100,0
DA:101,0
DA:105,0
DA:106,0
DA:110,0
DA:111,0
DA:112,0
DA:116,0
DA:117,0
DA:118,0
DA:122,0
DA:123,0
DA:126,0
DA:134,0
DA:135,0
DA:138,0
DA:139,0
DA:141,0
DA:143,0
DA:145,0
DA:146,0
DA:150,0
DA:154,0
DA:156,0
DA:157,0
DA:162,0
DA:165,0
DA:166,0
DA:172,0
DA:176,0
DA:178,0
DA:179,0
DA:187,0
DA:189,0
DA:192,0
DA:194,0
DA:201,0
DA:204,0
DA:213,0
DA:214,0
DA:216,0
DA:217,0
DA:218,0
DA:222,0
DA:225,0
DA:227,0
DA:231,0
DA:244,0
DA:253,0
DA:254,0
DA:255,0
DA:256,0
DA:257,0
DA:261,0
DA:264,0
DA:266,0
DA:270,0
DA:279,0
DA:288,0
DA:289,0
DA:290,0
DA:291,0
DA:292,0
DA:296,0
DA:299,0
DA:300,0
DA:303,0
DA:305,0
DA:308,0
DA:318,0
DA:319,0
DA:320,0
DA:321,0
DA:322,0
DA:325,0
DA:328,0
DA:329,0
DA:333,0
DA:334,0
DA:338,0
DA:339,0
DA:343,0
DA:344,0
DA:345,0
DA:346,0
DA:350,0
DA:356,0
DA:360,0
LF:118
LH:0
BRDA:19,0,0,0
BRDA:23,1,0,0
BRDA:23,1,1,0
BRDA:50,2,0,0
BRDA:50,3,0,0
BRDA:54,4,0,0
BRDA:54,4,1,0
BRDA:60,5,0,0
BRDA:60,5,1,0
BRDA:65,6,0,0
BRDA:65,6,1,0
BRDA:72,7,0,0
BRDA:72,7,1,0
BRDA:76,8,0,0
BRDA:76,8,1,0
BRDA:96,9,0,0
BRDA:100,10,0,0
BRDA:100,10,1,0
BRDA:105,11,0,0
BRDA:105,11,1,0
BRDA:111,12,0,0
BRDA:111,12,1,0
BRDA:117,13,0,0
BRDA:117,13,1,0
BRDA:122,14,0,0
BRDA:122,14,1,0
BRDA:122,15,0,0
BRDA:122,15,1,0
BRDA:122,15,2,0
BRDA:138,16,0,0
BRDA:138,16,1,0
BRDA:145,17,0,0
BRDA:145,17,1,0
BRDA:217,18,0,0
BRDA:217,18,1,0
BRDA:238,19,0,0
BRDA:238,19,1,0
BRDA:256,20,0,0
BRDA:256,20,1,0
BRDA:266,21,0,0
BRDA:266,21,1,0
BRDA:291,22,0,0
BRDA:291,22,1,0
BRDA:305,23,0,0
BRDA:305,23,1,0
BRDA:321,24,0,0
BRDA:321,24,1,0
BRDA:328,25,0,0
BRDA:328,25,1,0
BRDA:328,26,0,0
BRDA:328,26,1,0
BRDA:328,26,2,0
BRDA:333,27,0,0
BRDA:333,27,1,0
BRDA:333,28,0,0
BRDA:333,28,1,0
BRDA:338,29,0,0
BRDA:338,29,1,0
BRDA:338,30,0,0
BRDA:338,30,1,0
BRDA:343,31,0,0
BRDA:343,31,1,0
BRDA:345,32,0,0
BRDA:345,32,1,0
BRF:64
BRH:0
end_of_record
TN:
SF:src\modules\chatbot\services\perfilService.js
FN:18,(anonymous_0)
FN:22,(anonymous_1)
FN:29,(anonymous_2)
FN:57,(anonymous_3)
FN:93,(anonymous_4)
FN:103,(anonymous_5)
FNF:6
FNH:0
FNDA:0,(anonymous_0)
FNDA:0,(anonymous_1)
FNDA:0,(anonymous_2)
FNDA:0,(anonymous_3)
FNDA:0,(anonymous_4)
FNDA:0,(anonymous_5)
DA:7,0
DA:8,0
DA:9,0
DA:19,0
DA:21,0
DA:22,0
DA:24,0
DA:25,0
DA:29,0
DA:30,0
DA:32,0
DA:34,0
DA:36,0
DA:38,0
DA:42,0
DA:45,0
DA:46,0
DA:58,0
DA:59,0
DA:61,0
DA:63,0
DA:64,0
DA:66,0
DA:67,0
DA:69,0
DA:70,0
DA:72,0
DA:73,0
DA:77,0
DA:79,0
DA:80,0
DA:83,0
DA:84,0
DA:94,0
DA:104,0
DA:105,0
DA:111,0
DA:113,0
DA:114,0
DA:115,0
DA:120,0
DA:123,0
DA:124,0
DA:125,0
DA:130,0
DA:133,0
DA:134,0
DA:139,0
DA:142,0
DA:149,0
LF:50
LH:0
BRDA:24,0,0,0
BRDA:24,0,1,0
BRDA:30,1,0,0
BRDA:30,1,1,0
BRDA:30,1,2,0
BRDA:30,1,3,0
BRDA:61,2,0,0
BRDA:61,2,1,0
BRDA:61,2,2,0
BRDA:61,2,3,0
BRDA:94,3,0,0
BRDA:94,3,1,0
BRDA:104,4,0,0
BRDA:104,4,1,0
BRDA:104,5,0,0
BRDA:104,5,1,0
BRDA:111,6,0,0
BRDA:111,6,1,0
BRDA:111,6,2,0
BRDA:114,7,0,0
BRDA:114,7,1,0
BRDA:124,8,0,0
BRDA:124,8,1,0
BRDA:133,9,0,0
BRDA:133,9,1,0
BRF:25
BRH:0
end_of_record
TN:
SF:src\modules\chatbot\services\sesionService.js
FN:18,(anonymous_0)
FN:27,(anonymous_1)
FN:39,(anonymous_2)
FN:122,(anonymous_3)
FN:162,(anonymous_4)
FN:192,(anonymous_5)
FN:203,(anonymous_6)
FN:240,(anonymous_7)
FN:267,(anonymous_8)
FN:281,(anonymous_9)
FN:350,(anonymous_10)
FN:353,(anonymous_11)
FN:366,(anonymous_12)
FN:384,(anonymous_13)
FN:420,(anonymous_14)
FNF:15
FNH:0
FNDA:0,(anonymous_0)
FNDA:0,(anonymous_1)
FNDA:0,(anonymous_2)
FNDA:0,(anonymous_3)
FNDA:0,(anonymous_4)
FNDA:0,(anonymous_5)
FNDA:0,(anonymous_6)
FNDA:0,(anonymous_7)
FNDA:0,(anonymous_8)
FNDA:0,(anonymous_9)
FNDA:0,(anonymous_10)
FNDA:0,(anonymous_11)
FNDA:0,(anonymous_12)
FNDA:0,(anonymous_13)
FNDA:0,(anonymous_14)
DA:6,0
DA:7,0
DA:8,0
DA:9,0
DA:10,0
DA:11,0
DA:12,0
DA:18,0
DA:19,0
DA:27,0
DA:28,0
DA:29,0
DA:30,0
DA:39,0
DA:40,0
DA:42,0
DA:44,0
DA:45,0
DA:48,0
DA:49,0
DA:53,0
DA:56,0
DA:57,0
DA:58,0
DA:59,0
DA:63,0
DA:66,0
DA:81,0
DA:84,0
DA:86,0
DA:92,0
DA:93,0
DA:94,0
DA:96,0
DA:103,0
DA:106,0
DA:110,0
DA:113,0
DA:122,0
DA:123,0
DA:125,0
DA:127,0
DA:128,0
DA:132,0
DA:134,0
DA:136,0
DA:137,0
DA:141,0
DA:142,0
DA:146,0
DA:147,0
DA:150,0
DA:153,0
DA:162,0
DA:163,0
DA:165,0
DA:168,0
DA:169,0
DA:173,0
DA:179,0
DA:182,0
DA:192,0
DA:193,0
DA:203,0
DA:204,0
DA:206,0
DA:208,0
DA:209,0
DA:213,0
DA:216,0
DA:219,0
DA:228,0
DA:231,0
DA:240,0
DA:241,0
DA:242,0
DA:244,0
DA:245,0
DA:248,0
DA:249,0
DA:252,0
DA:256,0
DA:259,0
DA:267,0
DA:268,0
DA:269,0
DA:271,0
DA:281,0
DA:282,0
DA:283,0
DA:286,0
DA:288,0
DA:289,0
DA:293,0
DA:295,0
DA:296,0
DA:300,0
DA:303,0
DA:306,0
DA:315,0
DA:317,0
DA:318,0
DA:322,0
DA:323,0
DA:324,0
DA:325,0
DA:326,0
DA:328,0
DA:329,0
DA:332,0
DA:337,0
DA:338,0
DA:339,0
DA:342,0
DA:343,0
DA:346,0
DA:347,0
DA:350,0
DA:352,0
DA:353,0
DA:356,0
DA:367,0
DA:368,0
DA:370,0
DA:371,0
DA:379,0
DA:382,0
DA:384,0
DA:395,0
DA:396,0
DA:397,0
DA:399,0
DA:400,0
DA:405,0
DA:411,0
DA:420,0
DA:421,0
DA:422,0
DA:424,0
DA:425,0
DA:428,0
DA:452,0
DA:456,0
LF:143
LH:0
BRDA:27,0,0,0
BRDA:39,1,0,0
BRDA:44,2,0,0
BRDA:44,2,1,0
BRDA:48,3,0,0
BRDA:48,3,1,0
BRDA:73,4,0,0
BRDA:73,4,1,0
BRDA:74,5,0,0
BRDA:74,5,1,0
BRDA:75,6,0,0
BRDA:75,6,1,0
BRDA:77,7,0,0
BRDA:77,7,1,0
BRDA:92,8,0,0
BRDA:92,8,1,0
BRDA:94,9,0,0
BRDA:94,9,1,0
BRDA:127,10,0,0
BRDA:127,10,1,0
BRDA:134,11,0,0
BRDA:134,11,1,0
BRDA:141,12,0,0
BRDA:141,12,1,0
BRDA:146,13,0,0
BRDA:146,13,1,0
BRDA:168,14,0,0
BRDA:168,14,1,0
BRDA:193,15,0,0
BRDA:193,15,1,0
BRDA:208,16,0,0
BRDA:208,16,1,0
BRDA:213,17,0,0
BRDA:213,17,1,0
BRDA:244,18,0,0
BRDA:244,18,1,0
BRDA:248,19,0,0
BRDA:248,19,1,0
BRDA:281,20,0,0
BRDA:288,21,0,0
BRDA:288,21,1,0
BRDA:295,22,0,0
BRDA:295,22,1,0
BRDA:300,23,0,0
BRDA:300,23,1,0
BRDA:318,24,0,0
BRDA:318,24,1,0
BRDA:322,25,0,0
BRDA:322,25,1,0
BRDA:324,26,0,0
BRDA:324,26,1,0
BRDA:337,27,0,0
BRDA:337,27,1,0
BRDA:353,28,0,0
BRDA:353,28,1,0
BRDA:357,29,0,0
BRDA:357,29,1,0
BRDA:358,30,0,0
BRDA:358,30,1,0
BRDA:359,31,0,0
BRDA:359,31,1,0
BRDA:360,32,0,0
BRDA:360,32,1,0
BRDA:361,33,0,0
BRDA:361,33,1,0
BRDA:362,34,0,0
BRDA:362,34,1,0
BRDA:363,35,0,0
BRDA:363,35,1,0
BRDA:364,36,0,0
BRDA:364,36,1,0
BRDA:365,37,0,0
BRDA:365,37,1,0
BRDA:390,38,0,0
BRDA:390,38,1,0
BRDA:391,39,0,0
BRDA:391,39,1,0
BRDA:424,40,0,0
BRDA:424,40,1,0
BRF:79
BRH:0
end_of_record
TN:
SF:src\modules\chatbot\services\evaluacion\evaluacionService.js
FN:20,(anonymous_0)
FN:77,(anonymous_1)
FN:100,(anonymous_2)
FN:101,(anonymous_3)
FN:102,(anonymous_4)
FN:128,(anonymous_5)
FN:146,(anonymous_6)
FN:176,(anonymous_7)
FN:213,(anonymous_8)
FN:238,(anonymous_9)
FN:252,(anonymous_10)
FNF:11
FNH:0
FNDA:0,(anonymous_0)
FNDA:0,(anonymous_1)
FNDA:0,(anonymous_2)
FNDA:0,(anonymous_3)
FNDA:0,(anonymous_4)
FNDA:0,(anonymous_5)
FNDA:0,(anonymous_6)
FNDA:0,(anonymous_7)
FNDA:0,(anonymous_8)
FNDA:0,(anonymous_9)
FNDA:0,(anonymous_10)
DA:6,0
DA:7,0
DA:8,0
DA:9,0
DA:21,0
DA:22,0
DA:25,0
DA:26,0
DA:29,0
DA:32,0
DA:35,0
DA:49,0
DA:52,0
DA:54,0
DA:56,0
DA:63,0
DA:64,0
DA:78,0
DA:79,0
DA:82,0
DA:84,0
DA:85,0
DA:95,0
DA:96,0
DA:99,0
DA:100,0
DA:101,0
DA:102,0
DA:104,0
DA:106,0
DA:117,0
DA:118,0
DA:129,0
DA:130,0
DA:133,0
DA:135,0
DA:136,0
DA:146,0
DA:147,0
DA:148,0
DA:159,0
DA:161,0
DA:163,0
DA:166,0
DA:167,0
DA:177,0
DA:178,0
DA:181,0
DA:182,0
DA:183,0
DA:186,0
DA:189,0
DA:195,0
DA:197,0
DA:203,0
DA:204,0
DA:214,0
DA:215,0
DA:217,0
DA:218,0
DA:225,0
DA:228,0
DA:229,0
DA:239,0
DA:241,0
DA:243,0
DA:244,0
DA:252,0
DA:253,0
DA:255,0
DA:267,0
DA:268,0
DA:273,0
LF:73
LH:0
BRDA:25,0,0,0
BRDA:25,0,1,0
BRDA:43,1,0,0
BRDA:43,1,1,0
BRDA:44,2,0,0
BRDA:44,2,1,0
BRDA:45,3,0,0
BRDA:45,3,1,0
BRDA:84,4,0,0
BRDA:84,4,1,0
BRDA:84,5,0,0
BRDA:84,5,1,0
BRDA:100,6,0,0
BRDA:100,6,1,0
BRDA:101,7,0,0
BRDA:101,7,1,0
BRDA:128,8,0,0
BRDA:135,9,0,0
BRDA:135,9,1,0
BRDA:135,10,0,0
BRDA:135,10,1,0
BRDA:147,11,0,0
BRDA:147,11,1,0
BRDA:161,12,0,0
BRDA:161,12,1,0
BRDA:182,13,0,0
BRDA:182,13,1,0
BRDA:182,14,0,0
BRDA:182,14,1,0
BRDA:217,15,0,0
BRDA:217,15,1,0
BRDA:217,16,0,0
BRDA:217,16,1,0
BRDA:243,17,0,0
BRDA:243,17,1,0
BRDA:243,18,0,0
BRDA:243,18,1,0
BRDA:257,19,0,0
BRDA:257,19,1,0
BRF:39
BRH:0
end_of_record
TN:
SF:src\modules\chatbot\services\evaluacion\scoringService.js
FN:12,(anonymous_0)
FN:16,(anonymous_1)
FN:39,(anonymous_2)
FN:54,(anonymous_3)
FN:63,(anonymous_4)
FN:64,(anonymous_5)
FN:75,(anonymous_6)
FN:86,(anonymous_7)
FN:96,(anonymous_8)
FN:141,(anonymous_9)
FN:148,(anonymous_10)
FN:157,(anonymous_11)
FNF:12
FNH:8
FNDA:8,(anonymous_0)
FNDA:16,(anonymous_1)
FNDA:7,(anonymous_2)
FNDA:0,(anonymous_3)
FNDA:7,(anonymous_4)
FNDA:14,(anonymous_5)
FNDA:5,(anonymous_6)
FNDA:2,(anonymous_7)
FNDA:10,(anonymous_8)
FNDA:0,(anonymous_9)
FNDA:0,(anonymous_10)
FNDA:0,(anonymous_11)
DA:13,8
DA:14,8
DA:16,8
DA:17,16
DA:18,16
DA:21,16
DA:24,16
DA:27,8
DA:40,7
DA:41,1
DA:44,6
DA:45,6
DA:55,0
DA:64,7
DA:65,14
DA:77,5
DA:79,5
DA:80,1
DA:86,2
DA:91,4
DA:92,4
DA:95,4
DA:96,10
DA:97,4
DA:106,4
DA:108,1
DA:109,1
DA:110,3
DA:112,1
DA:113,1
DA:116,2
DA:117,2
DA:120,4
DA:142,0
DA:148,0
DA:149,0
DA:150,0
DA:151,0
DA:152,0
DA:157,0
DA:158,0
DA:159,0
DA:164,0
DA:168,1
LF:44
LH:33
BRDA:17,0,0,16
BRDA:17,0,1,0
BRDA:18,1,0,16
BRDA:18,1,1,4
BRDA:40,2,0,1
BRDA:40,2,1,6
BRDA:55,3,0,0
BRDA:55,3,1,0
BRDA:65,4,0,14
BRDA:65,4,1,4
BRDA:79,5,0,1
BRDA:79,5,1,4
BRDA:86,6,0,2
BRDA:86,6,1,1
BRDA:106,7,0,1
BRDA:106,7,1,3
BRDA:110,8,0,1
BRDA:110,8,1,2
BRDA:149,9,0,0
BRDA:149,9,1,0
BRDA:150,10,0,0
BRDA:150,10,1,0
BRDA:152,11,0,0
BRDA:152,11,1,0
BRDA:158,12,0,0
BRDA:158,12,1,0
BRF:26
BRH:15
end_of_record
TN:
SF:src\modules\chatbot\services\evaluacion\evaluators\EvaluatorFactory.js
FN:17,(anonymous_0)
FN:46,(anonymous_1)
FNF:2
FNH:0
FNDA:0,(anonymous_0)
FNDA:0,(anonymous_1)
DA:6,0
DA:7,0
DA:8,0
DA:18,0
DA:20,0
DA:24,0
DA:25,0
DA:28,0
DA:31,0
DA:35,0
DA:36,0
DA:47,0
DA:48,0
DA:51,0
DA:55,0
LF:15
LH:0
BRDA:17,0,0,0
BRDA:18,1,0,0
BRDA:18,1,1,0
BRDA:18,1,2,0
BRDA:18,1,3,0
BRDA:24,2,0,0
BRDA:24,2,1,0
BRDA:24,3,0,0
BRDA:24,3,1,0
BRDA:46,4,0,0
BRDA:47,5,0,0
BRDA:47,5,1,0
BRDA:48,6,0,0
BRDA:48,6,1,0
BRDA:48,7,0,0
BRDA:48,7,1,0
BRDA:51,8,0,0
BRDA:51,8,1,0
BRF:18
BRH:0
end_of_record
TN:
SF:src\modules\chatbot\services\evaluacion\evaluators\IAEvaluator.js
FN:14,(anonymous_0)
FN:59,(anonymous_1)
FN:79,(anonymous_2)
FN:80,(anonymous_3)
FN:89,(anonymous_4)
FN:125,(anonymous_5)
FNF:6
FNH:0
FNDA:0,(anonymous_0)
FNDA:0,(anonymous_1)
FNDA:0,(anonymous_2)
FNDA:0,(anonymous_3)
FNDA:0,(anonymous_4)
FNDA:0,(anonymous_5)
DA:15,0
DA:19,0
DA:22,0
DA:25,0
DA:26,0
DA:28,0
DA:43,0
DA:61,0
DA:62,0
DA:64,0
DA:65,0
DA:68,0
DA:69,0
DA:73,0
DA:80,0
DA:116,0
DA:142,0
DA:146,0
LF:18
LH:0
BRDA:35,0,0,0
BRDA:35,0,1,0
BRDA:36,1,0,0
BRDA:36,1,1,0
BRDA:61,2,0,0
BRDA:61,2,1,0
BRDA:62,3,0,0
BRDA:62,3,1,0
BRDA:64,4,0,0
BRDA:64,4,1,0
BRDA:68,5,0,0
BRDA:68,5,1,0
BRF:12
BRH:0
end_of_record
TN:
SF:src\modules\chatbot\services\evaluacion\evaluators\ManualEvaluator.js
FN:13,(anonymous_0)
FN:35,(anonymous_1)
FNF:2
FNH:0
FNDA:0,(anonymous_0)
FNDA:0,(anonymous_1)
DA:14,0
DA:36,0
DA:50,0
LF:3
LH:0
BRF:0
BRH:0
end_of_record
TN:
SF:src\modules\chatbot\services\evaluacion\evaluators\ReglaFijaEvaluator.js
FN:15,(anonymous_0)
FN:110,(anonymous_1)
FNF:2
FNH:0
FNDA:0,(anonymous_0)
FNDA:0,(anonymous_1)
DA:6,0
DA:16,0
DA:18,0
DA:19,0
DA:29,0
DA:36,0
DA:39,0
DA:40,0
DA:44,0
DA:45,0
DA:49,0
DA:50,0
DA:53,0
DA:54,0
DA:57,0
DA:58,0
DA:63,0
DA:64,0
DA:67,0
DA:68,0
DA:71,0
DA:81,0
DA:95,0
DA:111,0
DA:112,0
DA:118,0
DA:119,0
DA:123,0
DA:125,0
DA:126,0
DA:130,0
DA:133,0
DA:134,0
DA:136,0
DA:140,0
DA:141,0
DA:143,0
DA:147,0
DA:148,0
DA:150,0
DA:153,0
DA:154,0
DA:156,0
DA:159,0
DA:165,0
DA:173,0
LF:46
LH:0
BRDA:18,0,0,0
BRDA:18,0,1,0
BRDA:29,1,0,0
BRDA:29,1,1,0
BRDA:36,2,0,0
BRDA:36,2,1,0
BRDA:36,2,2,0
BRDA:36,2,3,0
BRDA:36,2,4,0
BRDA:36,2,5,0
BRDA:36,2,6,0
BRDA:36,2,7,0
BRDA:36,2,8,0
BRDA:36,2,9,0
BRDA:36,2,10,0
BRDA:36,2,11,0
BRDA:36,2,12,0
BRDA:111,3,0,0
BRDA:111,3,1,0
BRDA:119,4,0,0
BRDA:119,4,1,0
BRDA:125,5,0,0
BRDA:125,5,1,0
BRDA:130,6,0,0
BRDA:130,6,1,0
BRDA:130,6,2,0
BRDA:130,6,3,0
BRDA:130,6,4,0
BRDA:130,6,5,0
BRDA:130,6,6,0
BRDA:133,7,0,0
BRDA:133,7,1,0
BRDA:133,8,0,0
BRDA:133,8,1,0
BRDA:133,8,2,0
BRDA:140,9,0,0
BRDA:140,9,1,0
BRDA:140,10,0,0
BRDA:140,10,1,0
BRDA:147,11,0,0
BRDA:147,11,1,0
BRDA:147,12,0,0
BRDA:147,12,1,0
BRDA:153,13,0,0
BRDA:153,13,1,0
BRF:45
BRH:0
end_of_record
TN:
SF:src\modules\chatbot\services\evaluacion\validators\index.js
FN:14,(anonymous_0)
FN:87,(anonymous_1)
FN:99,(anonymous_2)
FN:117,(anonymous_3)
FN:135,(anonymous_4)
FN:150,(anonymous_5)
FN:151,(anonymous_6)
FN:165,(anonymous_7)
FN:191,(anonymous_8)
FN:241,(anonymous_9)
FN:276,(anonymous_10)
FN:297,(anonymous_11)
FN:309,(anonymous_12)
FN:310,(anonymous_13)
FN:320,(anonymous_14)
FNF:15
FNH:0
FNDA:0,(anonymous_0)
FNDA:0,(anonymous_1)
FNDA:0,(anonymous_2)
FNDA:0,(anonymous_3)
FNDA:0,(anonymous_4)
FNDA:0,(anonymous_5)
FNDA:0,(anonymous_6)
FNDA:0,(anonymous_7)
FNDA:0,(anonymous_8)
FNDA:0,(anonymous_9)
FNDA:0,(anonymous_10)
FNDA:0,(anonymous_11)
FNDA:0,(anonymous_12)
FNDA:0,(anonymous_13)
FNDA:0,(anonymous_14)
DA:15,0
DA:17,0
DA:18,0
DA:26,0
DA:27,0
DA:29,0
DA:31,0
DA:32,0
DA:34,0
DA:35,0
DA:37,0
DA:38,0
DA:40,0
DA:41,0
DA:44,0
DA:45,0
DA:47,0
DA:54,0
DA:62,0
DA:63,0
DA:64,0
DA:71,0
DA:88,0
DA:89,0
DA:96,0
DA:97,0
DA:99,0
DA:100,0
DA:103,0
DA:105,0
DA:106,0
DA:108,0
DA:111,0
DA:113,0
DA:117,0
DA:136,0
DA:137,0
DA:144,0
DA:147,0
DA:150,0
DA:151,0
DA:153,0
DA:154,0
DA:155,0
DA:165,0
DA:166,0
DA:167,0
DA:169,0
DA:192,0
DA:197,0
DA:199,0
DA:200,0
DA:201,0
DA:204,0
DA:205,0
DA:206,0
DA:209,0
DA:210,0
DA:211,0
DA:214,0
DA:221,0
DA:223,0
DA:242,0
DA:244,0
DA:245,0
DA:252,0
DA:253,0
DA:260,0
DA:277,0
DA:279,0
DA:298,0
DA:299,0
DA:307,0
DA:309,0
DA:310,0
DA:313,0
DA:314,0
DA:316,0
DA:320,0
DA:330,0
LF:80
LH:0
BRDA:17,0,0,0
BRDA:17,0,1,0
BRDA:26,1,0,0
BRDA:26,1,1,0
BRDA:26,2,0,0
BRDA:26,2,1,0
BRDA:29,3,0,0
BRDA:29,3,1,0
BRDA:29,3,2,0
BRDA:29,3,3,0
BRDA:29,3,4,0
BRDA:29,3,5,0
BRDA:29,3,6,0
BRDA:56,4,0,0
BRDA:56,4,1,0
BRDA:57,5,0,0
BRDA:57,5,1,0
BRDA:62,6,0,0
BRDA:62,6,1,0
BRDA:62,7,0,0
BRDA:62,7,1,0
BRDA:63,8,0,0
BRDA:63,8,1,0
BRDA:66,9,0,0
BRDA:66,9,1,0
BRDA:67,10,0,0
BRDA:67,10,1,0
BRDA:88,11,0,0
BRDA:88,11,1,0
BRDA:88,12,0,0
BRDA:88,12,1,0
BRDA:97,13,0,0
BRDA:97,13,1,0
BRDA:105,14,0,0
BRDA:105,14,1,0
BRDA:111,15,0,0
BRDA:111,15,1,0
BRDA:115,16,0,0
BRDA:115,16,1,0
BRDA:136,17,0,0
BRDA:136,17,1,0
BRDA:136,18,0,0
BRDA:136,18,1,0
BRDA:144,19,0,0
BRDA:144,19,1,0
BRDA:147,20,0,0
BRDA:147,20,1,0
BRDA:153,21,0,0
BRDA:153,21,1,0
BRDA:154,22,0,0
BRDA:154,22,1,0
BRDA:157,23,0,0
BRDA:157,23,1,0
BRDA:160,24,0,0
BRDA:160,24,1,0
BRDA:171,25,0,0
BRDA:171,25,1,0
BRDA:197,26,0,0
BRDA:197,26,1,0
BRDA:197,26,2,0
BRDA:197,26,3,0
BRDA:225,27,0,0
BRDA:225,27,1,0
BRDA:228,28,0,0
BRDA:228,28,1,0
BRDA:244,29,0,0
BRDA:244,29,1,0
BRDA:244,30,0,0
BRDA:244,30,1,0
BRDA:252,31,0,0
BRDA:252,31,1,0
BRDA:252,32,0,0
BRDA:252,32,1,0
BRDA:281,33,0,0
BRDA:281,33,1,0
BRDA:284,34,0,0
BRDA:284,34,1,0
BRDA:298,35,0,0
BRDA:298,35,1,0
BRDA:298,36,0,0
BRDA:298,36,1,0
BRDA:307,37,0,0
BRDA:307,37,1,0
BRDA:318,38,0,0
BRDA:318,38,1,0
BRF:85
BRH:0
end_of_record
TN:
SF:src\services\emailService.js
FN:11,(anonymous_0)
FN:26,(anonymous_1)
FN:56,(anonymous_2)
FN:161,(anonymous_3)
FNF:4
FNH:0
FNDA:0,(anonymous_0)
FNDA:0,(anonymous_1)
FNDA:0,(anonymous_2)
FNDA:0,(anonymous_3)
DA:6,0
DA:11,0
DA:12,0
DA:26,0
DA:27,0
DA:28,0
DA:30,0
DA:31,0
DA:33,0
DA:40,0
DA:42,0
DA:48,0
DA:49,0
DA:56,0
DA:57,0
DA:161,0
DA:162,0
DA:163,0
DA:164,0
DA:165,0
DA:167,0
DA:171,0
LF:22
LH:0
BRDA:13,0,0,0
BRDA:13,0,1,0
BRDA:14,1,0,0
BRDA:14,1,1,0
BRDA:30,2,0,0
BRDA:30,2,1,0
BRDA:127,3,0,0
BRDA:127,3,1,0
BRDA:150,4,0,0
BRDA:150,4,1,0
BRF:10
BRH:0
end_of_record
TN:
SF:src\shared\middleware\errorHandler.js
FN:9,(anonymous_0)
FN:19,(anonymous_1)
FNF:2
FNH:0
FNDA:0,(anonymous_0)
FNDA:0,(anonymous_1)
DA:9,0
DA:10,0
DA:11,0
DA:12,0
DA:19,0
DA:21,0
DA:24,0
DA:25,0
DA:28,0
DA:29,0
DA:31,0
DA:32,0
DA:33,0
DA:34,0
DA:38,0
DA:39,0
DA:40,0
DA:41,0
DA:45,0
DA:46,0
DA:47,0
DA:48,0
DA:51,0
DA:52,0
DA:53,0
DA:54,0
DA:57,0
DA:58,0
DA:59,0
DA:60,0
DA:63,0
DA:64,0
DA:65,0
DA:66,0
DA:69,0
DA:70,0
DA:71,0
DA:72,0
DA:75,0
DA:76,0
DA:77,0
DA:82,0
DA:83,0
DA:84,0
DA:88,0
DA:89,0
DA:90,0
DA:91,0
DA:95,0
DA:105,0
DA:106,0
DA:107,0
DA:115,0
DA:116,0
DA:117,0
DA:118,0
DA:119,0
DA:121,0
DA:122,0
DA:126,0
DA:129,0
LF:61
LH:0
BRDA:21,0,0,0
BRDA:21,0,1,0
BRDA:25,1,0,0
BRDA:25,1,1,0
BRDA:28,2,0,0
BRDA:28,2,1,0
BRDA:29,3,0,0
BRDA:29,3,1,0
BRDA:29,3,2,0
BRDA:29,3,3,0
BRDA:29,3,4,0
BRDA:29,3,5,0
BRDA:29,3,6,0
BRDA:29,3,7,0
BRDA:29,3,8,0
BRDA:29,3,9,0
BRDA:82,4,0,0
BRDA:82,4,1,0
BRDA:88,5,0,0
BRDA:88,5,1,0
BRDA:100,6,0,0
BRDA:100,6,1,0
BRDA:105,7,0,0
BRDA:105,7,1,0
BRDA:109,8,0,0
BRDA:109,8,1,0
BRDA:110,9,0,0
BRDA:110,9,1,0
BRDA:118,10,0,0
BRDA:118,10,1,0
BRDA:121,11,0,0
BRDA:121,11,1,0
BRDA:126,12,0,0
BRDA:126,12,1,0
BRF:34
BRH:0
end_of_record
TN:
SF:src\shared\repositories\emailTemplateRepository.js
FN:13,(anonymous_0)
FN:34,(anonymous_1)
FN:48,(anonymous_2)
FN:62,(anonymous_3)
FN:98,(anonymous_4)
FN:151,(anonymous_5)
FN:166,(anonymous_6)
FN:189,(anonymous_7)
FN:195,(anonymous_8)
FNF:9
FNH:0
FNDA:0,(anonymous_0)
FNDA:0,(anonymous_1)
FNDA:0,(anonymous_2)
FNDA:0,(anonymous_3)
FNDA:0,(anonymous_4)
FNDA:0,(anonymous_5)
FNDA:0,(anonymous_6)
FNDA:0,(anonymous_7)
FNDA:0,(anonymous_8)
DA:6,0
DA:13,0
DA:14,0
DA:15,0
DA:17,0
DA:18,0
DA:21,0
DA:23,0
DA:25,0
DA:34,0
DA:35,0
DA:36,0
DA:37,0
DA:39,0
DA:48,0
DA:49,0
DA:50,0
DA:51,0
DA:53,0
DA:62,0
DA:63,0
DA:64,0
DA:76,0
DA:86,0
DA:88,0
DA:98,0
DA:99,0
DA:100,0
DA:101,0
DA:103,0
DA:104,0
DA:105,0
DA:108,0
DA:109,0
DA:110,0
DA:113,0
DA:114,0
DA:115,0
DA:118,0
DA:119,0
DA:120,0
DA:123,0
DA:124,0
DA:125,0
DA:128,0
DA:129,0
DA:130,0
DA:133,0
DA:134,0
DA:137,0
DA:139,0
DA:140,0
DA:142,0
DA:151,0
DA:152,0
DA:153,0
DA:154,0
DA:156,0
DA:166,0
DA:167,0
DA:168,0
DA:169,0
DA:171,0
DA:172,0
DA:173,0
DA:176,0
DA:177,0
DA:179,0
DA:189,0
DA:190,0
DA:192,0
DA:195,0
DA:196,0
DA:197,0
DA:200,0
DA:203,0
LF:76
LH:0
BRDA:13,0,0,0
BRDA:17,1,0,0
BRDA:17,1,1,0
BRDA:81,2,0,0
BRDA:81,2,1,0
BRDA:82,3,0,0
BRDA:82,3,1,0
BRDA:83,4,0,0
BRDA:83,4,1,0
BRDA:103,5,0,0
BRDA:103,5,1,0
BRDA:108,6,0,0
BRDA:108,6,1,0
BRDA:113,7,0,0
BRDA:113,7,1,0
BRDA:118,8,0,0
BRDA:118,8,1,0
BRDA:120,9,0,0
BRDA:120,9,1,0
BRDA:123,10,0,0
BRDA:123,10,1,0
BRDA:128,11,0,0
BRDA:128,11,1,0
BRDA:133,12,0,0
BRDA:133,12,1,0
BRDA:166,13,0,0
BRDA:171,14,0,0
BRDA:171,14,1,0
BRDA:177,15,0,0
BRDA:177,15,1,0
BRDA:190,16,0,0
BRDA:190,16,1,0
BRDA:197,17,0,0
BRDA:197,17,1,0
BRF:34
BRH:0
end_of_record
TN:
SF:src\shared\services\emailService.js
FN:16,(anonymous_0)
FN:35,(anonymous_1)
FN:83,(anonymous_2)
FN:86,(anonymous_3)
FN:103,(anonymous_4)
FN:153,(anonymous_5)
FN:186,(anonymous_6)
FN:219,(anonymous_7)
FN:253,(anonymous_8)
FN:449,(anonymous_9)
FN:484,(anonymous_10)
FN:501,(anonymous_11)
FNF:12
FNH:0
FNDA:0,(anonymous_0)
FNDA:0,(anonymous_1)
FNDA:0,(anonymous_2)
FNDA:0,(anonymous_3)
FNDA:0,(anonymous_4)
FNDA:0,(anonymous_5)
FNDA:0,(anonymous_6)
FNDA:0,(anonymous_7)
FNDA:0,(anonymous_8)
FNDA:0,(anonymous_9)
FNDA:0,(anonymous_10)
FNDA:0,(anonymous_11)
DA:6,0
DA:7,0
DA:8,0
DA:9,0
DA:10,0
DA:16,0
DA:17,0
DA:27,0
DA:35,0
DA:36,0
DA:38,0
DA:40,0
DA:41,0
DA:49,0
DA:51,0
DA:52,0
DA:55,0
DA:63,0
DA:70,0
DA:73,0
DA:83,0
DA:84,0
DA:86,0
DA:87,0
DA:88,0
DA:91,0
DA:103,0
DA:104,0
DA:106,0
DA:107,0
DA:108,0
DA:117,0
DA:119,0
DA:128,0
DA:130,0
DA:132,0
DA:140,0
DA:141,0
DA:153,0
DA:154,0
DA:155,0
DA:157,0
DA:159,0
DA:169,0
DA:170,0
DA:172,0
DA:175,0
DA:176,0
DA:186,0
DA:187,0
DA:188,0
DA:190,0
DA:192,0
DA:202,0
DA:203,0
DA:205,0
DA:208,0
DA:209,0
DA:219,0
DA:220,0
DA:221,0
DA:223,0
DA:225,0
DA:235,0
DA:236,0
DA:238,0
DA:241,0
DA:242,0
DA:253,0
DA:254,0
DA:255,0
DA:258,0
DA:259,0
DA:264,0
DA:266,0
DA:267,0
DA:268,0
DA:270,0
DA:271,0
DA:272,0
DA:275,0
DA:276,0
DA:277,0
DA:280,0
DA:422,0
DA:431,0
DA:433,0
DA:436,0
DA:437,0
DA:449,0
DA:450,0
DA:451,0
DA:453,0
DA:455,0
DA:469,0
DA:470,0
DA:472,0
DA:475,0
DA:476,0
DA:484,0
DA:485,0
DA:493,0
DA:501,0
DA:502,0
DA:503,0
DA:504,0
DA:511,0
DA:514,0
DA:518,0
LF:109
LH:0
BRDA:18,0,0,0
BRDA:18,0,1,0
BRDA:19,1,0,0
BRDA:19,1,1,0
BRDA:40,2,0,0
BRDA:40,2,1,0
BRDA:51,3,0,0
BRDA:51,3,1,0
BRDA:64,4,0,0
BRDA:64,4,1,0
BRDA:88,5,0,0
BRDA:88,5,1,0
BRDA:103,6,0,0
BRDA:103,7,0,0
BRDA:106,8,0,0
BRDA:106,8,1,0
BRDA:106,9,0,0
BRDA:106,9,1,0
BRDA:120,10,0,0
BRDA:120,10,1,0
BRDA:124,11,0,0
BRDA:124,11,1,0
BRDA:160,12,0,0
BRDA:160,12,1,0
BRDA:162,13,0,0
BRDA:162,13,1,0
BRDA:165,14,0,0
BRDA:165,14,1,0
BRDA:166,15,0,0
BRDA:166,15,1,0
BRDA:193,16,0,0
BRDA:193,16,1,0
BRDA:194,17,0,0
BRDA:194,17,1,0
BRDA:195,18,0,0
BRDA:195,18,1,0
BRDA:196,19,0,0
BRDA:196,19,1,0
BRDA:197,20,0,0
BRDA:197,20,1,0
BRDA:199,21,0,0
BRDA:199,21,1,0
BRDA:226,22,0,0
BRDA:226,22,1,0
BRDA:227,23,0,0
BRDA:227,23,1,0
BRDA:228,24,0,0
BRDA:228,24,1,0
BRDA:229,25,0,0
BRDA:229,25,1,0
BRDA:230,26,0,0
BRDA:230,26,1,0
BRDA:232,27,0,0
BRDA:232,27,1,0
BRDA:264,28,0,0
BRDA:264,28,1,0
BRDA:264,28,2,0
BRDA:264,28,3,0
BRDA:392,29,0,0
BRDA:392,29,1,0
BRDA:393,30,0,0
BRDA:393,30,1,0
BRDA:394,31,0,0
BRDA:394,31,1,0
BRDA:395,32,0,0
BRDA:395,32,1,0
BRDA:424,33,0,0
BRDA:424,33,1,0
BRDA:431,34,0,0
BRDA:431,34,1,0
BRDA:456,35,0,0
BRDA:456,35,1,0
BRDA:457,36,0,0
BRDA:457,36,1,0
BRDA:486,37,0,0
BRDA:486,37,1,0
BRDA:487,38,0,0
BRDA:487,38,1,0
BRDA:488,39,0,0
BRDA:488,39,1,0
BRDA:489,40,0,0
BRDA:489,40,1,0
BRDA:490,41,0,0
BRDA:490,41,1,0
BRF:84
BRH:0
end_of_record
TN:
SF:src\shared\services\pdfService.js
FN:16,generarReporteCandidato
FN:17,(anonymous_1)
FN:32,(anonymous_2)
FN:33,(anonymous_3)
FN:121,(anonymous_4)
FN:192,(anonymous_5)
FN:239,guardarPDF
FN:249,(anonymous_7)
FN:250,(anonymous_8)
FN:262,agregarCampo
FN:273,formatearFecha
FN:288,formatearHora
FN:301,obtenerEtiquetaTipo
FNF:13
FNH:0
FNDA:0,generarReporteCandidato
FNDA:0,(anonymous_1)
FNDA:0,(anonymous_2)
FNDA:0,(anonymous_3)
FNDA:0,(anonymous_4)
FNDA:0,(anonymous_5)
FNDA:0,guardarPDF
FNDA:0,(anonymous_7)
FNDA:0,(anonymous_8)
FNDA:0,agregarCampo
FNDA:0,formatearFecha
FNDA:0,formatearHora
FNDA:0,obtenerEtiquetaTipo
DA:7,0
DA:8,0
DA:9,0
DA:17,0
DA:18,0
DA:20,0
DA:31,0
DA:32,0
DA:33,0
DA:34,0
DA:37,0
DA:41,0
DA:45,0
DA:46,0
DA:52,0
DA:55,0
DA:59,0
DA:60,0
DA:63,0
DA:64,0
DA:65,0
DA:66,0
DA:67,0
DA:69,0
DA:72,0
DA:76,0
DA:81,0
DA:83,0
DA:84,0
DA:85,0
DA:87,0
DA:88,0
DA:89,0
DA:92,0
DA:93,0
DA:94,0
DA:97,0
DA:101,0
DA:103,0
DA:106,0
DA:107,0
DA:108,0
DA:110,0
DA:114,0
DA:118,0
DA:120,0
DA:121,0
DA:123,0
DA:124,0
DA:128,0
DA:132,0
DA:135,0
DA:142,0
DA:147,0
DA:150,0
DA:151,0
DA:153,0
DA:160,0
DA:166,0
DA:172,0
DA:178,0
DA:179,0
DA:186,0
DA:187,0
DA:188,0
DA:192,0
DA:193,0
DA:197,0
DA:200,0
DA:206,0
DA:209,0
DA:215,0
DA:225,0
DA:228,0
DA:240,0
DA:243,0
DA:244,0
DA:247,0
DA:249,0
DA:250,0
DA:251,0
DA:252,0
DA:263,0
DA:274,0
DA:275,0
DA:276,0
DA:289,0
DA:290,0
DA:291,0
DA:302,0
DA:307,0
DA:310,0
LF:92
LH:0
BRDA:63,0,0,0
BRDA:63,0,1,0
BRDA:64,1,0,0
BRDA:64,1,1,0
BRDA:65,2,0,0
BRDA:65,2,1,0
BRDA:81,3,0,0
BRDA:81,3,1,0
BRDA:81,3,2,0
BRDA:81,3,3,0
BRDA:106,4,0,0
BRDA:106,4,1,0
BRDA:106,5,0,0
BRDA:106,5,1,0
BRDA:107,6,0,0
BRDA:107,6,1,0
BRDA:108,7,0,0
BRDA:108,7,1,0
BRDA:120,8,0,0
BRDA:120,8,1,0
BRDA:120,9,0,0
BRDA:120,9,1,0
BRDA:123,10,0,0
BRDA:123,10,1,0
BRDA:139,11,0,0
BRDA:139,11,1,0
BRDA:145,12,0,0
BRDA:145,12,1,0
BRDA:150,13,0,0
BRDA:150,13,1,0
BRDA:151,14,0,0
BRDA:151,14,1,0
BRDA:169,15,0,0
BRDA:169,15,1,0
BRDA:175,16,0,0
BRDA:175,16,1,0
BRDA:178,17,0,0
BRDA:178,17,1,0
BRDA:186,18,0,0
BRDA:186,18,1,0
BRDA:186,19,0,0
BRDA:186,19,1,0
BRDA:243,20,0,0
BRDA:243,20,1,0
BRDA:251,21,0,0
BRDA:251,21,1,0
BRDA:274,22,0,0
BRDA:274,22,1,0
BRDA:289,23,0,0
BRDA:289,23,1,0
BRDA:307,24,0,0
BRDA:307,24,1,0
BRF:52
BRH:0
end_of_record
TN:
SF:src\shared\utils\queryHelper.js
FN:15,(anonymous_0)
FN:66,(anonymous_1)
FN:83,(anonymous_2)
FN:99,(anonymous_3)
FN:116,(anonymous_4)
FN:133,(anonymous_5)
FN:148,(anonymous_6)
FNF:7
FNH:0
FNDA:0,(anonymous_0)
FNDA:0,(anonymous_1)
FNDA:0,(anonymous_2)
FNDA:0,(anonymous_3)
FNDA:0,(anonymous_4)
FNDA:0,(anonymous_5)
FNDA:0,(anonymous_6)
DA:6,0
DA:15,0
DA:16,0
DA:18,0
DA:20,0
DA:23,0
DA:26,0
DA:27,0
DA:28,0
DA:29,0
DA:34,0
DA:37,0
DA:38,0
DA:41,0
DA:44,0
DA:45,0
DA:46,0
DA:47,0
DA:49,0
DA:53,0
DA:54,0
DA:66,0
DA:67,0
DA:68,0
DA:69,0
DA:71,0
DA:72,0
DA:83,0
DA:84,0
DA:85,0
DA:87,0
DA:88,0
DA:99,0
DA:100,0
DA:101,0
DA:102,0
DA:104,0
DA:105,0
DA:116,0
DA:117,0
DA:118,0
DA:119,0
DA:121,0
DA:122,0
DA:133,0
DA:134,0
DA:135,0
DA:136,0
DA:138,0
DA:139,0
DA:148,0
DA:149,0
DA:150,0
DA:152,0
DA:154,0
DA:155,0
DA:158,0
DA:161,0
DA:162,0
DA:164,0
DA:168,0
DA:169,0
DA:170,0
DA:174,0
DA:178,0
LF:65
LH:0
BRDA:15,0,0,0
BRDA:15,1,0,0
BRDA:26,2,0,0
BRDA:26,2,1,0
BRDA:28,3,0,0
BRDA:28,3,1,0
BRDA:37,4,0,0
BRDA:37,4,1,0
BRDA:38,5,0,0
BRDA:38,5,1,0
BRDA:38,5,2,0
BRDA:46,6,0,0
BRDA:46,6,1,0
BRDA:53,7,0,0
BRDA:53,7,1,0
BRDA:66,8,0,0
BRDA:66,9,0,0
BRDA:69,10,0,0
BRDA:69,10,1,0
BRDA:83,11,0,0
BRDA:83,12,0,0
BRDA:99,13,0,0
BRDA:99,14,0,0
BRDA:116,15,0,0
BRDA:116,16,0,0
BRDA:133,17,0,0
BRDA:133,18,0,0
BRF:27
BRH:0
end_of_record
